#
# There is insufficient memory for the Java Runtime Environment to continue.
# Native memory allocation (mmap) failed to map 125829120 bytes for Failed to commit area from 0x00000000b0800000 to 0x00000000b8000000 of length 125829120.
# Possible reasons:
#   The system is out of physical RAM or swap space
#   The process is running with CompressedOops enabled, and the Java Heap may be blocking the growth of the native heap
# Possible solutions:
#   Reduce memory load on the system
#   Increase physical memory or swap space
#   Check if swap backing store is full
#   Decrease Java heap size (-Xmx/-Xms)
#   Decrease number of Java threads
#   Decrease Java thread stack sizes (-Xss)
#   Set larger code cache with -XX:ReservedCodeCacheSize=
#   JVM is running with Unscaled Compressed Oops mode in which the Java heap is
#     placed in the first 4GB address space. The Java Heap base address is the
#     maximum limit for the native heap growth. Please use -XX:HeapBaseMinAddress
#     to set the Java Heap base and to place the Java Heap above 4GB virtual address.
# This output file may be truncated or incomplete.
#
#  Out of Memory Error (src/hotspot/os/windows/os_windows.cpp:3627), pid=19576, tid=22524
#
# JRE version: OpenJDK Runtime Environment (11.0.15) (build 11.0.15+0-b2043.56-8887301)
# Java VM: OpenJDK 64-Bit Server VM (11.0.15+0-b2043.56-8887301, mixed mode, tiered, compressed oops, g1 gc, windows-amd64)
# No core dump will be written. Minidumps are not enabled by default on client versions of Windows
#

---------------  S U M M A R Y ------------

Command Line: --add-opens=java.base/java.util=ALL-UNNAMED --add-opens=java.base/java.lang=ALL-UNNAMED --add-opens=java.base/java.lang.invoke=ALL-UNNAMED --add-opens=java.prefs/java.util.prefs=ALL-UNNAMED --add-opens=java.base/java.nio.charset=ALL-UNNAMED --add-opens=java.base/java.net=ALL-UNNAMED --add-opens=java.base/java.util.concurrent.atomic=ALL-UNNAMED -Xmx1536m -Dfile.encoding=windows-1252 -Duser.country=US -Duser.language=en -Duser.variant org.gradle.launcher.daemon.bootstrap.GradleDaemon 7.6

Host: Intel(R) Core(TM) i5-10210U CPU @ 1.60GHz, 8 cores, 7G,  Windows 11 , 64 bit Build 22621 (10.0.22621.1194)
Time: Tue Feb 21 10:39:04 2023 Nepal Standard Time elapsed time: 28.920745 seconds (0d 0h 0m 28s)

---------------  T H R E A D  ---------------

Current thread (0x000002ded3b6e000):  VMThread "VM Thread" [stack: 0x000000e9cff00000,0x000000e9d0000000] [id=22524]

Stack: [0x000000e9cff00000,0x000000e9d0000000]
[error occurred during error reporting (printing stack bounds), id 0xc0000005, EXCEPTION_ACCESS_VIOLATION (0xc0000005) at pc=0x000002debe50112d]

Native frames: (J=compiled Java code, j=interpreted, Vv=VM code, C=native code)
V  [jvm.dll+0x64135a]
V  [jvm.dll+0x7d39f9]
V  [jvm.dll+0x7d51b9]
V  [jvm.dll+0x7d5805]
V  [jvm.dll+0x7d57bb]
V  [jvm.dll+0x640655]
V  [jvm.dll+0x640d68]
C  [ntdll.dll+0xa3eaf]
C  [ntdll.dll+0x1eae6]
C  [ntdll.dll+0xa2e9e]
C  0x000002debe50112d

VM_Operation (0x000000e9d59f9110): G1CollectForAllocation, mode: safepoint, requested by thread 0x000002ded7e28000


---------------  P R O C E S S  ---------------

Threads class SMR info:
_java_thread_list=0x000002dedd9fdf80, length=142, elements={
0x000002deba9e3000, 0x000002ded3b91800, 0x000002ded3b9a800, 0x000002ded3bad800,
0x000002ded3bb0000, 0x000002ded3bb2000, 0x000002ded450f800, 0x000002ded4512000,
0x000002ded4515000, 0x000002ded4679000, 0x000002ded70fa800, 0x000002ded4729000,
0x000002ded6363000, 0x000002ded4ab3000, 0x000002ded680b800, 0x000002ded56f2800,
0x000002ded69a3000, 0x000002ded6315800, 0x000002ded6ccd000, 0x000002ded5b48000,
0x000002ded4a3f000, 0x000002ded4a40800, 0x000002ded4a40000, 0x000002ded4a42000,
0x000002ded4a44800, 0x000002ded4a41800, 0x000002ded4a43000, 0x000002ded4a44000,
0x000002ded4a45800, 0x000002ded6fd0800, 0x000002ded6fd5800, 0x000002ded6fcf800,
0x000002ded6fd6000, 0x000002ded6fd8000, 0x000002ded6fd2000, 0x000002ded6fd9800,
0x000002ded6fdc000, 0x000002ded6fdd800, 0x000002ded6fde800, 0x000002ded6fdd000,
0x000002ded6fdb000, 0x000002ded6fd8800, 0x000002ded7747800, 0x000002ded7745000,
0x000002ded7746000, 0x000002ded7743800, 0x000002ded7744800, 0x000002ded7747000,
0x000002ded7748800, 0x000002ded7743000, 0x000002ded774a000, 0x000002ded774b000,
0x000002ded774c000, 0x000002ded774e000, 0x000002ded774f000, 0x000002ded774c800,
0x000002ded7749800, 0x000002ded774d800, 0x000002ded7750000, 0x000002ded7750800,
0x000002ded7751800, 0x000002ded7e1e000, 0x000002ded7e1a000, 0x000002ded7e1f000,
0x000002ded7e1b800, 0x000002ded7e1d800, 0x000002ded7e1b000, 0x000002ded7e1c800,
0x000002ded7e19000, 0x000002ded7e1f800, 0x000002ded7e24000, 0x000002ded7e24800,
0x000002ded7e21800, 0x000002ded7e26800, 0x000002ded7e25800, 0x000002ded7e22000,
0x000002ded7e23000, 0x000002ded7e20800, 0x000002ded7e27000, 0x000002ded7e28000,
0x000002ded5481000, 0x000002ded5481800, 0x000002ded5482800, 0x000002ded5483800,
0x000002ded5484000, 0x000002ded547f000, 0x000002ded5485000, 0x000002ded5486000,
0x000002ded5480000, 0x000002ded548a800, 0x000002ded548c800, 0x000002ded548a000,
0x000002ded5486800, 0x000002ded548d000, 0x000002ded5487800, 0x000002ded548e000,
0x000002ded5488000, 0x000002ded548b800, 0x000002ded5489000, 0x000002ded6a9b000,
0x000002ded6a98800, 0x000002ded6a9c000, 0x000002ded6a97000, 0x000002ded6a9d800,
0x000002ded6a99800, 0x000002ded6a98000, 0x000002ded6a9e800, 0x000002ded6a9d000,
0x000002ded6a9f800, 0x000002ded6aa0000, 0x000002ded6a9a800, 0x000002ded6aa6000,
0x000002ded6aa1000, 0x000002ded6aa1800, 0x000002ded6aa2800, 0x000002ded6aa3800,
0x000002ded6aa4000, 0x000002ded6aa5000, 0x000002ded6e7b800, 0x000002ded6e7c800,
0x000002ded6e77000, 0x000002ded6e7b000, 0x000002ded6e7d800, 0x000002ded9f2a800,
0x000002ded6e77800, 0x000002ded6e7e000, 0x000002ded6e7a000, 0x000002ded6e7f000,
0x000002ded6e79000, 0x000002ded6e83000, 0x000002ded6e80800, 0x000002ded6e85800,
0x000002ded6e82000, 0x000002ded6e7f800, 0x000002ded6e84800, 0x000002ded6e81800,
0x000002ded6e84000, 0x000002dedb622800, 0x000002dedb625000, 0x000002dedb624800,
0x000002dedb627000, 0x000002dedb53e000
}

Java Threads: ( => current thread )
  0x000002deba9e3000 JavaThread "main" [_thread_blocked, id=20640, stack(0x000000e9cf900000,0x000000e9cfa00000)]
  0x000002ded3b91800 JavaThread "Reference Handler" daemon [_thread_blocked, id=8596, stack(0x000000e9d0000000,0x000000e9d0100000)]
  0x000002ded3b9a800 JavaThread "Finalizer" daemon [_thread_blocked, id=18480, stack(0x000000e9d0100000,0x000000e9d0200000)]
  0x000002ded3bad800 JavaThread "Signal Dispatcher" daemon [_thread_blocked, id=17456, stack(0x000000e9d0200000,0x000000e9d0300000)]
  0x000002ded3bb0000 JavaThread "Attach Listener" daemon [_thread_blocked, id=22260, stack(0x000000e9d0300000,0x000000e9d0400000)]
  0x000002ded3bb2000 JavaThread "Service Thread" daemon [_thread_blocked, id=1396, stack(0x000000e9d0400000,0x000000e9d0500000)]
  0x000002ded450f800 JavaThread "C2 CompilerThread0" daemon [_thread_blocked, id=20988, stack(0x000000e9d0500000,0x000000e9d0600000)]
  0x000002ded4512000 JavaThread "C1 CompilerThread0" daemon [_thread_blocked, id=14828, stack(0x000000e9d0600000,0x000000e9d0700000)]
  0x000002ded4515000 JavaThread "Sweeper thread" daemon [_thread_blocked, id=21660, stack(0x000000e9d0700000,0x000000e9d0800000)]
  0x000002ded4679000 JavaThread "Common-Cleaner" daemon [_thread_blocked, id=18824, stack(0x000000e9d0800000,0x000000e9d0900000)]
  0x000002ded70fa800 JavaThread "Daemon health stats" [_thread_blocked, id=20492, stack(0x000000e9d0e00000,0x000000e9d0f00000)]
  0x000002ded4729000 JavaThread "Incoming local TCP Connector on port 58912" [_thread_in_native, id=18512, stack(0x000000e9d0a00000,0x000000e9d0b00000)]
  0x000002ded6363000 JavaThread "Daemon periodic checks" [_thread_blocked, id=16620, stack(0x000000e9d0b00000,0x000000e9d0c00000)]
  0x000002ded4ab3000 JavaThread "Daemon" [_thread_blocked, id=13328, stack(0x000000e9d0f00000,0x000000e9d1000000)]
  0x000002ded680b800 JavaThread "Handler for socket connection from /127.0.0.1:58912 to /127.0.0.1:58913" [_thread_in_native, id=8848, stack(0x000000e9d1000000,0x000000e9d1100000)]
  0x000002ded56f2800 JavaThread "Cancel handler" [_thread_blocked, id=2840, stack(0x000000e9d1100000,0x000000e9d1200000)]
  0x000002ded69a3000 JavaThread "Daemon worker" [_thread_blocked, id=21912, stack(0x000000e9d1200000,0x000000e9d1300000)]
  0x000002ded6315800 JavaThread "Asynchronous log dispatcher for DefaultDaemonConnection: socket connection from /127.0.0.1:58912 to /127.0.0.1:58913" [_thread_blocked, id=9688, stack(0x000000e9d1300000,0x000000e9d1400000)]
  0x000002ded6ccd000 JavaThread "Stdin handler" [_thread_blocked, id=12720, stack(0x000000e9d1400000,0x000000e9d1500000)]
  0x000002ded5b48000 JavaThread "Daemon client event forwarder" [_thread_blocked, id=17660, stack(0x000000e9d1500000,0x000000e9d1600000)]
  0x000002ded4a3f000 JavaThread "Cache worker for journal cache (C:\Gradle\caches\journal-1)" [_thread_blocked, id=20224, stack(0x000000e9d1b00000,0x000000e9d1c00000)]
  0x000002ded4a40800 JavaThread "File lock request listener" [_thread_in_native, id=22416, stack(0x000000e9d1c00000,0x000000e9d1d00000)]
  0x000002ded4a40000 JavaThread "Cache worker for file hash cache (C:\Gradle\caches\7.6\fileHashes)" [_thread_blocked, id=21356, stack(0x000000e9d1e00000,0x000000e9d1f00000)]
  0x000002ded4a42000 JavaThread "File watcher server" daemon [_thread_blocked, id=20416, stack(0x000000e9d2100000,0x000000e9d2200000)]
  0x000002ded4a44800 JavaThread "File watcher consumer" daemon [_thread_blocked, id=21648, stack(0x000000e9d2200000,0x000000e9d2300000)]
  0x000002ded4a41800 JavaThread "Cache worker for checksums cache (C:\Users\x42v9\OneDrive\Desktop\Android Projects\android\.gradle\7.6\checksums)" [_thread_blocked, id=19180, stack(0x000000e9d2300000,0x000000e9d2400000)]
  0x000002ded4a43000 JavaThread "Cache worker for cache directory md-rule (C:\Gradle\caches\7.6\md-rule)" [_thread_blocked, id=22476, stack(0x000000e9d2400000,0x000000e9d2500000)]
  0x000002ded4a44000 JavaThread "Cache worker for file content cache (C:\Gradle\caches\7.6\fileContent)" [_thread_blocked, id=4916, stack(0x000000e9d2500000,0x000000e9d2600000)]
  0x000002ded4a45800 JavaThread "Cache worker for file hash cache (C:\Users\x42v9\OneDrive\Desktop\Android Projects\android\.gradle\7.6\fileHashes)" [_thread_blocked, id=15044, stack(0x000000e9d2600000,0x000000e9d2700000)]
  0x000002ded6fd0800 JavaThread "Cache worker for cache directory md-supplier (C:\Gradle\caches\7.6\md-supplier)" [_thread_blocked, id=22140, stack(0x000000e9d2700000,0x000000e9d2800000)]
  0x000002ded6fd5800 JavaThread "Cache worker for execution history cache (C:\Gradle\caches\7.6\executionHistory)" [_thread_blocked, id=7104, stack(0x000000e9d2800000,0x000000e9d2900000)]
  0x000002ded6fcf800 JavaThread "jar transforms" [_thread_blocked, id=6400, stack(0x000000e9d2900000,0x000000e9d2a00000)]
  0x000002ded6fd6000 JavaThread "jar transforms Thread 2" [_thread_blocked, id=7312, stack(0x000000e9d2a00000,0x000000e9d2b00000)]
  0x000002ded6fd8000 JavaThread "jar transforms Thread 3" [_thread_blocked, id=17712, stack(0x000000e9d2b00000,0x000000e9d2c00000)]
  0x000002ded6fd2000 JavaThread "jar transforms Thread 4" [_thread_blocked, id=20660, stack(0x000000e9d2c00000,0x000000e9d2d00000)]
  0x000002ded6fd9800 JavaThread "Cache worker for dependencies-accessors (C:\Users\x42v9\OneDrive\Desktop\Android Projects\android\.gradle\7.6\dependencies-accessors)" [_thread_blocked, id=11860, stack(0x000000e9d2d00000,0x000000e9d2e00000)]
  0x000002ded6fdc000 JavaThread "jar transforms Thread 5" [_thread_blocked, id=19488, stack(0x000000e9d2e00000,0x000000e9d2f00000)]
  0x000002ded6fdd800 JavaThread "Cache worker for Build Output Cleanup Cache (C:\Users\x42v9\OneDrive\Desktop\Android Projects\android\.gradle\buildOutputCleanup)" [_thread_blocked, id=1656, stack(0x000000e9d2f00000,0x000000e9d3000000)]
  0x000002ded6fde800 JavaThread "Unconstrained build operations" [_thread_blocked, id=18644, stack(0x000000e9d3000000,0x000000e9d3100000)]
  0x000002ded6fdd000 JavaThread "Unconstrained build operations Thread 2" [_thread_blocked, id=7216, stack(0x000000e9d3100000,0x000000e9d3200000)]
  0x000002ded6fdb000 JavaThread "Unconstrained build operations Thread 3" [_thread_blocked, id=13164, stack(0x000000e9d3200000,0x000000e9d3300000)]
  0x000002ded6fd8800 JavaThread "Unconstrained build operations Thread 4" [_thread_blocked, id=20676, stack(0x000000e9d3300000,0x000000e9d3400000)]
  0x000002ded7747800 JavaThread "Unconstrained build operations Thread 5" [_thread_blocked, id=15924, stack(0x000000e9d3400000,0x000000e9d3500000)]
  0x000002ded7745000 JavaThread "Unconstrained build operations Thread 6" [_thread_blocked, id=13560, stack(0x000000e9d3500000,0x000000e9d3600000)]
  0x000002ded7746000 JavaThread "Unconstrained build operations Thread 7" [_thread_blocked, id=15396, stack(0x000000e9d3600000,0x000000e9d3700000)]
  0x000002ded7743800 JavaThread "Unconstrained build operations Thread 8" [_thread_blocked, id=7744, stack(0x000000e9d3700000,0x000000e9d3800000)]
  0x000002ded7744800 JavaThread "Unconstrained build operations Thread 9" [_thread_blocked, id=20464, stack(0x000000e9d3800000,0x000000e9d3900000)]
  0x000002ded7747000 JavaThread "Unconstrained build operations Thread 10" [_thread_blocked, id=9388, stack(0x000000e9d3900000,0x000000e9d3a00000)]
  0x000002ded7748800 JavaThread "Unconstrained build operations Thread 11" [_thread_blocked, id=3196, stack(0x000000e9d3a00000,0x000000e9d3b00000)]
  0x000002ded7743000 JavaThread "Unconstrained build operations Thread 12" [_thread_blocked, id=20052, stack(0x000000e9d3b00000,0x000000e9d3c00000)]
  0x000002ded774a000 JavaThread "Unconstrained build operations Thread 13" [_thread_blocked, id=11020, stack(0x000000e9d3c00000,0x000000e9d3d00000)]
  0x000002ded774b000 JavaThread "Unconstrained build operations Thread 14" [_thread_blocked, id=6128, stack(0x000000e9d3d00000,0x000000e9d3e00000)]
  0x000002ded774c000 JavaThread "Unconstrained build operations Thread 15" [_thread_blocked, id=21188, stack(0x000000e9d3e00000,0x000000e9d3f00000)]
  0x000002ded774e000 JavaThread "Unconstrained build operations Thread 16" [_thread_blocked, id=20384, stack(0x000000e9d3f00000,0x000000e9d4000000)]
  0x000002ded774f000 JavaThread "Unconstrained build operations Thread 17" [_thread_blocked, id=21800, stack(0x000000e9d4000000,0x000000e9d4100000)]
  0x000002ded774c800 JavaThread "Unconstrained build operations Thread 18" [_thread_blocked, id=1676, stack(0x000000e9d4100000,0x000000e9d4200000)]
  0x000002ded7749800 JavaThread "Unconstrained build operations Thread 19" [_thread_blocked, id=19676, stack(0x000000e9d4200000,0x000000e9d4300000)]
  0x000002ded774d800 JavaThread "Unconstrained build operations Thread 20" [_thread_blocked, id=16824, stack(0x000000e9d4300000,0x000000e9d4400000)]
  0x000002ded7750000 JavaThread "Unconstrained build operations Thread 21" [_thread_blocked, id=4056, stack(0x000000e9d4400000,0x000000e9d4500000)]
  0x000002ded7750800 JavaThread "Unconstrained build operations Thread 22" [_thread_blocked, id=2240, stack(0x000000e9d4500000,0x000000e9d4600000)]
  0x000002ded7751800 JavaThread "Unconstrained build operations Thread 23" [_thread_blocked, id=11504, stack(0x000000e9d4600000,0x000000e9d4700000)]
  0x000002ded7e1e000 JavaThread "Unconstrained build operations Thread 24" [_thread_blocked, id=9220, stack(0x000000e9d4700000,0x000000e9d4800000)]
  0x000002ded7e1a000 JavaThread "Unconstrained build operations Thread 25" [_thread_blocked, id=14956, stack(0x000000e9d4800000,0x000000e9d4900000)]
  0x000002ded7e1f000 JavaThread "Unconstrained build operations Thread 26" [_thread_blocked, id=16564, stack(0x000000e9d4900000,0x000000e9d4a00000)]
  0x000002ded7e1b800 JavaThread "Unconstrained build operations Thread 27" [_thread_blocked, id=21840, stack(0x000000e9d4a00000,0x000000e9d4b00000)]
  0x000002ded7e1d800 JavaThread "Unconstrained build operations Thread 28" [_thread_blocked, id=19228, stack(0x000000e9d4b00000,0x000000e9d4c00000)]
  0x000002ded7e1b000 JavaThread "Unconstrained build operations Thread 29" [_thread_blocked, id=21704, stack(0x000000e9d4c00000,0x000000e9d4d00000)]
  0x000002ded7e1c800 JavaThread "Unconstrained build operations Thread 30" [_thread_blocked, id=22448, stack(0x000000e9d4d00000,0x000000e9d4e00000)]
  0x000002ded7e19000 JavaThread "Unconstrained build operations Thread 31" [_thread_blocked, id=21456, stack(0x000000e9d4e00000,0x000000e9d4f00000)]
  0x000002ded7e1f800 JavaThread "Unconstrained build operations Thread 32" [_thread_blocked, id=2760, stack(0x000000e9d4f00000,0x000000e9d5000000)]
  0x000002ded7e24000 JavaThread "Unconstrained build operations Thread 33" [_thread_blocked, id=3640, stack(0x000000e9d5000000,0x000000e9d5100000)]
  0x000002ded7e24800 JavaThread "Unconstrained build operations Thread 34" [_thread_blocked, id=2468, stack(0x000000e9d5100000,0x000000e9d5200000)]
  0x000002ded7e21800 JavaThread "Unconstrained build operations Thread 35" [_thread_blocked, id=20992, stack(0x000000e9d5200000,0x000000e9d5300000)]
  0x000002ded7e26800 JavaThread "Unconstrained build operations Thread 36" [_thread_blocked, id=2184, stack(0x000000e9d5300000,0x000000e9d5400000)]
  0x000002ded7e25800 JavaThread "Unconstrained build operations Thread 37" [_thread_blocked, id=7580, stack(0x000000e9d5400000,0x000000e9d5500000)]
  0x000002ded7e22000 JavaThread "Unconstrained build operations Thread 38" [_thread_blocked, id=8096, stack(0x000000e9d5500000,0x000000e9d5600000)]
  0x000002ded7e23000 JavaThread "Unconstrained build operations Thread 39" [_thread_blocked, id=21620, stack(0x000000e9d5600000,0x000000e9d5700000)]
  0x000002ded7e20800 JavaThread "Unconstrained build operations Thread 40" [_thread_blocked, id=20832, stack(0x000000e9d5700000,0x000000e9d5800000)]
  0x000002ded7e27000 JavaThread "Unconstrained build operations Thread 41" [_thread_blocked, id=6136, stack(0x000000e9d5800000,0x000000e9d5900000)]
  0x000002ded7e28000 JavaThread "Unconstrained build operations Thread 42" [_thread_blocked, id=3676, stack(0x000000e9d5900000,0x000000e9d5a00000)]
  0x000002ded5481000 JavaThread "Unconstrained build operations Thread 43" [_thread_blocked, id=16552, stack(0x000000e9d5a00000,0x000000e9d5b00000)]
  0x000002ded5481800 JavaThread "Unconstrained build operations Thread 44" [_thread_blocked, id=19028, stack(0x000000e9d5b00000,0x000000e9d5c00000)]
  0x000002ded5482800 JavaThread "Unconstrained build operations Thread 45" [_thread_blocked, id=2140, stack(0x000000e9d5c00000,0x000000e9d5d00000)]
  0x000002ded5483800 JavaThread "Unconstrained build operations Thread 46" [_thread_blocked, id=18140, stack(0x000000e9d5d00000,0x000000e9d5e00000)]
  0x000002ded5484000 JavaThread "Unconstrained build operations Thread 47" [_thread_blocked, id=9060, stack(0x000000e9d5e00000,0x000000e9d5f00000)]
  0x000002ded547f000 JavaThread "Unconstrained build operations Thread 48" [_thread_blocked, id=13572, stack(0x000000e9d5f00000,0x000000e9d6000000)]
  0x000002ded5485000 JavaThread "Unconstrained build operations Thread 49" [_thread_blocked, id=3140, stack(0x000000e9d6000000,0x000000e9d6100000)]
  0x000002ded5486000 JavaThread "Unconstrained build operations Thread 50" [_thread_blocked, id=9696, stack(0x000000e9d6100000,0x000000e9d6200000)]
  0x000002ded5480000 JavaThread "Unconstrained build operations Thread 51" [_thread_blocked, id=5376, stack(0x000000e9d6200000,0x000000e9d6300000)]
  0x000002ded548a800 JavaThread "Unconstrained build operations Thread 52" [_thread_blocked, id=21552, stack(0x000000e9d6300000,0x000000e9d6400000)]
  0x000002ded548c800 JavaThread "Unconstrained build operations Thread 53" [_thread_blocked, id=11192, stack(0x000000e9d6400000,0x000000e9d6500000)]
  0x000002ded548a000 JavaThread "Unconstrained build operations Thread 54" [_thread_blocked, id=936, stack(0x000000e9d6500000,0x000000e9d6600000)]
  0x000002ded5486800 JavaThread "Unconstrained build operations Thread 55" [_thread_blocked, id=14624, stack(0x000000e9d6600000,0x000000e9d6700000)]
  0x000002ded548d000 JavaThread "Unconstrained build operations Thread 56" [_thread_blocked, id=13224, stack(0x000000e9d6700000,0x000000e9d6800000)]
  0x000002ded5487800 JavaThread "Unconstrained build operations Thread 57" [_thread_blocked, id=2056, stack(0x000000e9d6800000,0x000000e9d6900000)]
  0x000002ded548e000 JavaThread "Unconstrained build operations Thread 58" [_thread_blocked, id=18908, stack(0x000000e9d6900000,0x000000e9d6a00000)]
  0x000002ded5488000 JavaThread "Unconstrained build operations Thread 59" [_thread_blocked, id=852, stack(0x000000e9d6a00000,0x000000e9d6b00000)]
  0x000002ded548b800 JavaThread "Unconstrained build operations Thread 60" [_thread_blocked, id=3248, stack(0x000000e9d6b00000,0x000000e9d6c00000)]
  0x000002ded5489000 JavaThread "Unconstrained build operations Thread 61" [_thread_blocked, id=15176, stack(0x000000e9d6c00000,0x000000e9d6d00000)]
  0x000002ded6a9b000 JavaThread "Unconstrained build operations Thread 62" [_thread_blocked, id=20784, stack(0x000000e9d6d00000,0x000000e9d6e00000)]
  0x000002ded6a98800 JavaThread "Unconstrained build operations Thread 63" [_thread_blocked, id=21372, stack(0x000000e9d6e00000,0x000000e9d6f00000)]
  0x000002ded6a9c000 JavaThread "Unconstrained build operations Thread 64" [_thread_blocked, id=20260, stack(0x000000e9d6f00000,0x000000e9d7000000)]
  0x000002ded6a97000 JavaThread "Unconstrained build operations Thread 65" [_thread_blocked, id=18696, stack(0x000000e9d7000000,0x000000e9d7100000)]
  0x000002ded6a9d800 JavaThread "Unconstrained build operations Thread 66" [_thread_blocked, id=19736, stack(0x000000e9d7100000,0x000000e9d7200000)]
  0x000002ded6a99800 JavaThread "Unconstrained build operations Thread 67" [_thread_blocked, id=3868, stack(0x000000e9d7200000,0x000000e9d7300000)]
  0x000002ded6a98000 JavaThread "Unconstrained build operations Thread 68" [_thread_blocked, id=8788, stack(0x000000e9d7300000,0x000000e9d7400000)]
  0x000002ded6a9e800 JavaThread "Unconstrained build operations Thread 69" [_thread_blocked, id=21324, stack(0x000000e9d7400000,0x000000e9d7500000)]
  0x000002ded6a9d000 JavaThread "Unconstrained build operations Thread 70" [_thread_blocked, id=15156, stack(0x000000e9d7500000,0x000000e9d7600000)]
  0x000002ded6a9f800 JavaThread "Unconstrained build operations Thread 71" [_thread_blocked, id=2496, stack(0x000000e9d7600000,0x000000e9d7700000)]
  0x000002ded6aa0000 JavaThread "Unconstrained build operations Thread 72" [_thread_blocked, id=14632, stack(0x000000e9d7700000,0x000000e9d7800000)]
  0x000002ded6a9a800 JavaThread "Unconstrained build operations Thread 73" [_thread_blocked, id=2912, stack(0x000000e9d7800000,0x000000e9d7900000)]
  0x000002ded6aa6000 JavaThread "Unconstrained build operations Thread 74" [_thread_blocked, id=9064, stack(0x000000e9d7900000,0x000000e9d7a00000)]
  0x000002ded6aa1000 JavaThread "Unconstrained build operations Thread 75" [_thread_blocked, id=22264, stack(0x000000e9d7a00000,0x000000e9d7b00000)]
  0x000002ded6aa1800 JavaThread "Unconstrained build operations Thread 76" [_thread_blocked, id=22464, stack(0x000000e9d7b00000,0x000000e9d7c00000)]
  0x000002ded6aa2800 JavaThread "Unconstrained build operations Thread 77" [_thread_blocked, id=8664, stack(0x000000e9d7c00000,0x000000e9d7d00000)]
  0x000002ded6aa3800 JavaThread "Unconstrained build operations Thread 78" [_thread_blocked, id=19084, stack(0x000000e9d7d00000,0x000000e9d7e00000)]
  0x000002ded6aa4000 JavaThread "Unconstrained build operations Thread 79" [_thread_blocked, id=20932, stack(0x000000e9d7e00000,0x000000e9d7f00000)]
  0x000002ded6aa5000 JavaThread "Unconstrained build operations Thread 80" [_thread_blocked, id=17848, stack(0x000000e9d7f00000,0x000000e9d8000000)]
  0x000002ded6e7b800 JavaThread "jar transforms Thread 6" [_thread_blocked, id=18000, stack(0x000000e9d8000000,0x000000e9d8100000)]
  0x000002ded6e7c800 JavaThread "jar transforms Thread 7" [_thread_blocked, id=21476, stack(0x000000e9d8100000,0x000000e9d8200000)]
  0x000002ded6e77000 JavaThread "jar transforms Thread 8" [_thread_blocked, id=16768, stack(0x000000e9d8200000,0x000000e9d8300000)]
  0x000002ded6e7b000 JavaThread "Memory manager" [_thread_blocked, id=22228, stack(0x000000e9d2000000,0x000000e9d2100000)]
  0x000002ded6e7d800 JavaThread "build event listener" [_thread_blocked, id=9128, stack(0x000000e9d8400000,0x000000e9d8500000)]
  0x000002ded9f2a800 JavaThread "C2 CompilerThread1" daemon [_thread_blocked, id=20780, stack(0x000000e9d1f00000,0x000000e9d2000000)]
  0x000002ded6e77800 JavaThread "build event listener" [_thread_blocked, id=18684, stack(0x000000e9d8500000,0x000000e9d8600000)]
  0x000002ded6e7e000 JavaThread "pool-3-thread-1" [_thread_blocked, id=16704, stack(0x000000e9d8600000,0x000000e9d8700000)]
  0x000002ded6e7a000 JavaThread "build event listener" [_thread_blocked, id=15372, stack(0x000000e9d8700000,0x000000e9d8800000)]
  0x000002ded6e7f000 JavaThread "included builds" [_thread_blocked, id=5792, stack(0x000000e9d8800000,0x000000e9d8900000)]
  0x000002ded6e79000 JavaThread "Execution worker" [_thread_blocked, id=5500, stack(0x000000e9d8900000,0x000000e9d8a00000)]
  0x000002ded6e83000 JavaThread "Execution worker Thread 2" [_thread_blocked, id=7192, stack(0x000000e9d8a00000,0x000000e9d8b00000)]
  0x000002ded6e80800 JavaThread "Execution worker Thread 3" [_thread_blocked, id=15968, stack(0x000000e9d8b00000,0x000000e9d8c00000)]
  0x000002ded6e85800 JavaThread "Execution worker Thread 4" [_thread_blocked, id=15300, stack(0x000000e9d8c00000,0x000000e9d8d00000)]
  0x000002ded6e82000 JavaThread "Execution worker Thread 5" [_thread_blocked, id=21968, stack(0x000000e9d8d00000,0x000000e9d8e00000)]
  0x000002ded6e7f800 JavaThread "Execution worker Thread 6" [_thread_blocked, id=15172, stack(0x000000e9d8e00000,0x000000e9d8f00000)]
  0x000002ded6e84800 JavaThread "Execution worker Thread 7" [_thread_blocked, id=18652, stack(0x000000e9d8f00000,0x000000e9d9000000)]
  0x000002ded6e81800 JavaThread "Cache worker for execution history cache (C:\Users\x42v9\OneDrive\Desktop\Android Projects\android\.gradle\7.6\executionHistory)" [_thread_blocked, id=14636, stack(0x000000e9d9000000,0x000000e9d9100000)]
  0x000002ded6e84000 JavaThread "WorkerExecutor Queue" [_thread_blocked, id=20292, stack(0x000000e9d9100000,0x000000e9d9200000)]
  0x000002dedb622800 JavaThread "WorkerExecutor Queue Thread 2" [_thread_blocked, id=4872, stack(0x000000e9d9200000,0x000000e9d9300000)]
  0x000002dedb625000 JavaThread "pool-4-thread-1" [_thread_blocked, id=18612, stack(0x000000e9d9300000,0x000000e9d9400000)]
  0x000002dedb624800 JavaThread "stderr" [_thread_in_native, id=18816, stack(0x000000e9d9400000,0x000000e9d9500000)]
  0x000002dedb627000 JavaThread "stdout" [_thread_in_native, id=4816, stack(0x000000e9d9500000,0x000000e9d9600000)]
  0x000002dedb53e000 JavaThread "C2 CompilerThread2" daemon [_thread_blocked, id=19244, stack(0x000000e9d8300000,0x000000e9d8400000)]

Other Threads:
=>0x000002ded3b6e000 VMThread "VM Thread" [stack: 0x000000e9cff00000,0x000000e9d0000000] [id=22524]
  0x000002ded468c800 WatcherThread [stack: 0x000000e9d0900000,0x000000e9d0a00000] [id=20468]
  0x000002deba9fd800 GCTaskThread "GC Thread#0" [stack: 0x000000e9cfa00000,0x000000e9cfb00000] [id=14300]
  0x000002ded5730800 GCTaskThread "GC Thread#1" [stack: 0x000000e9d0c00000,0x000000e9d0d00000] [id=8920]
  0x000002ded4e8f000 GCTaskThread "GC Thread#2" [stack: 0x000000e9d0d00000,0x000000e9d0e00000] [id=21852]
  0x000002ded725e800 GCTaskThread "GC Thread#3" [stack: 0x000000e9d1600000,0x000000e9d1700000] [id=5264]
  0x000002ded508e800 GCTaskThread "GC Thread#4" [stack: 0x000000e9d1700000,0x000000e9d1800000] [id=12408]
  0x000002ded63dd000 GCTaskThread "GC Thread#5" [stack: 0x000000e9d1800000,0x000000e9d1900000] [id=17796]
  0x000002ded4d53000 GCTaskThread "GC Thread#6" [stack: 0x000000e9d1900000,0x000000e9d1a00000] [id=14656]
  0x000002ded5e51000 GCTaskThread "GC Thread#7" [stack: 0x000000e9d1a00000,0x000000e9d1b00000] [id=22112]
  0x000002debaa24800 ConcurrentGCThread "G1 Main Marker" [stack: 0x000000e9cfb00000,0x000000e9cfc00000] [id=18476]
  0x000002debaa26800 ConcurrentGCThread "G1 Conc#0" [stack: 0x000000e9cfc00000,0x000000e9cfd00000] [id=20748]
  0x000002ded4b46000 ConcurrentGCThread "G1 Conc#1" [stack: 0x000000e9d1d00000,0x000000e9d1e00000] [id=21320]
  0x000002ded39e0800 ConcurrentGCThread "G1 Refine#0" [stack: 0x000000e9cfd00000,0x000000e9cfe00000] [id=16892]
  0x000002ded39e1800 ConcurrentGCThread "G1 Young RemSet Sampling" [stack: 0x000000e9cfe00000,0x000000e9cff00000] [id=1844]

Threads with active compile tasks:
C2 CompilerThread0    28949 13993       4       com.android.tools.r8.graph.n2::a (42 bytes)
C1 CompilerThread0    28949 14059 %     2       com.android.tools.r8.internal.mH0::a @ 3214 (4225 bytes)
C2 CompilerThread1    28949 13992       4       com.android.tools.r8.graph.n2::a (2441 bytes)
C2 CompilerThread2    28949 13967       4       jdk.internal.org.objectweb.asm.ClassWriter::toByteArray (1423 bytes)

VM state:at safepoint (normal execution)

VM Mutex/Monitor currently owned by a thread:  ([mutex/lock_event])
[0x000002deba9df2b0] Threads_lock - owner thread: 0x000002ded3b6e000
[0x000002deba9e0150] Heap_lock - owner thread: 0x000002ded7e28000

Heap address: 0x00000000a0000000, size: 1536 MB, Compressed Oops mode: 32-bit
Narrow klass base: 0x0000000000000000, Narrow klass shift: 3
Compressed class space size: 1073741824 Address: 0x0000000100000000

Heap:
 garbage-first heap   total 393216K, used 166593K [0x00000000a0000000, 0x0000000100000000)
  region size 1024K, 7 young (7168K), 7 survivors (7168K)
 Metaspace       used 111299K, capacity 114583K, committed 114608K, reserved 1148928K
  class space    used 14351K, capacity 15602K, committed 15616K, reserved 1048576K
Heap Regions: E=young(eden), S=young(survivor), O=old, HS=humongous(starts), HC=humongous(continues), CS=collection set, F=free, A=archive, TAMS=top-at-mark-start (previous, next)
|   0|0x00000000a0000000, 0x00000000a0100000, 0x00000000a0100000|100%|HS|  |TAMS 0x00000000a0100000, 0x00000000a0000000| Complete 
|   1|0x00000000a0100000, 0x00000000a0200000, 0x00000000a0200000|100%|HC|  |TAMS 0x00000000a0200000, 0x00000000a0100000| Complete 
|   2|0x00000000a0200000, 0x00000000a0300000, 0x00000000a0300000|100%|HC|  |TAMS 0x00000000a0300000, 0x00000000a0200000| Complete 
|   3|0x00000000a0300000, 0x00000000a0400000, 0x00000000a0400000|100%| O|  |TAMS 0x00000000a0400000, 0x00000000a0300000| Untracked 
|   4|0x00000000a0400000, 0x00000000a0500000, 0x00000000a0500000|100%| O|  |TAMS 0x00000000a0500000, 0x00000000a0400000| Untracked 
|   5|0x00000000a0500000, 0x00000000a0600000, 0x00000000a0600000|100%| O|  |TAMS 0x00000000a0600000, 0x00000000a0500000| Untracked 
|   6|0x00000000a0600000, 0x00000000a0700000, 0x00000000a0700000|100%| O|  |TAMS 0x00000000a0700000, 0x00000000a0600000| Untracked 
|   7|0x00000000a0700000, 0x00000000a0800000, 0x00000000a0800000|100%| O|  |TAMS 0x00000000a0800000, 0x00000000a0700000| Untracked 
|   8|0x00000000a0800000, 0x00000000a0900000, 0x00000000a0900000|100%| O|  |TAMS 0x00000000a0900000, 0x00000000a0800000| Untracked 
|   9|0x00000000a0900000, 0x00000000a0a00000, 0x00000000a0a00000|100%| O|  |TAMS 0x00000000a0a00000, 0x00000000a0900000| Untracked 
|  10|0x00000000a0a00000, 0x00000000a0b00000, 0x00000000a0b00000|100%| O|  |TAMS 0x00000000a0b00000, 0x00000000a0a00000| Untracked 
|  11|0x00000000a0b00000, 0x00000000a0c00000, 0x00000000a0c00000|100%| O|  |TAMS 0x00000000a0c00000, 0x00000000a0b00000| Untracked 
|  12|0x00000000a0c00000, 0x00000000a0d00000, 0x00000000a0d00000|100%| O|  |TAMS 0x00000000a0d00000, 0x00000000a0c00000| Untracked 
|  13|0x00000000a0d00000, 0x00000000a0e00000, 0x00000000a0e00000|100%| O|  |TAMS 0x00000000a0e00000, 0x00000000a0d00000| Untracked 
|  14|0x00000000a0e00000, 0x00000000a0f00000, 0x00000000a0f00000|100%| O|  |TAMS 0x00000000a0f00000, 0x00000000a0e00000| Untracked 
|  15|0x00000000a0f00000, 0x00000000a1000000, 0x00000000a1000000|100%| O|  |TAMS 0x00000000a1000000, 0x00000000a0f00000| Untracked 
|  16|0x00000000a1000000, 0x00000000a1100000, 0x00000000a1100000|100%| O|  |TAMS 0x00000000a1100000, 0x00000000a1000000| Untracked 
|  17|0x00000000a1100000, 0x00000000a1200000, 0x00000000a1200000|100%|HS|  |TAMS 0x00000000a1200000, 0x00000000a1100000| Complete 
|  18|0x00000000a1200000, 0x00000000a1300000, 0x00000000a1300000|100%| O|  |TAMS 0x00000000a1300000, 0x00000000a1200000| Untracked 
|  19|0x00000000a1300000, 0x00000000a1400000, 0x00000000a1400000|100%| O|  |TAMS 0x00000000a1400000, 0x00000000a1300000| Untracked 
|  20|0x00000000a1400000, 0x00000000a1500000, 0x00000000a1500000|100%| O|  |TAMS 0x00000000a1500000, 0x00000000a1400000| Untracked 
|  21|0x00000000a1500000, 0x00000000a1600000, 0x00000000a1600000|100%| O|  |TAMS 0x00000000a1600000, 0x00000000a1500000| Untracked 
|  22|0x00000000a1600000, 0x00000000a1700000, 0x00000000a1700000|100%| O|  |TAMS 0x00000000a1700000, 0x00000000a1600000| Untracked 
|  23|0x00000000a1700000, 0x00000000a1800000, 0x00000000a1800000|100%| O|  |TAMS 0x00000000a1800000, 0x00000000a1700000| Untracked 
|  24|0x00000000a1800000, 0x00000000a1900000, 0x00000000a1900000|100%| O|  |TAMS 0x00000000a1900000, 0x00000000a1800000| Untracked 
|  25|0x00000000a1900000, 0x00000000a1a00000, 0x00000000a1a00000|100%| O|  |TAMS 0x00000000a1a00000, 0x00000000a1900000| Untracked 
|  26|0x00000000a1a00000, 0x00000000a1b00000, 0x00000000a1b00000|100%| O|  |TAMS 0x00000000a1b00000, 0x00000000a1a00000| Untracked 
|  27|0x00000000a1b00000, 0x00000000a1c00000, 0x00000000a1c00000|100%| O|  |TAMS 0x00000000a1c00000, 0x00000000a1b00000| Untracked 
|  28|0x00000000a1c00000, 0x00000000a1d00000, 0x00000000a1d00000|100%| O|  |TAMS 0x00000000a1d00000, 0x00000000a1c00000| Untracked 
|  29|0x00000000a1d00000, 0x00000000a1e00000, 0x00000000a1e00000|100%|HS|  |TAMS 0x00000000a1e00000, 0x00000000a1d00000| Complete 
|  30|0x00000000a1e00000, 0x00000000a1f00000, 0x00000000a1f00000|100%|HS|  |TAMS 0x00000000a1f00000, 0x00000000a1e00000| Complete 
|  31|0x00000000a1f00000, 0x00000000a2000000, 0x00000000a2000000|100%|HS|  |TAMS 0x00000000a2000000, 0x00000000a1f00000| Complete 
|  32|0x00000000a2000000, 0x00000000a2100000, 0x00000000a2100000|100%|HS|  |TAMS 0x00000000a2100000, 0x00000000a2000000| Complete 
|  33|0x00000000a2100000, 0x00000000a2200000, 0x00000000a2200000|100%|HC|  |TAMS 0x00000000a2200000, 0x00000000a2100000| Complete 
|  34|0x00000000a2200000, 0x00000000a2300000, 0x00000000a2300000|100%|HC|  |TAMS 0x00000000a2300000, 0x00000000a2200000| Complete 
|  35|0x00000000a2300000, 0x00000000a2400000, 0x00000000a2400000|100%|HS|  |TAMS 0x00000000a2400000, 0x00000000a2300000| Complete 
|  36|0x00000000a2400000, 0x00000000a2500000, 0x00000000a2500000|100%|HC|  |TAMS 0x00000000a2500000, 0x00000000a2400000| Complete 
|  37|0x00000000a2500000, 0x00000000a2600000, 0x00000000a2600000|100%| O|  |TAMS 0x00000000a2600000, 0x00000000a2500000| Untracked 
|  38|0x00000000a2600000, 0x00000000a2700000, 0x00000000a2700000|100%| O|  |TAMS 0x00000000a2700000, 0x00000000a2600000| Untracked 
|  39|0x00000000a2700000, 0x00000000a2800000, 0x00000000a2800000|100%| O|  |TAMS 0x00000000a2800000, 0x00000000a2700000| Untracked 
|  40|0x00000000a2800000, 0x00000000a2900000, 0x00000000a2900000|100%| O|  |TAMS 0x00000000a2900000, 0x00000000a2800000| Untracked 
|  41|0x00000000a2900000, 0x00000000a2a00000, 0x00000000a2a00000|100%| O|  |TAMS 0x00000000a2a00000, 0x00000000a2900000| Untracked 
|  42|0x00000000a2a00000, 0x00000000a2b00000, 0x00000000a2b00000|100%| O|  |TAMS 0x00000000a2b00000, 0x00000000a2a00000| Untracked 
|  43|0x00000000a2b00000, 0x00000000a2c00000, 0x00000000a2c00000|100%| O|  |TAMS 0x00000000a2c00000, 0x00000000a2b00000| Untracked 
|  44|0x00000000a2c00000, 0x00000000a2d00000, 0x00000000a2d00000|100%| O|  |TAMS 0x00000000a2d00000, 0x00000000a2c00000| Untracked 
|  45|0x00000000a2d00000, 0x00000000a2e00000, 0x00000000a2e00000|100%| O|  |TAMS 0x00000000a2e00000, 0x00000000a2d00000| Untracked 
|  46|0x00000000a2e00000, 0x00000000a2f00000, 0x00000000a2f00000|100%| O|  |TAMS 0x00000000a2f00000, 0x00000000a2e00000| Untracked 
|  47|0x00000000a2f00000, 0x00000000a3000000, 0x00000000a3000000|100%| O|  |TAMS 0x00000000a3000000, 0x00000000a2f00000| Untracked 
|  48|0x00000000a3000000, 0x00000000a3100000, 0x00000000a3100000|100%| O|  |TAMS 0x00000000a3100000, 0x00000000a3000000| Untracked 
|  49|0x00000000a3100000, 0x00000000a3200000, 0x00000000a3200000|100%| O|  |TAMS 0x00000000a3200000, 0x00000000a3100000| Untracked 
|  50|0x00000000a3200000, 0x00000000a3300000, 0x00000000a3300000|100%| O|  |TAMS 0x00000000a3300000, 0x00000000a3200000| Untracked 
|  51|0x00000000a3300000, 0x00000000a3400000, 0x00000000a3400000|100%| O|  |TAMS 0x00000000a3400000, 0x00000000a3300000| Untracked 
|  52|0x00000000a3400000, 0x00000000a3500000, 0x00000000a3500000|100%| O|  |TAMS 0x00000000a3500000, 0x00000000a3400000| Untracked 
|  53|0x00000000a3500000, 0x00000000a3600000, 0x00000000a3600000|100%| O|  |TAMS 0x00000000a3600000, 0x00000000a3500000| Untracked 
|  54|0x00000000a3600000, 0x00000000a3700000, 0x00000000a3700000|100%| O|  |TAMS 0x00000000a3700000, 0x00000000a3600000| Untracked 
|  55|0x00000000a3700000, 0x00000000a3800000, 0x00000000a3800000|100%| O|  |TAMS 0x00000000a3800000, 0x00000000a3700000| Untracked 
|  56|0x00000000a3800000, 0x00000000a3900000, 0x00000000a3900000|100%| O|  |TAMS 0x00000000a3900000, 0x00000000a3800000| Untracked 
|  57|0x00000000a3900000, 0x00000000a3a00000, 0x00000000a3a00000|100%| O|  |TAMS 0x00000000a3a00000, 0x00000000a3900000| Untracked 
|  58|0x00000000a3a00000, 0x00000000a3b00000, 0x00000000a3b00000|100%| O|  |TAMS 0x00000000a3b00000, 0x00000000a3a00000| Untracked 
|  59|0x00000000a3b00000, 0x00000000a3c00000, 0x00000000a3c00000|100%| O|  |TAMS 0x00000000a3c00000, 0x00000000a3b00000| Untracked 
|  60|0x00000000a3c00000, 0x00000000a3d00000, 0x00000000a3d00000|100%| O|  |TAMS 0x00000000a3d00000, 0x00000000a3c00000| Untracked 
|  61|0x00000000a3d00000, 0x00000000a3e00000, 0x00000000a3e00000|100%| O|  |TAMS 0x00000000a3e00000, 0x00000000a3d00000| Untracked 
|  62|0x00000000a3e00000, 0x00000000a3f00000, 0x00000000a3f00000|100%| O|  |TAMS 0x00000000a3f00000, 0x00000000a3e00000| Untracked 
|  63|0x00000000a3f00000, 0x00000000a4000000, 0x00000000a4000000|100%| O|  |TAMS 0x00000000a4000000, 0x00000000a3f00000| Untracked 
|  64|0x00000000a4000000, 0x00000000a4100000, 0x00000000a4100000|100%| O|  |TAMS 0x00000000a4100000, 0x00000000a4000000| Untracked 
|  65|0x00000000a4100000, 0x00000000a4200000, 0x00000000a4200000|100%| O|  |TAMS 0x00000000a4200000, 0x00000000a4100000| Untracked 
|  66|0x00000000a4200000, 0x00000000a4300000, 0x00000000a4300000|100%| O|  |TAMS 0x00000000a4300000, 0x00000000a4200000| Untracked 
|  67|0x00000000a4300000, 0x00000000a4400000, 0x00000000a4400000|100%| O|  |TAMS 0x00000000a4400000, 0x00000000a4300000| Untracked 
|  68|0x00000000a4400000, 0x00000000a4500000, 0x00000000a4500000|100%| O|  |TAMS 0x00000000a4500000, 0x00000000a4400000| Untracked 
|  69|0x00000000a4500000, 0x00000000a4600000, 0x00000000a4600000|100%| O|  |TAMS 0x00000000a4600000, 0x00000000a4500000| Untracked 
|  70|0x00000000a4600000, 0x00000000a4700000, 0x00000000a4700000|100%| O|  |TAMS 0x00000000a4700000, 0x00000000a4600000| Untracked 
|  71|0x00000000a4700000, 0x00000000a4800000, 0x00000000a4800000|100%| O|  |TAMS 0x00000000a4800000, 0x00000000a4700000| Untracked 
|  72|0x00000000a4800000, 0x00000000a4900000, 0x00000000a4900000|100%| O|  |TAMS 0x00000000a4900000, 0x00000000a4800000| Untracked 
|  73|0x00000000a4900000, 0x00000000a4a00000, 0x00000000a4a00000|100%| O|  |TAMS 0x00000000a4a00000, 0x00000000a4900000| Untracked 
|  74|0x00000000a4a00000, 0x00000000a4b00000, 0x00000000a4b00000|100%| O|  |TAMS 0x00000000a4b00000, 0x00000000a4a00000| Untracked 
|  75|0x00000000a4b00000, 0x00000000a4c00000, 0x00000000a4c00000|100%| O|  |TAMS 0x00000000a4c00000, 0x00000000a4b00000| Untracked 
|  76|0x00000000a4c00000, 0x00000000a4d00000, 0x00000000a4d00000|100%| O|  |TAMS 0x00000000a4d00000, 0x00000000a4c00000| Untracked 
|  77|0x00000000a4d00000, 0x00000000a4e00000, 0x00000000a4e00000|100%| O|  |TAMS 0x00000000a4e00000, 0x00000000a4d00000| Untracked 
|  78|0x00000000a4e00000, 0x00000000a4f00000, 0x00000000a4f00000|100%| O|  |TAMS 0x00000000a4f00000, 0x00000000a4e00000| Untracked 
|  79|0x00000000a4f00000, 0x00000000a5000000, 0x00000000a5000000|100%| O|  |TAMS 0x00000000a5000000, 0x00000000a4f00000| Untracked 
|  80|0x00000000a5000000, 0x00000000a5100000, 0x00000000a5100000|100%| O|  |TAMS 0x00000000a5100000, 0x00000000a5000000| Untracked 
|  81|0x00000000a5100000, 0x00000000a5200000, 0x00000000a5200000|100%| O|  |TAMS 0x00000000a5200000, 0x00000000a5100000| Untracked 
|  82|0x00000000a5200000, 0x00000000a5300000, 0x00000000a5300000|100%| O|  |TAMS 0x00000000a5300000, 0x00000000a5200000| Untracked 
|  83|0x00000000a5300000, 0x00000000a5400000, 0x00000000a5400000|100%| O|  |TAMS 0x00000000a5400000, 0x00000000a5300000| Untracked 
|  84|0x00000000a5400000, 0x00000000a5500000, 0x00000000a5500000|100%| O|  |TAMS 0x00000000a5500000, 0x00000000a5400000| Untracked 
|  85|0x00000000a5500000, 0x00000000a5600000, 0x00000000a5600000|100%| O|  |TAMS 0x00000000a5600000, 0x00000000a5500000| Untracked 
|  86|0x00000000a5600000, 0x00000000a5700000, 0x00000000a5700000|100%| O|  |TAMS 0x00000000a5700000, 0x00000000a5600000| Untracked 
|  87|0x00000000a5700000, 0x00000000a5800000, 0x00000000a5800000|100%| O|  |TAMS 0x00000000a5800000, 0x00000000a5700000| Untracked 
|  88|0x00000000a5800000, 0x00000000a5900000, 0x00000000a5900000|100%| O|  |TAMS 0x00000000a5900000, 0x00000000a5800000| Untracked 
|  89|0x00000000a5900000, 0x00000000a5a00000, 0x00000000a5a00000|100%| O|  |TAMS 0x00000000a5a00000, 0x00000000a5900000| Untracked 
|  90|0x00000000a5a00000, 0x00000000a5b00000, 0x00000000a5b00000|100%| O|  |TAMS 0x00000000a5b00000, 0x00000000a5a00000| Untracked 
|  91|0x00000000a5b00000, 0x00000000a5c00000, 0x00000000a5c00000|100%| O|  |TAMS 0x00000000a5c00000, 0x00000000a5b00000| Untracked 
|  92|0x00000000a5c00000, 0x00000000a5d00000, 0x00000000a5d00000|100%| O|  |TAMS 0x00000000a5d00000, 0x00000000a5c00000| Untracked 
|  93|0x00000000a5d00000, 0x00000000a5e00000, 0x00000000a5e00000|100%| O|  |TAMS 0x00000000a5e00000, 0x00000000a5d00000| Untracked 
|  94|0x00000000a5e00000, 0x00000000a5f00000, 0x00000000a5f00000|100%| O|  |TAMS 0x00000000a5f00000, 0x00000000a5e00000| Untracked 
|  95|0x00000000a5f00000, 0x00000000a6000000, 0x00000000a6000000|100%| O|  |TAMS 0x00000000a6000000, 0x00000000a5f00000| Untracked 
|  96|0x00000000a6000000, 0x00000000a6100000, 0x00000000a6100000|100%| O|  |TAMS 0x00000000a6100000, 0x00000000a6000000| Untracked 
|  97|0x00000000a6100000, 0x00000000a6200000, 0x00000000a6200000|100%| O|  |TAMS 0x00000000a6200000, 0x00000000a6100000| Untracked 
|  98|0x00000000a6200000, 0x00000000a6300000, 0x00000000a6300000|100%|HS|  |TAMS 0x00000000a6300000, 0x00000000a6200000| Complete 
|  99|0x00000000a6300000, 0x00000000a6400000, 0x00000000a6400000|100%| O|  |TAMS 0x00000000a6400000, 0x00000000a6300000| Untracked 
| 100|0x00000000a6400000, 0x00000000a6500000, 0x00000000a6500000|100%| O|  |TAMS 0x00000000a6500000, 0x00000000a6400000| Untracked 
| 101|0x00000000a6500000, 0x00000000a6600000, 0x00000000a6600000|100%| O|  |TAMS 0x00000000a6600000, 0x00000000a6500000| Untracked 
| 102|0x00000000a6600000, 0x00000000a6700000, 0x00000000a6700000|100%| O|  |TAMS 0x00000000a6700000, 0x00000000a6600000| Untracked 
| 103|0x00000000a6700000, 0x00000000a6800000, 0x00000000a6800000|100%| O|  |TAMS 0x00000000a6800000, 0x00000000a6700000| Untracked 
| 104|0x00000000a6800000, 0x00000000a6900000, 0x00000000a6900000|100%| O|  |TAMS 0x00000000a6900000, 0x00000000a6800000| Untracked 
| 105|0x00000000a6900000, 0x00000000a6a00000, 0x00000000a6a00000|100%| O|  |TAMS 0x00000000a6a00000, 0x00000000a6900000| Untracked 
| 106|0x00000000a6a00000, 0x00000000a6b00000, 0x00000000a6b00000|100%| O|  |TAMS 0x00000000a6b00000, 0x00000000a6a00000| Untracked 
| 107|0x00000000a6b00000, 0x00000000a6c00000, 0x00000000a6c00000|100%| O|  |TAMS 0x00000000a6c00000, 0x00000000a6b00000| Untracked 
| 108|0x00000000a6c00000, 0x00000000a6d00000, 0x00000000a6d00000|100%| O|  |TAMS 0x00000000a6d00000, 0x00000000a6c00000| Untracked 
| 109|0x00000000a6d00000, 0x00000000a6e00000, 0x00000000a6e00000|100%| O|  |TAMS 0x00000000a6e00000, 0x00000000a6d00000| Untracked 
| 110|0x00000000a6e00000, 0x00000000a6f00000, 0x00000000a6f00000|100%| O|  |TAMS 0x00000000a6f00000, 0x00000000a6e00000| Untracked 
| 111|0x00000000a6f00000, 0x00000000a7000000, 0x00000000a7000000|100%| O|  |TAMS 0x00000000a7000000, 0x00000000a6f00000| Untracked 
| 112|0x00000000a7000000, 0x00000000a7100000, 0x00000000a7100000|100%| O|  |TAMS 0x00000000a7100000, 0x00000000a7000000| Untracked 
| 113|0x00000000a7100000, 0x00000000a7200000, 0x00000000a7200000|100%| O|  |TAMS 0x00000000a7200000, 0x00000000a7100000| Untracked 
| 114|0x00000000a7200000, 0x00000000a7300000, 0x00000000a7300000|100%| O|  |TAMS 0x00000000a7200000, 0x00000000a7200000| Untracked 
| 115|0x00000000a7300000, 0x00000000a7400000, 0x00000000a7400000|100%| O|  |TAMS 0x00000000a7300000, 0x00000000a7300000| Untracked 
| 116|0x00000000a7400000, 0x00000000a7500000, 0x00000000a7500000|100%| O|  |TAMS 0x00000000a7500000, 0x00000000a7400000| Untracked 
| 117|0x00000000a7500000, 0x00000000a7600000, 0x00000000a7600000|100%| O|  |TAMS 0x00000000a7600000, 0x00000000a7500000| Untracked 
| 118|0x00000000a7600000, 0x00000000a7700000, 0x00000000a7700000|100%| O|  |TAMS 0x00000000a7700000, 0x00000000a7600000| Untracked 
| 119|0x00000000a7700000, 0x00000000a7800000, 0x00000000a7800000|100%| O|  |TAMS 0x00000000a7800000, 0x00000000a7700000| Untracked 
| 120|0x00000000a7800000, 0x00000000a7900000, 0x00000000a7900000|100%| O|  |TAMS 0x00000000a7900000, 0x00000000a7800000| Untracked 
| 121|0x00000000a7900000, 0x00000000a7a00000, 0x00000000a7a00000|100%| O|  |TAMS 0x00000000a7a00000, 0x00000000a7900000| Untracked 
| 122|0x00000000a7a00000, 0x00000000a7b00000, 0x00000000a7b00000|100%| O|  |TAMS 0x00000000a7b00000, 0x00000000a7a00000| Untracked 
| 123|0x00000000a7b00000, 0x00000000a7c00000, 0x00000000a7c00000|100%| O|  |TAMS 0x00000000a7c00000, 0x00000000a7b00000| Untracked 
| 124|0x00000000a7c00000, 0x00000000a7d00000, 0x00000000a7d00000|100%| O|  |TAMS 0x00000000a7d00000, 0x00000000a7c00000| Untracked 
| 125|0x00000000a7d00000, 0x00000000a7e00000, 0x00000000a7e00000|100%| O|  |TAMS 0x00000000a7e00000, 0x00000000a7d00000| Untracked 
| 126|0x00000000a7e00000, 0x00000000a7f00000, 0x00000000a7f00000|100%| O|  |TAMS 0x00000000a7f00000, 0x00000000a7e00000| Untracked 
| 127|0x00000000a7f00000, 0x00000000a8000000, 0x00000000a8000000|100%| O|  |TAMS 0x00000000a8000000, 0x00000000a7f00000| Untracked 
| 128|0x00000000a8000000, 0x00000000a8100000, 0x00000000a8100000|100%| O|  |TAMS 0x00000000a8100000, 0x00000000a8000000| Untracked 
| 129|0x00000000a8100000, 0x00000000a8200000, 0x00000000a8200000|100%| O|  |TAMS 0x00000000a8200000, 0x00000000a8100000| Untracked 
| 130|0x00000000a8200000, 0x00000000a8300000, 0x00000000a8300000|100%| O|  |TAMS 0x00000000a8300000, 0x00000000a8200000| Untracked 
| 131|0x00000000a8300000, 0x00000000a8400000, 0x00000000a8400000|100%| O|  |TAMS 0x00000000a8400000, 0x00000000a8300000| Untracked 
| 132|0x00000000a8400000, 0x00000000a8500000, 0x00000000a8500000|100%| O|  |TAMS 0x00000000a8500000, 0x00000000a8400000| Untracked 
| 133|0x00000000a8500000, 0x00000000a8600000, 0x00000000a8600000|100%| O|  |TAMS 0x00000000a8600000, 0x00000000a8500000| Untracked 
| 134|0x00000000a8600000, 0x00000000a8700000, 0x00000000a8700000|100%| O|  |TAMS 0x00000000a86e9600, 0x00000000a8600000| Untracked 
| 135|0x00000000a8700000, 0x00000000a8800000, 0x00000000a8800000|100%| O|  |TAMS 0x00000000a8700000, 0x00000000a8700000| Untracked 
| 136|0x00000000a8800000, 0x00000000a8900000, 0x00000000a8900000|100%| O|  |TAMS 0x00000000a8800000, 0x00000000a8800000| Untracked 
| 137|0x00000000a8900000, 0x00000000a8a00000, 0x00000000a8a00000|100%| O|  |TAMS 0x00000000a8900000, 0x00000000a8900000| Untracked 
| 138|0x00000000a8a00000, 0x00000000a8b00000, 0x00000000a8b00000|100%| O|  |TAMS 0x00000000a8a00000, 0x00000000a8a00000| Untracked 
| 139|0x00000000a8b00000, 0x00000000a8c00000, 0x00000000a8c00000|100%| O|  |TAMS 0x00000000a8b00000, 0x00000000a8b00000| Untracked 
| 140|0x00000000a8c00000, 0x00000000a8d00000, 0x00000000a8d00000|100%| O|  |TAMS 0x00000000a8c00000, 0x00000000a8c00000| Untracked 
| 141|0x00000000a8d00000, 0x00000000a8e00000, 0x00000000a8e00000|100%| O|  |TAMS 0x00000000a8d00000, 0x00000000a8d00000| Untracked 
| 142|0x00000000a8e00000, 0x00000000a8f00000, 0x00000000a8f00000|100%| O|  |TAMS 0x00000000a8e00000, 0x00000000a8e00000| Untracked 
| 143|0x00000000a8f00000, 0x00000000a9000000, 0x00000000a9000000|100%| O|  |TAMS 0x00000000a8f00000, 0x00000000a8f00000| Untracked 
| 144|0x00000000a9000000, 0x00000000a9100000, 0x00000000a9100000|100%| O|  |TAMS 0x00000000a9000000, 0x00000000a9000000| Untracked 
| 145|0x00000000a9100000, 0x00000000a9200000, 0x00000000a9200000|100%| O|  |TAMS 0x00000000a9100000, 0x00000000a9100000| Untracked 
| 146|0x00000000a9200000, 0x00000000a9300000, 0x00000000a9300000|100%| O|  |TAMS 0x00000000a9200000, 0x00000000a9200000| Untracked 
| 147|0x00000000a9300000, 0x00000000a9400000, 0x00000000a9400000|100%| O|  |TAMS 0x00000000a9300000, 0x00000000a9300000| Untracked 
| 148|0x00000000a9400000, 0x00000000a9500000, 0x00000000a9500000|100%| O|  |TAMS 0x00000000a9400000, 0x00000000a9400000| Untracked 
| 149|0x00000000a9500000, 0x00000000a9600000, 0x00000000a9600000|100%| O|  |TAMS 0x00000000a9500000, 0x00000000a9500000| Untracked 
| 150|0x00000000a9600000, 0x00000000a9700000, 0x00000000a9700000|100%| O|  |TAMS 0x00000000a9600000, 0x00000000a9600000| Untracked 
| 151|0x00000000a9700000, 0x00000000a9800000, 0x00000000a9800000|100%| O|  |TAMS 0x00000000a9700000, 0x00000000a9700000| Untracked 
| 152|0x00000000a9800000, 0x00000000a9900000, 0x00000000a9900000|100%| O|  |TAMS 0x00000000a9800000, 0x00000000a9800000| Untracked 
| 153|0x00000000a9900000, 0x00000000a9a00000, 0x00000000a9a00000|100%| O|  |TAMS 0x00000000a9900000, 0x00000000a9900000| Untracked 
| 154|0x00000000a9a00000, 0x00000000a9b00000, 0x00000000a9b00000|100%| O|  |TAMS 0x00000000a9a00000, 0x00000000a9a00000| Untracked 
| 155|0x00000000a9b00000, 0x00000000a9bb0600, 0x00000000a9c00000| 68%| O|  |TAMS 0x00000000a9b00000, 0x00000000a9b00000| Untracked 
| 156|0x00000000a9c00000, 0x00000000a9c00000, 0x00000000a9d00000|  0%| F|  |TAMS 0x00000000a9c00000, 0x00000000a9c00000| Untracked 
| 157|0x00000000a9d00000, 0x00000000a9d00000, 0x00000000a9e00000|  0%| F|  |TAMS 0x00000000a9d00000, 0x00000000a9d00000| Untracked 
| 158|0x00000000a9e00000, 0x00000000a9e00000, 0x00000000a9f00000|  0%| F|  |TAMS 0x00000000a9e00000, 0x00000000a9e00000| Untracked 
| 159|0x00000000a9f00000, 0x00000000a9f00000, 0x00000000aa000000|  0%| F|  |TAMS 0x00000000a9f00000, 0x00000000a9f00000| Untracked 
| 160|0x00000000aa000000, 0x00000000aa000000, 0x00000000aa100000|  0%| F|  |TAMS 0x00000000aa000000, 0x00000000aa000000| Untracked 
| 161|0x00000000aa100000, 0x00000000aa100000, 0x00000000aa200000|  0%| F|  |TAMS 0x00000000aa100000, 0x00000000aa100000| Untracked 
| 162|0x00000000aa200000, 0x00000000aa200000, 0x00000000aa300000|  0%| F|  |TAMS 0x00000000aa200000, 0x00000000aa200000| Untracked 
| 163|0x00000000aa300000, 0x00000000aa300000, 0x00000000aa400000|  0%| F|  |TAMS 0x00000000aa300000, 0x00000000aa300000| Untracked 
| 164|0x00000000aa400000, 0x00000000aa400000, 0x00000000aa500000|  0%| F|  |TAMS 0x00000000aa400000, 0x00000000aa400000| Untracked 
| 165|0x00000000aa500000, 0x00000000aa500000, 0x00000000aa600000|  0%| F|  |TAMS 0x00000000aa500000, 0x00000000aa500000| Untracked 
| 166|0x00000000aa600000, 0x00000000aa600000, 0x00000000aa700000|  0%| F|  |TAMS 0x00000000aa600000, 0x00000000aa600000| Untracked 
| 167|0x00000000aa700000, 0x00000000aa700000, 0x00000000aa800000|  0%| F|  |TAMS 0x00000000aa700000, 0x00000000aa700000| Untracked 
| 168|0x00000000aa800000, 0x00000000aa800000, 0x00000000aa900000|  0%| F|  |TAMS 0x00000000aa800000, 0x00000000aa800000| Untracked 
| 169|0x00000000aa900000, 0x00000000aa900000, 0x00000000aaa00000|  0%| F|  |TAMS 0x00000000aa900000, 0x00000000aa900000| Untracked 
| 170|0x00000000aaa00000, 0x00000000aaa00000, 0x00000000aab00000|  0%| F|  |TAMS 0x00000000aaa00000, 0x00000000aaa00000| Untracked 
| 171|0x00000000aab00000, 0x00000000aab00000, 0x00000000aac00000|  0%| F|  |TAMS 0x00000000aab00000, 0x00000000aab00000| Untracked 
| 172|0x00000000aac00000, 0x00000000aac00000, 0x00000000aad00000|  0%| F|  |TAMS 0x00000000aac00000, 0x00000000aac00000| Untracked 
| 173|0x00000000aad00000, 0x00000000aad00000, 0x00000000aae00000|  0%| F|  |TAMS 0x00000000aad00000, 0x00000000aad00000| Untracked 
| 174|0x00000000aae00000, 0x00000000aae00000, 0x00000000aaf00000|  0%| F|  |TAMS 0x00000000aae00000, 0x00000000aae00000| Untracked 
| 175|0x00000000aaf00000, 0x00000000aaf00000, 0x00000000ab000000|  0%| F|  |TAMS 0x00000000aaf00000, 0x00000000aaf00000| Untracked 
| 176|0x00000000ab000000, 0x00000000ab000000, 0x00000000ab100000|  0%| F|  |TAMS 0x00000000ab000000, 0x00000000ab000000| Untracked 
| 177|0x00000000ab100000, 0x00000000ab100000, 0x00000000ab200000|  0%| F|  |TAMS 0x00000000ab100000, 0x00000000ab100000| Untracked 
| 178|0x00000000ab200000, 0x00000000ab200000, 0x00000000ab300000|  0%| F|  |TAMS 0x00000000ab200000, 0x00000000ab200000| Untracked 
| 179|0x00000000ab300000, 0x00000000ab300000, 0x00000000ab400000|  0%| F|  |TAMS 0x00000000ab300000, 0x00000000ab300000| Untracked 
| 180|0x00000000ab400000, 0x00000000ab400000, 0x00000000ab500000|  0%| F|  |TAMS 0x00000000ab400000, 0x00000000ab400000| Untracked 
| 181|0x00000000ab500000, 0x00000000ab500000, 0x00000000ab600000|  0%| F|  |TAMS 0x00000000ab500000, 0x00000000ab500000| Untracked 
| 182|0x00000000ab600000, 0x00000000ab600000, 0x00000000ab700000|  0%| F|  |TAMS 0x00000000ab600000, 0x00000000ab600000| Untracked 
| 183|0x00000000ab700000, 0x00000000ab700000, 0x00000000ab800000|  0%| F|  |TAMS 0x00000000ab700000, 0x00000000ab700000| Untracked 
| 184|0x00000000ab800000, 0x00000000ab800000, 0x00000000ab900000|  0%| F|  |TAMS 0x00000000ab800000, 0x00000000ab800000| Untracked 
| 185|0x00000000ab900000, 0x00000000ab900000, 0x00000000aba00000|  0%| F|  |TAMS 0x00000000ab900000, 0x00000000ab900000| Untracked 
| 186|0x00000000aba00000, 0x00000000aba00000, 0x00000000abb00000|  0%| F|  |TAMS 0x00000000aba00000, 0x00000000aba00000| Untracked 
| 187|0x00000000abb00000, 0x00000000abb00000, 0x00000000abc00000|  0%| F|  |TAMS 0x00000000abb00000, 0x00000000abb00000| Untracked 
| 188|0x00000000abc00000, 0x00000000abc00000, 0x00000000abd00000|  0%| F|  |TAMS 0x00000000abc00000, 0x00000000abc00000| Untracked 
| 189|0x00000000abd00000, 0x00000000abd00000, 0x00000000abe00000|  0%| F|  |TAMS 0x00000000abd00000, 0x00000000abd00000| Untracked 
| 190|0x00000000abe00000, 0x00000000abe00000, 0x00000000abf00000|  0%| F|  |TAMS 0x00000000abe00000, 0x00000000abe00000| Untracked 
| 191|0x00000000abf00000, 0x00000000abf00000, 0x00000000ac000000|  0%| F|  |TAMS 0x00000000abf00000, 0x00000000abf00000| Untracked 
| 192|0x00000000ac000000, 0x00000000ac000000, 0x00000000ac100000|  0%| F|  |TAMS 0x00000000ac000000, 0x00000000ac000000| Untracked 
| 193|0x00000000ac100000, 0x00000000ac100000, 0x00000000ac200000|  0%| F|  |TAMS 0x00000000ac100000, 0x00000000ac100000| Untracked 
| 194|0x00000000ac200000, 0x00000000ac200000, 0x00000000ac300000|  0%| F|  |TAMS 0x00000000ac200000, 0x00000000ac200000| Untracked 
| 195|0x00000000ac300000, 0x00000000ac300000, 0x00000000ac400000|  0%| F|  |TAMS 0x00000000ac300000, 0x00000000ac300000| Untracked 
| 196|0x00000000ac400000, 0x00000000ac400000, 0x00000000ac500000|  0%| F|  |TAMS 0x00000000ac400000, 0x00000000ac400000| Untracked 
| 197|0x00000000ac500000, 0x00000000ac500000, 0x00000000ac600000|  0%| F|  |TAMS 0x00000000ac500000, 0x00000000ac500000| Untracked 
| 198|0x00000000ac600000, 0x00000000ac600000, 0x00000000ac700000|  0%| F|  |TAMS 0x00000000ac600000, 0x00000000ac600000| Untracked 
| 199|0x00000000ac700000, 0x00000000ac700000, 0x00000000ac800000|  0%| F|  |TAMS 0x00000000ac700000, 0x00000000ac700000| Untracked 
| 200|0x00000000ac800000, 0x00000000ac800000, 0x00000000ac900000|  0%| F|  |TAMS 0x00000000ac800000, 0x00000000ac800000| Untracked 
| 201|0x00000000ac900000, 0x00000000ac900000, 0x00000000aca00000|  0%| F|  |TAMS 0x00000000ac900000, 0x00000000ac900000| Untracked 
| 202|0x00000000aca00000, 0x00000000aca00000, 0x00000000acb00000|  0%| F|  |TAMS 0x00000000aca00000, 0x00000000aca00000| Untracked 
| 203|0x00000000acb00000, 0x00000000acb00000, 0x00000000acc00000|  0%| F|  |TAMS 0x00000000acb00000, 0x00000000acb00000| Untracked 
| 204|0x00000000acc00000, 0x00000000acd00000, 0x00000000acd00000|100%| S|CS|TAMS 0x00000000acc00000, 0x00000000acc00000| Complete 
| 205|0x00000000acd00000, 0x00000000ace00000, 0x00000000ace00000|100%| S|CS|TAMS 0x00000000acd00000, 0x00000000acd00000| Complete 
| 206|0x00000000ace00000, 0x00000000acf00000, 0x00000000acf00000|100%| S|CS|TAMS 0x00000000ace00000, 0x00000000ace00000| Complete 
| 207|0x00000000acf00000, 0x00000000ad000000, 0x00000000ad000000|100%| S|CS|TAMS 0x00000000acf00000, 0x00000000acf00000| Complete 
| 208|0x00000000ad000000, 0x00000000ad100000, 0x00000000ad100000|100%| S|CS|TAMS 0x00000000ad000000, 0x00000000ad000000| Complete 
| 209|0x00000000ad100000, 0x00000000ad200000, 0x00000000ad200000|100%| S|CS|TAMS 0x00000000ad100000, 0x00000000ad100000| Complete 
| 210|0x00000000ad200000, 0x00000000ad300000, 0x00000000ad300000|100%| S|CS|TAMS 0x00000000ad200000, 0x00000000ad200000| Complete 
| 211|0x00000000ad300000, 0x00000000ad300000, 0x00000000ad400000|  0%| F|  |TAMS 0x00000000ad300000, 0x00000000ad300000| Untracked 
| 212|0x00000000ad400000, 0x00000000ad400000, 0x00000000ad500000|  0%| F|  |TAMS 0x00000000ad400000, 0x00000000ad400000| Untracked 
| 213|0x00000000ad500000, 0x00000000ad500000, 0x00000000ad600000|  0%| F|  |TAMS 0x00000000ad500000, 0x00000000ad500000| Untracked 
| 214|0x00000000ad600000, 0x00000000ad600000, 0x00000000ad700000|  0%| F|  |TAMS 0x00000000ad600000, 0x00000000ad600000| Untracked 
| 215|0x00000000ad700000, 0x00000000ad700000, 0x00000000ad800000|  0%| F|  |TAMS 0x00000000ad700000, 0x00000000ad700000| Untracked 
| 216|0x00000000ad800000, 0x00000000ad800000, 0x00000000ad900000|  0%| F|  |TAMS 0x00000000ad800000, 0x00000000ad800000| Untracked 
| 217|0x00000000ad900000, 0x00000000ad900000, 0x00000000ada00000|  0%| F|  |TAMS 0x00000000ad900000, 0x00000000ad900000| Untracked 
| 218|0x00000000ada00000, 0x00000000ada00000, 0x00000000adb00000|  0%| F|  |TAMS 0x00000000ada00000, 0x00000000ada00000| Untracked 
| 219|0x00000000adb00000, 0x00000000adb00000, 0x00000000adc00000|  0%| F|  |TAMS 0x00000000adb00000, 0x00000000adb00000| Untracked 
| 220|0x00000000adc00000, 0x00000000adc00000, 0x00000000add00000|  0%| F|  |TAMS 0x00000000adc00000, 0x00000000adc00000| Untracked 
| 221|0x00000000add00000, 0x00000000add00000, 0x00000000ade00000|  0%| F|  |TAMS 0x00000000add00000, 0x00000000add00000| Untracked 
| 222|0x00000000ade00000, 0x00000000ade00000, 0x00000000adf00000|  0%| F|  |TAMS 0x00000000ade00000, 0x00000000ade00000| Untracked 
| 223|0x00000000adf00000, 0x00000000adf00000, 0x00000000ae000000|  0%| F|  |TAMS 0x00000000adf00000, 0x00000000adf00000| Untracked 
| 224|0x00000000ae000000, 0x00000000ae000000, 0x00000000ae100000|  0%| F|  |TAMS 0x00000000ae000000, 0x00000000ae000000| Untracked 
| 225|0x00000000ae100000, 0x00000000ae100000, 0x00000000ae200000|  0%| F|  |TAMS 0x00000000ae100000, 0x00000000ae100000| Untracked 
| 226|0x00000000ae200000, 0x00000000ae200000, 0x00000000ae300000|  0%| F|  |TAMS 0x00000000ae200000, 0x00000000ae200000| Untracked 
| 227|0x00000000ae300000, 0x00000000ae300000, 0x00000000ae400000|  0%| F|  |TAMS 0x00000000ae300000, 0x00000000ae300000| Untracked 
| 228|0x00000000ae400000, 0x00000000ae400000, 0x00000000ae500000|  0%| F|  |TAMS 0x00000000ae400000, 0x00000000ae400000| Untracked 
| 229|0x00000000ae500000, 0x00000000ae500000, 0x00000000ae600000|  0%| F|  |TAMS 0x00000000ae500000, 0x00000000ae500000| Untracked 
| 230|0x00000000ae600000, 0x00000000ae600000, 0x00000000ae700000|  0%| F|  |TAMS 0x00000000ae600000, 0x00000000ae600000| Untracked 
| 231|0x00000000ae700000, 0x00000000ae700000, 0x00000000ae800000|  0%| F|  |TAMS 0x00000000ae700000, 0x00000000ae700000| Untracked 
| 232|0x00000000ae800000, 0x00000000ae800000, 0x00000000ae900000|  0%| F|  |TAMS 0x00000000ae800000, 0x00000000ae800000| Untracked 
| 233|0x00000000ae900000, 0x00000000ae900000, 0x00000000aea00000|  0%| F|  |TAMS 0x00000000ae900000, 0x00000000ae900000| Untracked 
| 234|0x00000000aea00000, 0x00000000aea00000, 0x00000000aeb00000|  0%| F|  |TAMS 0x00000000aea00000, 0x00000000aea00000| Untracked 
| 235|0x00000000aeb00000, 0x00000000aeb00000, 0x00000000aec00000|  0%| F|  |TAMS 0x00000000aeb00000, 0x00000000aeb00000| Untracked 
| 236|0x00000000aec00000, 0x00000000aec00000, 0x00000000aed00000|  0%| F|  |TAMS 0x00000000aec00000, 0x00000000aec00000| Untracked 
| 237|0x00000000aed00000, 0x00000000aed00000, 0x00000000aee00000|  0%| F|  |TAMS 0x00000000aed00000, 0x00000000aed00000| Untracked 
| 238|0x00000000aee00000, 0x00000000aee00000, 0x00000000aef00000|  0%| F|  |TAMS 0x00000000aee00000, 0x00000000aee00000| Untracked 
| 239|0x00000000aef00000, 0x00000000aef00000, 0x00000000af000000|  0%| F|  |TAMS 0x00000000aef00000, 0x00000000aef00000| Untracked 
| 240|0x00000000af000000, 0x00000000af000000, 0x00000000af100000|  0%| F|  |TAMS 0x00000000af000000, 0x00000000af000000| Untracked 
| 241|0x00000000af100000, 0x00000000af100000, 0x00000000af200000|  0%| F|  |TAMS 0x00000000af100000, 0x00000000af100000| Untracked 
| 242|0x00000000af200000, 0x00000000af200000, 0x00000000af300000|  0%| F|  |TAMS 0x00000000af200000, 0x00000000af200000| Untracked 
| 243|0x00000000af300000, 0x00000000af300000, 0x00000000af400000|  0%| F|  |TAMS 0x00000000af300000, 0x00000000af300000| Untracked 
| 244|0x00000000af400000, 0x00000000af400000, 0x00000000af500000|  0%| F|  |TAMS 0x00000000af400000, 0x00000000af400000| Untracked 
| 245|0x00000000af500000, 0x00000000af500000, 0x00000000af600000|  0%| F|  |TAMS 0x00000000af500000, 0x00000000af500000| Untracked 
| 246|0x00000000af600000, 0x00000000af600000, 0x00000000af700000|  0%| F|  |TAMS 0x00000000af600000, 0x00000000af600000| Untracked 
| 247|0x00000000af700000, 0x00000000af700000, 0x00000000af800000|  0%| F|  |TAMS 0x00000000af700000, 0x00000000af700000| Untracked 
| 248|0x00000000af800000, 0x00000000af800000, 0x00000000af900000|  0%| F|  |TAMS 0x00000000af800000, 0x00000000af800000| Untracked 
| 249|0x00000000af900000, 0x00000000af900000, 0x00000000afa00000|  0%| F|  |TAMS 0x00000000af900000, 0x00000000af900000| Untracked 
| 250|0x00000000afa00000, 0x00000000afa00000, 0x00000000afb00000|  0%| F|  |TAMS 0x00000000afa00000, 0x00000000afa00000| Untracked 
| 251|0x00000000afb00000, 0x00000000afb00000, 0x00000000afc00000|  0%| F|  |TAMS 0x00000000afb00000, 0x00000000afb00000| Untracked 
| 252|0x00000000afc00000, 0x00000000afc00000, 0x00000000afd00000|  0%| F|  |TAMS 0x00000000afc00000, 0x00000000afc00000| Untracked 
| 253|0x00000000afd00000, 0x00000000afd00000, 0x00000000afe00000|  0%| F|  |TAMS 0x00000000afd00000, 0x00000000afd00000| Untracked 
| 254|0x00000000afe00000, 0x00000000afe00000, 0x00000000aff00000|  0%| F|  |TAMS 0x00000000afe00000, 0x00000000afe00000| Untracked 
| 255|0x00000000aff00000, 0x00000000aff00000, 0x00000000b0000000|  0%| F|  |TAMS 0x00000000aff00000, 0x00000000aff00000| Untracked 
| 256|0x00000000b0000000, 0x00000000b0000000, 0x00000000b0100000|  0%| F|  |TAMS 0x00000000b0000000, 0x00000000b0000000| Untracked 
| 257|0x00000000b0100000, 0x00000000b0100000, 0x00000000b0200000|  0%| F|  |TAMS 0x00000000b0100000, 0x00000000b0100000| Untracked 
| 258|0x00000000b0200000, 0x00000000b0200000, 0x00000000b0300000|  0%| F|  |TAMS 0x00000000b0200000, 0x00000000b0200000| Untracked 
| 259|0x00000000b0300000, 0x00000000b0300000, 0x00000000b0400000|  0%| F|  |TAMS 0x00000000b0300000, 0x00000000b0300000| Untracked 
| 260|0x00000000b0400000, 0x00000000b0400000, 0x00000000b0500000|  0%| F|  |TAMS 0x00000000b0400000, 0x00000000b0400000| Untracked 
| 261|0x00000000b0500000, 0x00000000b0500000, 0x00000000b0600000|  0%| F|  |TAMS 0x00000000b0500000, 0x00000000b0500000| Untracked 
| 262|0x00000000b0600000, 0x00000000b0600000, 0x00000000b0700000|  0%| F|  |TAMS 0x00000000b0600000, 0x00000000b0600000| Untracked 
| 263|0x00000000b0700000, 0x00000000b0700000, 0x00000000b0800000|  0%| F|  |TAMS 0x00000000b0700000, 0x00000000b0700000| Untracked 

Card table byte_map: [0x000002decdb30000,0x000002decde30000] _byte_map_base: 0x000002decd630000

Marking Bits (Prev, Next): (CMBitMap*) 0x000002debaa1dd50, (CMBitMap*) 0x000002debaa1dd18
 Prev Bits: [0x000002decf930000, 0x000002ded1130000)
 Next Bits: [0x000002dece130000, 0x000002decf930000)

Polling page: 0x000002deba1b0000

Metaspace:

Usage:
  Non-class:     96.66 MB capacity,    94.68 MB ( 98%) used,     1.62 MB (  2%) free+waste,   370.25 KB ( <1%) overhead. 
      Class:     15.24 MB capacity,    14.02 MB ( 92%) used,     1.05 MB (  7%) free+waste,   178.62 KB (  1%) overhead. 
       Both:    111.90 MB capacity,   108.69 MB ( 97%) used,     2.67 MB (  2%) free+waste,   548.88 KB ( <1%) overhead. 

Virtual space:
  Non-class space:       98.00 MB reserved,      96.67 MB ( 99%) committed 
      Class space:        1.00 GB reserved,      15.25 MB (  1%) committed 
             Both:        1.10 GB reserved,     111.92 MB ( 10%) committed 

Chunk freelists:
   Non-Class:  11.00 KB
       Class:  14.00 KB
        Both:  25.00 KB

MaxMetaspaceSize: 17179869184.00 GB
CompressedClassSpaceSize: 1.00 GB
Initial GC threshold: 20.80 MB
Current GC threshold: 184.25 MB
CDS: off

CodeHeap 'non-profiled nmethods': size=120000Kb used=9190Kb max_used=9190Kb free=110809Kb
 bounds [0x000002dec5fd0000, 0x000002dec68d0000, 0x000002decd500000]
CodeHeap 'profiled nmethods': size=120000Kb used=30524Kb max_used=30524Kb free=89475Kb
 bounds [0x000002debeaa0000, 0x000002dec0870000, 0x000002dec5fd0000]
CodeHeap 'non-nmethods': size=5760Kb used=2427Kb max_used=2488Kb free=3332Kb
 bounds [0x000002debe500000, 0x000002debe780000, 0x000002debeaa0000]
 total_blobs=14836 nmethods=13883 adapters=864
 compilation: enabled
              stopped_count=0, restarted_count=0
 full_count=0

Compilation events (20 events):
Event: 28.839 Thread 0x000002ded9f2a800 14053       4       com.android.tools.r8.internal.t91::a (76 bytes)
Event: 28.842 Thread 0x000002ded4512000 14056       2       com.android.tools.r8.internal.AH0::a (14 bytes)
Event: 28.842 Thread 0x000002ded9f2a800 nmethod 14053 0x000002dec68b4e10 code [0x000002dec68b4fc0, 0x000002dec68b50f8]
Event: 28.842 Thread 0x000002ded4512000 nmethod 14056 0x000002dec086e290 code [0x000002dec086e440, 0x000002dec086e568]
Event: 28.842 Thread 0x000002ded9f2a800 14021       4       com.android.tools.r8.graph.n2::a (16 bytes)
Event: 28.846 Thread 0x000002ded4512000 14057       2       com.android.tools.r8.graph.k2::<init> (38 bytes)
Event: 28.846 Thread 0x000002ded4512000 nmethod 14057 0x000002dec086e610 code [0x000002dec086e7e0, 0x000002dec086eb48]
Event: 28.854 Thread 0x000002ded4512000 14058       2       com.android.tools.r8.internal.lD0::<init> (151 bytes)
Event: 28.854 Thread 0x000002ded4512000 nmethod 14058 0x000002dec086ec90 code [0x000002dec086ee40, 0x000002dec086efd8]
Event: 28.856 Thread 0x000002ded9f2a800 nmethod 14021 0x000002dec68b5290 code [0x000002dec68b5460, 0x000002dec68b5a88]
Event: 28.856 Thread 0x000002ded9f2a800 13986       4       com.android.tools.r8.internal.O31::a (84 bytes)
Event: 28.862 Thread 0x000002ded450f800 nmethod 13488 0x000002dec68b5e10 code [0x000002dec68b67c0, 0x000002dec68c0bf0]
Event: 28.863 Thread 0x000002ded450f800 14025       4       com.android.tools.r8.internal.Ce1::<init> (53 bytes)
Event: 28.863 Thread 0x000002ded4512000 14059 %     2       com.android.tools.r8.internal.mH0::a @ 3214 (4225 bytes)
Event: 28.867 Thread 0x000002ded9f2a800 nmethod 13986 0x000002dec68c7d10 code [0x000002dec68c7ec0, 0x000002dec68c8438]
Event: 28.867 Thread 0x000002ded9f2a800 13992       4       com.android.tools.r8.graph.n2::a (2441 bytes)
Event: 28.868 Thread 0x000002ded450f800 nmethod 14025 0x000002dec68c8610 code [0x000002dec68c87a0, 0x000002dec68c8a78]
Event: 28.868 Thread 0x000002ded450f800 14026       4       com.android.tools.r8.graph.n2::b (48 bytes)
Event: 28.890 Thread 0x000002ded450f800 nmethod 14026 0x000002dec68c8b10 code [0x000002dec68c8d00, 0x000002dec68c9668]
Event: 28.890 Thread 0x000002ded450f800 13993       4       com.android.tools.r8.graph.n2::a (42 bytes)

GC Heap History (20 events):
Event: 25.796 GC heap after
{Heap after GC invocations=50 (full 0):
 garbage-first heap   total 187392K, used 113446K [0x00000000a0000000, 0x0000000100000000)
  region size 1024K, 3 young (3072K), 3 survivors (3072K)
 Metaspace       used 100034K, capacity 102612K, committed 102704K, reserved 1138688K
  class space    used 12693K, capacity 13611K, committed 13696K, reserved 1048576K
}
Event: 26.184 GC heap before
{Heap before GC invocations=51 (full 0):
 garbage-first heap   total 187392K, used 145190K [0x00000000a0000000, 0x0000000100000000)
  region size 1024K, 35 young (35840K), 3 survivors (3072K)
 Metaspace       used 101139K, capacity 103703K, committed 103856K, reserved 1138688K
  class space    used 12840K, capacity 13739K, committed 13824K, reserved 1048576K
}
Event: 26.192 GC heap after
{Heap after GC invocations=52 (full 0):
 garbage-first heap   total 187392K, used 115316K [0x00000000a0000000, 0x0000000100000000)
  region size 1024K, 5 young (5120K), 5 survivors (5120K)
 Metaspace       used 101139K, capacity 103703K, committed 103856K, reserved 1138688K
  class space    used 12840K, capacity 13739K, committed 13824K, reserved 1048576K
}
Event: 26.221 GC heap before
{Heap before GC invocations=52 (full 0):
 garbage-first heap   total 187392K, used 118388K [0x00000000a0000000, 0x0000000100000000)
  region size 1024K, 9 young (9216K), 5 survivors (5120K)
 Metaspace       used 101262K, capacity 103863K, committed 104112K, reserved 1140736K
  class space    used 12854K, capacity 13771K, committed 13824K, reserved 1048576K
}
Event: 26.233 GC heap after
{Heap after GC invocations=53 (full 0):
 garbage-first heap   total 225280K, used 113538K [0x00000000a0000000, 0x0000000100000000)
  region size 1024K, 1 young (1024K), 1 survivors (1024K)
 Metaspace       used 101262K, capacity 103863K, committed 104112K, reserved 1140736K
  class space    used 12854K, capacity 13771K, committed 13824K, reserved 1048576K
}
Event: 26.743 GC heap before
{Heap before GC invocations=53 (full 0):
 garbage-first heap   total 225280K, used 160642K [0x00000000a0000000, 0x0000000100000000)
  region size 1024K, 48 young (49152K), 1 survivors (1024K)
 Metaspace       used 103305K, capacity 105984K, committed 106288K, reserved 1140736K
  class space    used 13115K, capacity 14092K, committed 14208K, reserved 1048576K
}
Event: 26.754 GC heap after
{Heap after GC invocations=54 (full 0):
 garbage-first heap   total 225280K, used 117356K [0x00000000a0000000, 0x0000000100000000)
  region size 1024K, 5 young (5120K), 5 survivors (5120K)
 Metaspace       used 103305K, capacity 105984K, committed 106288K, reserved 1140736K
  class space    used 13115K, capacity 14092K, committed 14208K, reserved 1048576K
}
Event: 26.953 GC heap before
{Heap before GC invocations=54 (full 0):
 garbage-first heap   total 225280K, used 167532K [0x00000000a0000000, 0x0000000100000000)
  region size 1024K, 54 young (55296K), 5 survivors (5120K)
 Metaspace       used 104234K, capacity 106912K, committed 107056K, reserved 1142784K
  class space    used 13242K, capacity 14208K, committed 14208K, reserved 1048576K
}
Event: 26.960 GC heap after
{Heap after GC invocations=55 (full 0):
 garbage-first heap   total 225280K, used 129144K [0x00000000a0000000, 0x0000000100000000)
  region size 1024K, 7 young (7168K), 7 survivors (7168K)
 Metaspace       used 104234K, capacity 106912K, committed 107056K, reserved 1142784K
  class space    used 13242K, capacity 14208K, committed 14208K, reserved 1048576K
}
Event: 27.638 GC heap before
{Heap before GC invocations=56 (full 0):
 garbage-first heap   total 225280K, used 172152K [0x00000000a0000000, 0x0000000100000000)
  region size 1024K, 50 young (51200K), 7 survivors (7168K)
 Metaspace       used 107824K, capacity 110709K, committed 110768K, reserved 1144832K
  class space    used 13747K, capacity 14791K, committed 14848K, reserved 1048576K
}
Event: 27.649 GC heap after
{Heap after GC invocations=57 (full 0):
 garbage-first heap   total 225280K, used 135293K [0x00000000a0000000, 0x0000000100000000)
  region size 1024K, 7 young (7168K), 7 survivors (7168K)
 Metaspace       used 107824K, capacity 110709K, committed 110768K, reserved 1144832K
  class space    used 13747K, capacity 14791K, committed 14848K, reserved 1048576K
}
Event: 27.673 GC heap before
{Heap before GC invocations=57 (full 0):
 garbage-first heap   total 225280K, used 139389K [0x00000000a0000000, 0x0000000100000000)
  region size 1024K, 11 young (11264K), 7 survivors (7168K)
 Metaspace       used 107900K, capacity 110779K, committed 111024K, reserved 1144832K
  class space    used 13758K, capacity 14793K, committed 14848K, reserved 1048576K
}
Event: 27.684 GC heap after
{Heap after GC invocations=58 (full 0):
 garbage-first heap   total 270336K, used 135355K [0x00000000a0000000, 0x0000000100000000)
  region size 1024K, 2 young (2048K), 2 survivors (2048K)
 Metaspace       used 107900K, capacity 110779K, committed 111024K, reserved 1144832K
  class space    used 13758K, capacity 14793K, committed 14848K, reserved 1048576K
}
Event: 28.059 GC heap before
{Heap before GC invocations=58 (full 0):
 garbage-first heap   total 270336K, used 197819K [0x00000000a0000000, 0x0000000100000000)
  region size 1024K, 63 young (64512K), 2 survivors (2048K)
 Metaspace       used 109415K, capacity 112402K, committed 112560K, reserved 1146880K
  class space    used 13981K, capacity 15078K, committed 15104K, reserved 1048576K
}
Event: 28.085 GC heap after
{Heap after GC invocations=59 (full 0):
 garbage-first heap   total 270336K, used 146341K [0x00000000a0000000, 0x0000000100000000)
  region size 1024K, 8 young (8192K), 8 survivors (8192K)
 Metaspace       used 109415K, capacity 112402K, committed 112560K, reserved 1146880K
  class space    used 13981K, capacity 15078K, committed 15104K, reserved 1048576K
}
Event: 28.607 GC heap before
{Heap before GC invocations=60 (full 0):
 garbage-first heap   total 270336K, used 204709K [0x00000000a0000000, 0x0000000100000000)
  region size 1024K, 65 young (66560K), 8 survivors (8192K)
 Metaspace       used 110281K, capacity 113249K, committed 113456K, reserved 1146880K
  class space    used 14078K, capacity 15159K, committed 15232K, reserved 1048576K
}
Event: 28.639 GC heap after
{Heap after GC invocations=61 (full 0):
 garbage-first heap   total 270336K, used 157322K [0x00000000a0000000, 0x0000000100000000)
  region size 1024K, 9 young (9216K), 9 survivors (9216K)
 Metaspace       used 110281K, capacity 113249K, committed 113456K, reserved 1146880K
  class space    used 14078K, capacity 15159K, committed 15232K, reserved 1048576K
}
Event: 28.744 GC heap before
{Heap before GC invocations=61 (full 0):
 garbage-first heap   total 270336K, used 160394K [0x00000000a0000000, 0x0000000100000000)
  region size 1024K, 13 young (13312K), 9 survivors (9216K)
 Metaspace       used 110886K, capacity 114101K, committed 114352K, reserved 1148928K
  class space    used 14266K, capacity 15510K, committed 15616K, reserved 1048576K
}
Event: 28.759 GC heap after
{Heap after GC invocations=62 (full 0):
 garbage-first heap   total 270336K, used 158133K [0x00000000a0000000, 0x0000000100000000)
  region size 1024K, 2 young (2048K), 2 survivors (2048K)
 Metaspace       used 110886K, capacity 114101K, committed 114352K, reserved 1148928K
  class space    used 14266K, capacity 15510K, committed 15616K, reserved 1048576K
}
Event: 28.903 GC heap before
{Heap before GC invocations=62 (full 0):
 garbage-first heap   total 270336K, used 210357K [0x00000000a0000000, 0x0000000100000000)
  region size 1024K, 53 young (54272K), 2 survivors (2048K)
 Metaspace       used 111299K, capacity 114583K, committed 114608K, reserved 1148928K
  class space    used 14351K, capacity 15602K, committed 15616K, reserved 1048576K
}

Deoptimization events (20 events):
Event: 28.801 Thread 0x000002ded7e26800 Uncommon trap: trap_request=0xffffff4d fr.pc=0x000002dec68a744c relative=0x0000000000000d8c
Event: 28.801 Thread 0x000002ded7e26800 Uncommon trap: reason=unstable_if action=reinterpret pc=0x000002dec68a744c method=com.android.tools.r8.internal.O31.a(Lcom/android/tools/r8/internal/R71;Z)V @ 31 c2
Event: 28.801 Thread 0x000002ded7e26800 DEOPT PACKING pc=0x000002dec68a744c sp=0x000000e9d53f90d0
Event: 28.801 Thread 0x000002ded7e26800 DEOPT UNPACKING pc=0x000002debe54a1af sp=0x000000e9d53f90c0 mode 2
Event: 28.862 Thread 0x000002ded6e7f000 Uncommon trap: trap_request=0xffffffde fr.pc=0x000002dec68bd464 relative=0x0000000000006ca4
Event: 28.862 Thread 0x000002ded6e7f000 Uncommon trap: reason=class_check action=maybe_recompile pc=0x000002dec68bd464 method=com.android.tools.r8.internal.mH0.a(Lcom/android/tools/r8/internal/AH0;[Lcom/android/tools/r8/internal/CA0;I)V @ 692 c2
Event: 28.862 Thread 0x000002ded6e7f000 DEOPT PACKING pc=0x000002dec68bd464 sp=0x000000e9d88f5410
Event: 28.862 Thread 0x000002ded6e7f000 DEOPT UNPACKING pc=0x000002debe54a1af sp=0x000000e9d88f5388 mode 2
Event: 28.862 Thread 0x000002ded7e28000 Uncommon trap: trap_request=0xffffffde fr.pc=0x000002dec68bd464 relative=0x0000000000006ca4
Event: 28.862 Thread 0x000002ded7e28000 Uncommon trap: reason=class_check action=maybe_recompile pc=0x000002dec68bd464 method=com.android.tools.r8.internal.mH0.a(Lcom/android/tools/r8/internal/AH0;[Lcom/android/tools/r8/internal/CA0;I)V @ 692 c2
Event: 28.862 Thread 0x000002ded7e28000 DEOPT PACKING pc=0x000002dec68bd464 sp=0x000000e9d59f99b0
Event: 28.862 Thread 0x000002ded7e28000 DEOPT UNPACKING pc=0x000002debe54a1af sp=0x000000e9d59f9928 mode 2
Event: 28.863 Thread 0x000002ded7e27000 Uncommon trap: trap_request=0xffffffde fr.pc=0x000002dec68bd464 relative=0x0000000000006ca4
Event: 28.863 Thread 0x000002ded7e27000 Uncommon trap: reason=class_check action=maybe_recompile pc=0x000002dec68bd464 method=com.android.tools.r8.internal.mH0.a(Lcom/android/tools/r8/internal/AH0;[Lcom/android/tools/r8/internal/CA0;I)V @ 692 c2
Event: 28.863 Thread 0x000002ded7e27000 DEOPT PACKING pc=0x000002dec68bd464 sp=0x000000e9d58f9ec0
Event: 28.863 Thread 0x000002ded7e27000 DEOPT UNPACKING pc=0x000002debe54a1af sp=0x000000e9d58f9e38 mode 2
Event: 28.863 Thread 0x000002ded7e28000 Uncommon trap: trap_request=0xffffffde fr.pc=0x000002dec68bd464 relative=0x0000000000006ca4
Event: 28.863 Thread 0x000002ded7e28000 Uncommon trap: reason=class_check action=maybe_recompile pc=0x000002dec68bd464 method=com.android.tools.r8.internal.mH0.a(Lcom/android/tools/r8/internal/AH0;[Lcom/android/tools/r8/internal/CA0;I)V @ 692 c2
Event: 28.863 Thread 0x000002ded7e28000 DEOPT PACKING pc=0x000002dec68bd464 sp=0x000000e9d59f99b0
Event: 28.863 Thread 0x000002ded7e28000 DEOPT UNPACKING pc=0x000002debe54a1af sp=0x000000e9d59f9928 mode 2

Classes redefined (0 events):
No events

Internal exceptions (20 events):
Event: 27.413 Thread 0x000002ded7e1b000 Exception <a 'java/lang/IncompatibleClassChangeError'{0x00000000ac0fd580}: Found class java.lang.Object, but interface was expected> (0x00000000ac0fd580) thrown at [src/hotspot/share/interpreter/linkResolver.cpp, line 839]
Event: 27.413 Thread 0x000002ded6e7f000 Exception <a 'java/lang/IncompatibleClassChangeError'{0x00000000abf6abb8}: Found class java.lang.Object, but interface was expected> (0x00000000abf6abb8) thrown at [src/hotspot/share/interpreter/linkResolver.cpp, line 839]
Event: 27.446 Thread 0x000002ded7743800 Exception <a 'java/lang/NoSuchMethodError'{0x00000000abfc9a90}: 'void java.lang.invoke.DirectMethodHandle$Holder.invokeStatic(java.lang.Object, java.lang.Object, int, java.lang.Object, java.lang.Object, java.lang.Object, java.lang.Object)'> (0x00000000abfc9a90) thrown at [src/hotspot/share/interpreter/linkResolver.cpp, line 773]
Event: 27.488 Thread 0x000002ded548d000 Exception <a 'java/lang/NoSuchMethodError'{0x00000000abb14338}: 'long java.lang.invoke.DirectMethodHandle$Holder.invokeStatic(java.lang.Object, long, java.lang.Object)'> (0x00000000abb14338) thrown at [src/hotspot/share/interpreter/linkResolver.cpp, line 773]
Event: 27.488 Thread 0x000002ded7743800 Exception <a 'java/lang/NoSuchMethodError'{0x00000000abc575d8}: 'long java.lang.invoke.DirectMethodHandle$Holder.invokeStatic(java.lang.Object, long, java.lang.Object)'> (0x00000000abc575d8) thrown at [src/hotspot/share/interpreter/linkResolver.cpp, line 773]
Event: 27.502 Thread 0x000002ded7e26800 Exception <a 'java/lang/NoSuchMethodError'{0x00000000abc1d2f0}: 'long java.lang.invoke.DirectMethodHandle$Holder.invokeStatic(java.lang.Object, long, java.lang.Object)'> (0x00000000abc1d2f0) thrown at [src/hotspot/share/interpreter/linkResolver.cpp, line 773]
Event: 27.538 Thread 0x000002ded6e84000 Exception <a 'java/lang/NoSuchMethodError'{0x00000000abbd5350}: 'int java.lang.invoke.DirectMethodHandle$Holder.invokeSpecialIFC(java.lang.Object, java.lang.Object, java.lang.Object)'> (0x00000000abbd5350) thrown at [src/hotspot/share/interpreter/linkResolver.cpp, line 773]
Event: 27.772 Thread 0x000002ded7e1b000 Exception <a 'java/lang/NoSuchMethodError'{0x00000000af9fdb90}: 'int java.lang.invoke.DirectMethodHandle$Holder.invokeVirtual(java.lang.Object, java.lang.Object, java.lang.Object, java.lang.Object)'> (0x00000000af9fdb90) thrown at [src/hotspot/share/interpreter/linkResolver.cpp, line 773]
Event: 27.772 Thread 0x000002ded7e27000 Exception <a 'java/lang/NoSuchMethodError'{0x00000000afe11ee8}: 'int java.lang.invoke.DirectMethodHandle$Holder.invokeVirtual(java.lang.Object, java.lang.Object, java.lang.Object, java.lang.Object)'> (0x00000000afe11ee8) thrown at [src/hotspot/share/interpreter/linkResolver.cpp, line 773]
Event: 27.772 Thread 0x000002ded7e26800 Exception <a 'java/lang/NoSuchMethodError'{0x00000000af9f5a50}: 'int java.lang.invoke.DirectMethodHandle$Holder.invokeVirtual(java.lang.Object, java.lang.Object, java.lang.Object, java.lang.Object)'> (0x00000000af9f5a50) thrown at [src/hotspot/share/interpreter/linkResolver.cpp, line 773]
Event: 27.772 Thread 0x000002ded548d000 Exception <a 'java/lang/NoSuchMethodError'{0x00000000afa31eb8}: 'int java.lang.invoke.DirectMethodHandle$Holder.invokeVirtual(java.lang.Object, java.lang.Object, java.lang.Object, java.lang.Object)'> (0x00000000afa31eb8) thrown at [src/hotspot/share/interpreter/linkResolver.cpp, line 773]
Event: 27.850 Thread 0x000002ded548d000 Exception <a 'java/lang/NoSuchMethodError'{0x00000000aefbae40}: 'void java.lang.invoke.DirectMethodHandle$Holder.invokeStatic(java.lang.Object, java.lang.Object, java.lang.Object, int)'> (0x00000000aefbae40) thrown at [src/hotspot/share/interpreter/linkResolver.cpp, line 773]
Event: 27.850 Thread 0x000002ded7e1b000 Exception <a 'java/lang/NoSuchMethodError'{0x00000000af2d3b98}: 'void java.lang.invoke.DirectMethodHandle$Holder.invokeStatic(java.lang.Object, java.lang.Object, java.lang.Object, int)'> (0x00000000af2d3b98) thrown at [src/hotspot/share/interpreter/linkResolver.cpp, line 773]
Event: 27.850 Thread 0x000002ded7e28000 Exception <a 'java/lang/NoSuchMethodError'{0x00000000af10b898}: 'void java.lang.invoke.DirectMethodHandle$Holder.invokeStatic(java.lang.Object, java.lang.Object, java.lang.Object, int)'> (0x00000000af10b898) thrown at [src/hotspot/share/interpreter/linkResolver.cpp, line 773]
Event: 27.850 Thread 0x000002ded7e27000 Exception <a 'java/lang/NoSuchMethodError'{0x00000000af14e800}: 'void java.lang.invoke.DirectMethodHandle$Holder.invokeStatic(java.lang.Object, java.lang.Object, java.lang.Object, int)'> (0x00000000af14e800) thrown at [src/hotspot/share/interpreter/linkResolver.cpp, line 773]
Event: 27.852 Thread 0x000002ded548d000 Exception <a 'java/lang/IncompatibleClassChangeError'{0x00000000aefc4d50}: Found class java.lang.Object, but interface was expected> (0x00000000aefc4d50) thrown at [src/hotspot/share/interpreter/linkResolver.cpp, line 839]
Event: 27.854 Thread 0x000002ded7e26800 Exception <a 'java/lang/NoSuchMethodError'{0x00000000aefb6e70}: 'void java.lang.invoke.DirectMethodHandle$Holder.invokeStatic(java.lang.Object, java.lang.Object, java.lang.Object, int)'> (0x00000000aefb6e70) thrown at [src/hotspot/share/interpreter/linkResolver.cpp, line 773]
Event: 28.598 Thread 0x000002ded7e28000 Exception <a 'java/lang/NoSuchMethodError'{0x00000000ad00b6a8}: 'java.lang.Object java.lang.invoke.DirectMethodHandle$Holder.invokeStatic(java.lang.Object, int, java.lang.Object, java.lang.Object)'> (0x00000000ad00b6a8) thrown at [src/hotspot/share/interpreter/linkResolver.cpp, line 773]
Event: 28.598 Thread 0x000002ded7e1b000 Exception <a 'java/lang/NoSuchMethodError'{0x00000000acf06c28}: 'java.lang.Object java.lang.invoke.DirectMethodHandle$Holder.invokeStatic(java.lang.Object, int, java.lang.Object, java.lang.Object)'> (0x00000000acf06c28) thrown at [src/hotspot/share/interpreter/linkResolver.cpp, line 773]
Event: 28.599 Thread 0x000002ded548d000 Exception <a 'java/lang/NoSuchMethodError'{0x00000000ad193f98}: 'java.lang.Object java.lang.invoke.DirectMethodHandle$Holder.invokeStatic(java.lang.Object, int, java.lang.Object, java.lang.Object)'> (0x00000000ad193f98) thrown at [src/hotspot/share/interpreter/linkResolver.cpp, line 773]

Events (20 events):
Event: 28.883 loading class com/android/tools/r8/internal/ws1 done
Event: 28.884 loading class com/android/tools/r8/internal/Rk1
Event: 28.884 loading class com/android/tools/r8/internal/Rk1 done
Event: 28.885 loading class com/android/tools/r8/internal/za1
Event: 28.885 loading class com/android/tools/r8/internal/za1 done
Event: 28.886 loading class com/android/tools/r8/internal/is1
Event: 28.886 loading class com/android/tools/r8/internal/is1 done
Event: 28.887 loading class com/android/tools/r8/internal/Xl1
Event: 28.887 loading class com/android/tools/r8/internal/Xl1 done
Event: 28.888 loading class com/android/tools/r8/internal/rU0
Event: 28.888 loading class com/android/tools/r8/internal/rU0 done
Event: 28.889 loading class com/android/tools/r8/internal/u1
Event: 28.889 loading class com/android/tools/r8/internal/u1 done
Event: 28.890 loading class com/android/tools/r8/internal/yT0
Event: 28.890 loading class com/android/tools/r8/internal/yT0 done
Event: 28.891 loading class com/android/tools/r8/internal/I1
Event: 28.891 loading class com/android/tools/r8/internal/I1 done
Event: 28.892 loading class com/android/tools/r8/internal/FM0
Event: 28.892 loading class com/android/tools/r8/internal/FM0 done
Event: 28.902 Executing VM operation: G1CollectForAllocation


Dynamic libraries:
0x00007ff730960000 - 0x00007ff73096a000 	C:\Program Files\Android\Android Studio\jbr\bin\java.exe
0x00007ff8bdcf0000 - 0x00007ff8bdf04000 	C:\WINDOWS\SYSTEM32\ntdll.dll
0x00007ff8bbf50000 - 0x00007ff8bc013000 	C:\WINDOWS\System32\KERNEL32.DLL
0x00007ff8bb2a0000 - 0x00007ff8bb63c000 	C:\WINDOWS\System32\KERNELBASE.dll
0x00007ff8bb940000 - 0x00007ff8bba51000 	C:\WINDOWS\System32\ucrtbase.dll
0x00007ff8a62d0000 - 0x00007ff8a62eb000 	C:\Program Files\Android\Android Studio\jbr\bin\VCRUNTIME140.dll
0x00007ff8acd60000 - 0x00007ff8acd77000 	C:\Program Files\Android\Android Studio\jbr\bin\jli.dll
0x00007ff8bd2c0000 - 0x00007ff8bd46d000 	C:\WINDOWS\System32\USER32.dll
0x00007ff8bb6b0000 - 0x00007ff8bb6d6000 	C:\WINDOWS\System32\win32u.dll
0x00007ff8a04b0000 - 0x00007ff8a073e000 	C:\WINDOWS\WinSxS\amd64_microsoft.windows.common-controls_6595b64144ccf1df_6.0.22621.608_none_a9444ca7c10bb01d\COMCTL32.dll
0x00007ff8bcd90000 - 0x00007ff8bce37000 	C:\WINDOWS\System32\msvcrt.dll
0x00007ff8bdc70000 - 0x00007ff8bdc99000 	C:\WINDOWS\System32\GDI32.dll
0x00007ff8bb820000 - 0x00007ff8bb932000 	C:\WINDOWS\System32\gdi32full.dll
0x00007ff8bba60000 - 0x00007ff8bbafa000 	C:\WINDOWS\System32\msvcp_win.dll
0x00007ff8bce40000 - 0x00007ff8bce72000 	C:\WINDOWS\System32\IMM32.DLL
0x00007ff87ed90000 - 0x00007ff87ee1d000 	C:\Program Files\Android\Android Studio\jbr\bin\msvcp140.dll
0x00007ff8a1610000 - 0x00007ff8a161c000 	C:\WINDOWS\SYSTEM32\VCRUNTIME140_1.dll
0x00007ff844240000 - 0x00007ff844dfc000 	C:\Program Files\Android\Android Studio\jbr\bin\server\jvm.dll
0x00007ff8bd640000 - 0x00007ff8bd6ee000 	C:\WINDOWS\System32\ADVAPI32.dll
0x00007ff8bbb00000 - 0x00007ff8bbba4000 	C:\WINDOWS\System32\sechost.dll
0x00007ff8bd520000 - 0x00007ff8bd635000 	C:\WINDOWS\System32\RPCRT4.dll
0x00007ff8bbbb0000 - 0x00007ff8bbbb8000 	C:\WINDOWS\System32\PSAPI.DLL
0x00007ff89f9f0000 - 0x00007ff89f9f9000 	C:\WINDOWS\SYSTEM32\WSOCK32.dll
0x00007ff8afd00000 - 0x00007ff8afd34000 	C:\WINDOWS\SYSTEM32\WINMM.dll
0x00007ff8ae5b0000 - 0x00007ff8ae5ba000 	C:\WINDOWS\SYSTEM32\VERSION.dll
0x00007ff8bce90000 - 0x00007ff8bcf01000 	C:\WINDOWS\System32\WS2_32.dll
0x00007ff8ba140000 - 0x00007ff8ba158000 	C:\WINDOWS\SYSTEM32\kernel.appcore.dll
0x00007ff8ad160000 - 0x00007ff8ad170000 	C:\Program Files\Android\Android Studio\jbr\bin\verify.dll
0x00007ff8b5a30000 - 0x00007ff8b5c5e000 	C:\WINDOWS\SYSTEM32\DBGHELP.DLL
0x00007ff8bc980000 - 0x00007ff8bcd0a000 	C:\WINDOWS\System32\combase.dll
0x00007ff8bbcc0000 - 0x00007ff8bbd97000 	C:\WINDOWS\System32\OLEAUT32.dll
0x00007ff8a1c10000 - 0x00007ff8a1c42000 	C:\WINDOWS\SYSTEM32\dbgcore.DLL
0x00007ff8bb6e0000 - 0x00007ff8bb75b000 	C:\WINDOWS\System32\bcryptPrimitives.dll
0x00007ff89f8f0000 - 0x00007ff89f918000 	C:\Program Files\Android\Android Studio\jbr\bin\java.dll
0x00007ff8a6380000 - 0x00007ff8a638a000 	C:\Program Files\Android\Android Studio\jbr\bin\jimage.dll
0x00007ff8a29e0000 - 0x00007ff8a29f8000 	C:\Program Files\Android\Android Studio\jbr\bin\zip.dll
0x00007ff8bc070000 - 0x00007ff8bc85f000 	C:\WINDOWS\System32\SHELL32.dll
0x00007ff8b90d0000 - 0x00007ff8b9998000 	C:\WINDOWS\SYSTEM32\windows.storage.dll
0x00007ff8b8f90000 - 0x00007ff8b90ce000 	C:\WINDOWS\SYSTEM32\wintypes.dll
0x00007ff8bd1c0000 - 0x00007ff8bd2b1000 	C:\WINDOWS\System32\SHCORE.dll
0x00007ff8bcf10000 - 0x00007ff8bcf6e000 	C:\WINDOWS\System32\shlwapi.dll
0x00007ff8bb060000 - 0x00007ff8bb081000 	C:\WINDOWS\SYSTEM32\profapi.dll
0x00007ff89f950000 - 0x00007ff89f969000 	C:\Program Files\Android\Android Studio\jbr\bin\net.dll
0x00007ff8b20c0000 - 0x00007ff8b21ef000 	C:\WINDOWS\SYSTEM32\WINHTTP.dll
0x00007ff8ba5a0000 - 0x00007ff8ba609000 	C:\WINDOWS\system32\mswsock.dll
0x00007ff89dac0000 - 0x00007ff89dad3000 	C:\Program Files\Android\Android Studio\jbr\bin\nio.dll
0x00007ff8ad1b0000 - 0x00007ff8ad1d7000 	C:\Gradle\native\68d5fa5c4cc2d200863cafc0d521ce42e7d3e7ee720ec0a83991735586a16f82\windows-amd64\native-platform.dll
0x00007ff861d40000 - 0x00007ff861e84000 	C:\Gradle\native\e376f236ea51e6404a007f0833ffe2c6e607c4080706a723a18a27aeea778392\windows-amd64\native-platform-file-events.dll
0x00007ff8a6370000 - 0x00007ff8a637a000 	C:\Program Files\Android\Android Studio\jbr\bin\management.dll
0x00007ff8a16f0000 - 0x00007ff8a16fb000 	C:\Program Files\Android\Android Studio\jbr\bin\management_ext.dll
0x00007ff8ba8c0000 - 0x00007ff8ba8db000 	C:\WINDOWS\SYSTEM32\CRYPTSP.dll
0x00007ff8ba0b0000 - 0x00007ff8ba0e5000 	C:\WINDOWS\system32\rsaenh.dll
0x00007ff8ba640000 - 0x00007ff8ba668000 	C:\WINDOWS\SYSTEM32\USERENV.dll
0x00007ff8baa50000 - 0x00007ff8baa78000 	C:\WINDOWS\SYSTEM32\bcrypt.dll
0x00007ff8ba8a0000 - 0x00007ff8ba8ac000 	C:\WINDOWS\SYSTEM32\CRYPTBASE.dll
0x00007ff8b9be0000 - 0x00007ff8b9c0d000 	C:\WINDOWS\SYSTEM32\IPHLPAPI.DLL
0x00007ff8bce80000 - 0x00007ff8bce89000 	C:\WINDOWS\System32\NSI.dll
0x00007ff8b09f0000 - 0x00007ff8b0a09000 	C:\WINDOWS\SYSTEM32\dhcpcsvc6.DLL
0x00007ff8affb0000 - 0x00007ff8affcf000 	C:\WINDOWS\SYSTEM32\dhcpcsvc.DLL
0x00007ff8b9c10000 - 0x00007ff8b9d03000 	C:\WINDOWS\SYSTEM32\DNSAPI.dll

dbghelp: loaded successfully - version: 4.0.5 - missing functions: none
symbol engine: initialized successfully - sym options: 0x614 - pdb path: .;C:\Program Files\Android\Android Studio\jbr\bin;C:\WINDOWS\SYSTEM32;C:\WINDOWS\WinSxS\amd64_microsoft.windows.common-controls_6595b64144ccf1df_6.0.22621.608_none_a9444ca7c10bb01d;C:\Program Files\Android\Android Studio\jbr\bin\server;C:\Gradle\native\68d5fa5c4cc2d200863cafc0d521ce42e7d3e7ee720ec0a83991735586a16f82\windows-amd64;C:\Gradle\native\e376f236ea51e6404a007f0833ffe2c6e607c4080706a723a18a27aeea778392\windows-amd64

VM Arguments:
jvm_args: --add-opens=java.base/java.util=ALL-UNNAMED --add-opens=java.base/java.lang=ALL-UNNAMED --add-opens=java.base/java.lang.invoke=ALL-UNNAMED --add-opens=java.prefs/java.util.prefs=ALL-UNNAMED --add-opens=java.base/java.nio.charset=ALL-UNNAMED --add-opens=java.base/java.net=ALL-UNNAMED --add-opens=java.base/java.util.concurrent.atomic=ALL-UNNAMED -Xmx1536m -Dfile.encoding=windows-1252 -Duser.country=US -Duser.language=en -Duser.variant 
java_command: org.gradle.launcher.daemon.bootstrap.GradleDaemon 7.6
java_class_path (initial): C:\Gradle\wrapper\dists\gradle-7.6-bin\9l9tetv7ltxvx3i8an4pb86ye\gradle-7.6\lib\gradle-launcher-7.6.jar
Launcher Type: SUN_STANDARD

[Global flags]
     intx CICompilerCount                          = 4                                         {product} {ergonomic}
     uint ConcGCThreads                            = 2                                         {product} {ergonomic}
     uint G1ConcRefinementThreads                  = 8                                         {product} {ergonomic}
   size_t G1HeapRegionSize                         = 1048576                                   {product} {ergonomic}
    uintx GCDrainStackTargetSize                   = 64                                        {product} {ergonomic}
   size_t InitialHeapSize                          = 132120576                                 {product} {ergonomic}
   size_t MarkStackSize                            = 4194304                                   {product} {ergonomic}
   size_t MaxHeapSize                              = 1610612736                                {product} {command line}
   size_t MaxNewSize                               = 965738496                                 {product} {ergonomic}
   size_t MinHeapDeltaBytes                        = 1048576                                   {product} {ergonomic}
    uintx NonNMethodCodeHeapSize                   = 5836300                                {pd product} {ergonomic}
    uintx NonProfiledCodeHeapSize                  = 122910970                              {pd product} {ergonomic}
    uintx ProfiledCodeHeapSize                     = 122910970                              {pd product} {ergonomic}
    uintx ReservedCodeCacheSize                    = 251658240                              {pd product} {ergonomic}
     bool SegmentedCodeCache                       = true                                      {product} {ergonomic}
     bool UseCompressedClassPointers               = true                                 {lp64_product} {ergonomic}
     bool UseCompressedOops                        = true                                 {lp64_product} {ergonomic}
     bool UseG1GC                                  = true                                      {product} {ergonomic}
     bool UseLargePagesIndividualAllocation        = false                                  {pd product} {ergonomic}

Logging:
Log output configuration:
 #0: stdout all=warning uptime,level,tags
 #1: stderr all=off uptime,level,tags

Environment Variables:
JAVA_HOME=C:\Program Files\Java\jdk-11.0.17
PATH=C:\Program Files\Microsoft\jdk-17.0.6.10-hotspot\bin;C:\Users\x42v9\OracleDB19c\bin;C:\Users\x42v9\OracleDB_19c\bin;C:\Users\x42v9\OneDrive\Desktop\OracleDB_19c\bin;C:\Users\x42v9\OneDrive\Desktop\WINDOWS.X64_193000_db_home\bin;C:\Program Files\Microsoft MPI\Bin\;C:\Program Files\Common Files\Oracle\Java\javapath;C:\Program Files (x86)\Common Files\Oracle\Java\javapath;C:\WINDOWS\system32;C:\WINDOWS;C:\WINDOWS\System32\Wbem;C:\WINDOWS\System32\WindowsPowerShell\v1.0\;C:\WINDOWS\System32\OpenSSH\;C:\ProgramData\chocolatey\bin;C:\Program Files\Microsoft SQL Server\150\Tools\Binn\;C:\Program Files\Microsoft SQL Server\Client SDK\ODBC\170\Tools\Binn\;C:\Go\bin;C:\Program Files\dotnet\;c:\Program Files (x86)\Microsoft SQL Server\100\Tools\Binn\;c:\Program Files (x86)\Microsoft SQL Server\100\DTS\Binn\;c:\Program Files (x86)\Microsoft SQL Server\100\Tools\Binn\VSShell\Common7\IDE\;C:\Program Files (x86)\Microsoft SQL Server\150\Tools\Binn\;C:\Program Files\Microsoft SQL Server\150\DTS\Binn\;C:\Program Files\nodejs\;C:\WINDOWS\system32;C:\WINDOWS;C:\WINDOWS\System32\Wbem;C:\WINDOWS\System32\WindowsPowerShell\v1.0\;C:\WINDOWS\System32\OpenSSH\;C:\Program Files\Git\cmd;C:\Gradle\gradle-7.6\bin;C:\Users\x42v9\.android\avd;C:\android-sdk\platform-tools;C:\Program Files\emacs-28.2\bin;C:\Program Files\MySQL\MySQL Server 8.0\bin;C:\tools\neovim\nvim-win64\bin;C:\Users\x42v9\SQLite\bin;C:\Program Files\Cloudflare\Cloudflare WARP\;C:\Users\x42v9\AppData\Local\Programs\Python\Python310;C:\Users\x42v9\AppData\Local\Programs\Python\Python310\Scripts;C:\Program Files\pdfjam\bin\pdflatex.exe;C:\Program Files\Azure Data Studio\bin;C:\Program Files\Docker\Docker\resources\bin;C:\android-sdk\cmdline-tools\latest\bin;C:\android-sdk\emulator\bin64;C:\android-sdk\tools\bin;C:\Program Files\Java\jdk-11.0.17\bin;C:\Program Files\MySQL\MySQL Shell 8.0\bin\;C:\Users\x42v9\.cargo\bin;C:\Users\x42v9\AppData\Local\Programs\Python\Python310\Scripts\;C:\Users\x42v9\AppData\Local\Programs\Python\Pyt
USERNAME=x42v9
OS=Windows_NT
PROCESSOR_IDENTIFIER=Intel64 Family 6 Model 142 Stepping 12, GenuineIntel



---------------  S Y S T E M  ---------------

OS: Windows 11 , 64 bit Build 22621 (10.0.22621.1194)
OS uptime: 0 days 4:26 hours
Hyper-V role detected

CPU:total 8 (initial active 8) (4 cores per cpu, 2 threads per core) family 6 model 142 stepping 12 microcode 0xde, cmov, cx8, fxsr, mmx, sse, sse2, sse3, ssse3, sse4.1, sse4.2, popcnt, avx, avx2, aes, clmul, erms, 3dnowpref, lzcnt, ht, tsc, tscinvbit, bmi1, bmi2, adx, fma

Memory: 4k page, system-wide physical 7990M (670M free)
TotalPageFile size 18511M (AvailPageFile size 18M)
current process WorkingSet (physical memory assigned to process): 620M, peak: 623M
current process commit charge ("private bytes"): 676M, peak: 796M

vm_info: OpenJDK 64-Bit Server VM (11.0.15+0-b2043.56-8887301) for windows-amd64 JRE (11.0.15+0-b2043.56-8887301), built on Jul 29 2022 23:19:47 by "builduser" with unknown MS VC++:1929

END.
