#
# There is insufficient memory for the Java Runtime Environment to continue.
# Native memory allocation (malloc) failed to allocate 1345456 bytes for Chunk::new
# Possible reasons:
#   The system is out of physical RAM or swap space
#   The process is running with CompressedOops enabled, and the Java Heap may be blocking the growth of the native heap
# Possible solutions:
#   Reduce memory load on the system
#   Increase physical memory or swap space
#   Check if swap backing store is full
#   Decrease Java heap size (-Xmx/-Xms)
#   Decrease number of Java threads
#   Decrease Java thread stack sizes (-Xss)
#   Set larger code cache with -XX:ReservedCodeCacheSize=
#   JVM is running with Unscaled Compressed Oops mode in which the Java heap is
#     placed in the first 4GB address space. The Java Heap base address is the
#     maximum limit for the native heap growth. Please use -XX:HeapBaseMinAddress
#     to set the Java Heap base and to place the Java Heap above 4GB virtual address.
# This output file may be truncated or incomplete.
#
#  Out of Memory Error (src/hotspot/share/memory/arena.cpp:197), pid=19488, tid=2312
#
# JRE version: OpenJDK Runtime Environment (11.0.15) (build 11.0.15+0-b2043.56-8887301)
# Java VM: OpenJDK 64-Bit Server VM (11.0.15+0-b2043.56-8887301, mixed mode, tiered, compressed oops, g1 gc, windows-amd64)
# No core dump will be written. Minidumps are not enabled by default on client versions of Windows
#

---------------  S U M M A R Y ------------

Command Line: --add-opens=java.base/java.util=ALL-UNNAMED --add-opens=java.base/java.lang=ALL-UNNAMED --add-opens=java.base/java.lang.invoke=ALL-UNNAMED --add-opens=java.prefs/java.util.prefs=ALL-UNNAMED --add-opens=java.base/java.nio.charset=ALL-UNNAMED --add-opens=java.base/java.net=ALL-UNNAMED --add-opens=java.base/java.util.concurrent.atomic=ALL-UNNAMED -Xmx1536m -Dfile.encoding=windows-1252 -Duser.country=US -Duser.language=en -Duser.variant org.gradle.launcher.daemon.bootstrap.GradleDaemon 7.6

Host: Intel(R) Core(TM) i5-10210U CPU @ 1.60GHz, 8 cores, 7G,  Windows 11 , 64 bit Build 22621 (10.0.22621.1194)
Time: Tue Feb 21 10:27:35 2023 Nepal Standard Time elapsed time: 27.459275 seconds (0d 0h 0m 27s)

---------------  T H R E A D  ---------------

Current thread (0x00000258d213f000):  JavaThread "C2 CompilerThread1" daemon [_thread_in_native, id=2312, stack(0x0000008e3d400000,0x0000008e3d500000)]


Current CompileTask:
C2:  27459 15032       4       com.android.tools.r8.internal.TR0::a (1133 bytes)

Stack: [0x0000008e3d400000,0x0000008e3d500000]
Native frames: (J=compiled Java code, j=interpreted, Vv=VM code, C=native code)
V  [jvm.dll+0x64135a]
V  [jvm.dll+0x7d39f9]
V  [jvm.dll+0x7d51b9]
V  [jvm.dll+0x7d58a3]
V  [jvm.dll+0x2691c5]
V  [jvm.dll+0xc1a5c]
V  [jvm.dll+0xc200c]
V  [jvm.dll+0x3774a7]
V  [jvm.dll+0x1b3732]
V  [jvm.dll+0x22163e]
V  [jvm.dll+0x220498]
V  [jvm.dll+0x19e851]
V  [jvm.dll+0x230479]
V  [jvm.dll+0x22e5ef]
V  [jvm.dll+0x794de1]
V  [jvm.dll+0x78dc24]
V  [jvm.dll+0x6400f6]
C  [ucrtbase.dll+0x29363]
C  [KERNEL32.DLL+0x126bd]
C  [ntdll.dll+0x5dfb8]


---------------  P R O C E S S  ---------------

Threads class SMR info:
_java_thread_list=0x00000258d90a5af0, length=142, elements={
0x00000258b5402000, 0x00000258ce580000, 0x00000258ce5b1000, 0x00000258ce5c3000,
0x00000258ce5c5800, 0x00000258ce5c7800, 0x00000258ce5cb000, 0x00000258cef1b800,
0x00000258cef1e800, 0x00000258cf07a000, 0x00000258d1a6d000, 0x00000258cf632800,
0x00000258d15b8800, 0x00000258d17b8000, 0x00000258d129a000, 0x00000258d18a1800,
0x00000258d179e000, 0x00000258d157f000, 0x00000258d08fb000, 0x00000258d129a800,
0x00000258d1ee9800, 0x00000258d1eea800, 0x00000258d1eeb000, 0x00000258d1eec000,
0x00000258d1db3000, 0x00000258d1db6000, 0x00000258d1db5800, 0x00000258d1db7000,
0x00000258d1db2000, 0x00000258d1db3800, 0x00000258d1db4800, 0x00000258d1db1000,
0x00000258d1db8000, 0x00000258cf744000, 0x00000258cf741000, 0x00000258cf746800,
0x00000258cf747800, 0x00000258cf742000, 0x00000258cf748800, 0x00000258cf742800,
0x00000258cf749000, 0x00000258cf74a800, 0x00000258cf74d000, 0x00000258cf74e000,
0x00000258cf74c800, 0x00000258cf74f000, 0x00000258cf74a000, 0x00000258cf74b800,
0x00000258d1e36000, 0x00000258d1e34800, 0x00000258d1e35000, 0x00000258d1e38800,
0x00000258d1e37000, 0x00000258d1e32800, 0x00000258d1e37800, 0x00000258d1e39000,
0x00000258d1e33800, 0x00000258d1e3f800, 0x00000258d1e3b000, 0x00000258d1e3b800,
0x00000258d1e3c800, 0x00000258d1e3d800, 0x00000258d1e3a000, 0x00000258d1e3e000,
0x00000258d1e40800, 0x00000258d1e3f000, 0x00000258d1e41800, 0x00000258d481d800,
0x00000258d481c800, 0x00000258d481e800, 0x00000258d4821000, 0x00000258d481f000,
0x00000258d481b000, 0x00000258d481c000, 0x00000258d4820000, 0x00000258d4821800,
0x00000258d4e08000, 0x00000258d4e0b800, 0x00000258d4e0c000, 0x00000258d4e07800,
0x00000258d4e0d000, 0x00000258d4e09000, 0x00000258d4e0e000, 0x00000258d4e0e800,
0x00000258d4e0a000, 0x00000258d4e10800, 0x00000258d4e0f800, 0x00000258d4e0a800,
0x00000258d4e11000, 0x00000258d4e14800, 0x00000258d4e12000, 0x00000258d4e15000,
0x00000258d4e16000, 0x00000258d4e12800, 0x00000258d4e13800, 0x00000258d1c98800,
0x00000258d1c9f000, 0x00000258d1c99000, 0x00000258d1c9b000, 0x00000258d1c9e000,
0x00000258d1c9f800, 0x00000258d1c9a000, 0x00000258d1ca0800, 0x00000258d1ca1800,
0x00000258d1c9b800, 0x00000258d1ca2000, 0x00000258d1c9c800, 0x00000258d1ca3000,
0x00000258d1c9d000, 0x00000258d1ca4800, 0x00000258d1ca5800, 0x00000258d1ca3800,
0x00000258d1ca7000, 0x00000258d1ca6000, 0x00000258d4e84000, 0x00000258d4e7e000,
0x00000258d4e84800, 0x00000258d4e83000, 0x00000258d4e80800, 0x00000258d4e81800,
0x00000258d4e7f000, 0x00000258d213f000, 0x00000258d05db800, 0x00000258d4e82000,
0x00000258d4e80000, 0x00000258d4e8b000, 0x00000258d4e89800, 0x00000258d4e8a800,
0x00000258d4e87000, 0x00000258d4e8c000, 0x00000258d4e86800, 0x00000258d4e88000,
0x00000258d4e8d000, 0x00000258d4e89000, 0x00000258d84da800, 0x00000258d84d9800,
0x00000258d84d5800, 0x00000258d84d4800, 0x00000258d84db000, 0x00000258d84d6000,
0x00000258d84d7000, 0x00000258d84dc000
}

Java Threads: ( => current thread )
  0x00000258b5402000 JavaThread "main" [_thread_blocked, id=21752, stack(0x0000008e3a500000,0x0000008e3a600000)]
  0x00000258ce580000 JavaThread "Reference Handler" daemon [_thread_blocked, id=2304, stack(0x0000008e3ac00000,0x0000008e3ad00000)]
  0x00000258ce5b1000 JavaThread "Finalizer" daemon [_thread_blocked, id=14520, stack(0x0000008e3ad00000,0x0000008e3ae00000)]
  0x00000258ce5c3000 JavaThread "Signal Dispatcher" daemon [_thread_blocked, id=11600, stack(0x0000008e3ae00000,0x0000008e3af00000)]
  0x00000258ce5c5800 JavaThread "Attach Listener" daemon [_thread_blocked, id=21120, stack(0x0000008e3af00000,0x0000008e3b000000)]
  0x00000258ce5c7800 JavaThread "Service Thread" daemon [_thread_blocked, id=10552, stack(0x0000008e3b000000,0x0000008e3b100000)]
  0x00000258ce5cb000 JavaThread "C2 CompilerThread0" daemon [_thread_in_native, id=19440, stack(0x0000008e3b100000,0x0000008e3b200000)]
  0x00000258cef1b800 JavaThread "C1 CompilerThread0" daemon [_thread_in_vm, id=14552, stack(0x0000008e3b200000,0x0000008e3b300000)]
  0x00000258cef1e800 JavaThread "Sweeper thread" daemon [_thread_blocked, id=10208, stack(0x0000008e3b300000,0x0000008e3b400000)]
  0x00000258cf07a000 JavaThread "Common-Cleaner" daemon [_thread_blocked, id=19408, stack(0x0000008e3b400000,0x0000008e3b500000)]
  0x00000258d1a6d000 JavaThread "Daemon health stats" [_thread_blocked, id=14100, stack(0x0000008e3ba00000,0x0000008e3bb00000)]
  0x00000258cf632800 JavaThread "Incoming local TCP Connector on port 57675" [_thread_in_native, id=20420, stack(0x0000008e3b600000,0x0000008e3b700000)]
  0x00000258d15b8800 JavaThread "Daemon periodic checks" [_thread_blocked, id=21472, stack(0x0000008e3b900000,0x0000008e3ba00000)]
  0x00000258d17b8000 JavaThread "Daemon" [_thread_blocked, id=16144, stack(0x0000008e3bb00000,0x0000008e3bc00000)]
  0x00000258d129a000 JavaThread "Handler for socket connection from /127.0.0.1:57675 to /127.0.0.1:57676" [_thread_in_native, id=7048, stack(0x0000008e3bc00000,0x0000008e3bd00000)]
  0x00000258d18a1800 JavaThread "Cancel handler" [_thread_blocked, id=11704, stack(0x0000008e3bd00000,0x0000008e3be00000)]
  0x00000258d179e000 JavaThread "Daemon worker" [_thread_blocked, id=5532, stack(0x0000008e3be00000,0x0000008e3bf00000)]
  0x00000258d157f000 JavaThread "Asynchronous log dispatcher for DefaultDaemonConnection: socket connection from /127.0.0.1:57675 to /127.0.0.1:57676" [_thread_blocked, id=21888, stack(0x0000008e3bf00000,0x0000008e3c000000)]
  0x00000258d08fb000 JavaThread "Stdin handler" [_thread_blocked, id=8708, stack(0x0000008e3c000000,0x0000008e3c100000)]
  0x00000258d129a800 JavaThread "Daemon client event forwarder" [_thread_blocked, id=19112, stack(0x0000008e3c100000,0x0000008e3c200000)]
  0x00000258d1ee9800 JavaThread "Cache worker for journal cache (C:\Gradle\caches\journal-1)" [_thread_blocked, id=21220, stack(0x0000008e3c700000,0x0000008e3c800000)]
  0x00000258d1eea800 JavaThread "File lock request listener" [_thread_in_native, id=120, stack(0x0000008e3c800000,0x0000008e3c900000)]
  0x00000258d1eeb000 JavaThread "Cache worker for file hash cache (C:\Gradle\caches\7.6\fileHashes)" [_thread_blocked, id=21016, stack(0x0000008e3ca00000,0x0000008e3cb00000)]
  0x00000258d1eec000 JavaThread "File watcher server" daemon [_thread_in_native, id=10836, stack(0x0000008e3cc00000,0x0000008e3cd00000)]
  0x00000258d1db3000 JavaThread "File watcher consumer" daemon [_thread_blocked, id=7180, stack(0x0000008e3cd00000,0x0000008e3ce00000)]
  0x00000258d1db6000 JavaThread "Cache worker for checksums cache (C:\Users\x42v9\OneDrive\Desktop\Android Projects\android\.gradle\7.6\checksums)" [_thread_blocked, id=15568, stack(0x0000008e3ce00000,0x0000008e3cf00000)]
  0x00000258d1db5800 JavaThread "Cache worker for cache directory md-rule (C:\Gradle\caches\7.6\md-rule)" [_thread_blocked, id=17112, stack(0x0000008e3cf00000,0x0000008e3d000000)]
  0x00000258d1db7000 JavaThread "Cache worker for file content cache (C:\Gradle\caches\7.6\fileContent)" [_thread_blocked, id=21780, stack(0x0000008e3d000000,0x0000008e3d100000)]
  0x00000258d1db2000 JavaThread "Cache worker for file hash cache (C:\Users\x42v9\OneDrive\Desktop\Android Projects\android\.gradle\7.6\fileHashes)" [_thread_blocked, id=20920, stack(0x0000008e3d100000,0x0000008e3d200000)]
  0x00000258d1db3800 JavaThread "Cache worker for cache directory md-supplier (C:\Gradle\caches\7.6\md-supplier)" [_thread_blocked, id=5780, stack(0x0000008e3d200000,0x0000008e3d300000)]
  0x00000258d1db4800 JavaThread "Cache worker for execution history cache (C:\Gradle\caches\7.6\executionHistory)" [_thread_blocked, id=20316, stack(0x0000008e3d300000,0x0000008e3d400000)]
  0x00000258d1db1000 JavaThread "jar transforms" [_thread_blocked, id=3368, stack(0x0000008e3cb00000,0x0000008e3cc00000)]
  0x00000258d1db8000 JavaThread "jar transforms Thread 2" [_thread_blocked, id=12260, stack(0x0000008e3d500000,0x0000008e3d600000)]
  0x00000258cf744000 JavaThread "jar transforms Thread 3" [_thread_blocked, id=20460, stack(0x0000008e3d700000,0x0000008e3d800000)]
  0x00000258cf741000 JavaThread "jar transforms Thread 4" [_thread_blocked, id=16680, stack(0x0000008e3d800000,0x0000008e3d900000)]
  0x00000258cf746800 JavaThread "Cache worker for dependencies-accessors (C:\Users\x42v9\OneDrive\Desktop\Android Projects\android\.gradle\7.6\dependencies-accessors)" [_thread_blocked, id=15916, stack(0x0000008e3d900000,0x0000008e3da00000)]
  0x00000258cf747800 JavaThread "jar transforms Thread 5" [_thread_blocked, id=22100, stack(0x0000008e3da00000,0x0000008e3db00000)]
  0x00000258cf742000 JavaThread "Cache worker for Build Output Cleanup Cache (C:\Users\x42v9\OneDrive\Desktop\Android Projects\android\.gradle\buildOutputCleanup)" [_thread_blocked, id=18920, stack(0x0000008e3db00000,0x0000008e3dc00000)]
  0x00000258cf748800 JavaThread "Unconstrained build operations" [_thread_blocked, id=5096, stack(0x0000008e3d600000,0x0000008e3d700000)]
  0x00000258cf742800 JavaThread "Unconstrained build operations Thread 2" [_thread_blocked, id=20788, stack(0x0000008e3dc00000,0x0000008e3dd00000)]
  0x00000258cf749000 JavaThread "Unconstrained build operations Thread 3" [_thread_blocked, id=21508, stack(0x0000008e3dd00000,0x0000008e3de00000)]
  0x00000258cf74a800 JavaThread "Unconstrained build operations Thread 4" [_thread_blocked, id=4144, stack(0x0000008e3de00000,0x0000008e3df00000)]
  0x00000258cf74d000 JavaThread "Unconstrained build operations Thread 5" [_thread_blocked, id=20360, stack(0x0000008e3df00000,0x0000008e3e000000)]
  0x00000258cf74e000 JavaThread "Unconstrained build operations Thread 6" [_thread_blocked, id=10616, stack(0x0000008e3e000000,0x0000008e3e100000)]
  0x00000258cf74c800 JavaThread "Unconstrained build operations Thread 7" [_thread_blocked, id=21444, stack(0x0000008e3e100000,0x0000008e3e200000)]
  0x00000258cf74f000 JavaThread "Unconstrained build operations Thread 8" [_thread_blocked, id=9600, stack(0x0000008e3e200000,0x0000008e3e300000)]
  0x00000258cf74a000 JavaThread "Unconstrained build operations Thread 9" [_thread_blocked, id=5568, stack(0x0000008e3e300000,0x0000008e3e400000)]
  0x00000258cf74b800 JavaThread "Unconstrained build operations Thread 10" [_thread_blocked, id=17044, stack(0x0000008e3e400000,0x0000008e3e500000)]
  0x00000258d1e36000 JavaThread "Unconstrained build operations Thread 11" [_thread_blocked, id=20760, stack(0x0000008e3e500000,0x0000008e3e600000)]
  0x00000258d1e34800 JavaThread "Unconstrained build operations Thread 12" [_thread_blocked, id=22272, stack(0x0000008e3e600000,0x0000008e3e700000)]
  0x00000258d1e35000 JavaThread "Unconstrained build operations Thread 13" [_thread_blocked, id=22156, stack(0x0000008e3e700000,0x0000008e3e800000)]
  0x00000258d1e38800 JavaThread "Unconstrained build operations Thread 14" [_thread_blocked, id=16100, stack(0x0000008e3e800000,0x0000008e3e900000)]
  0x00000258d1e37000 JavaThread "Unconstrained build operations Thread 15" [_thread_blocked, id=19272, stack(0x0000008e3e900000,0x0000008e3ea00000)]
  0x00000258d1e32800 JavaThread "Unconstrained build operations Thread 16" [_thread_blocked, id=12596, stack(0x0000008e3ea00000,0x0000008e3eb00000)]
  0x00000258d1e37800 JavaThread "Unconstrained build operations Thread 17" [_thread_blocked, id=21900, stack(0x0000008e3eb00000,0x0000008e3ec00000)]
  0x00000258d1e39000 JavaThread "Unconstrained build operations Thread 18" [_thread_in_Java, id=2476, stack(0x0000008e3ec00000,0x0000008e3ed00000)]
  0x00000258d1e33800 JavaThread "Unconstrained build operations Thread 19" [_thread_blocked, id=9384, stack(0x0000008e3ed00000,0x0000008e3ee00000)]
  0x00000258d1e3f800 JavaThread "Unconstrained build operations Thread 20" [_thread_blocked, id=11036, stack(0x0000008e3ee00000,0x0000008e3ef00000)]
  0x00000258d1e3b000 JavaThread "Unconstrained build operations Thread 21" [_thread_blocked, id=17008, stack(0x0000008e3ef00000,0x0000008e3f000000)]
  0x00000258d1e3b800 JavaThread "Unconstrained build operations Thread 22" [_thread_blocked, id=9552, stack(0x0000008e3f000000,0x0000008e3f100000)]
  0x00000258d1e3c800 JavaThread "Unconstrained build operations Thread 23" [_thread_blocked, id=8808, stack(0x0000008e3f100000,0x0000008e3f200000)]
  0x00000258d1e3d800 JavaThread "Unconstrained build operations Thread 24" [_thread_blocked, id=17508, stack(0x0000008e3f200000,0x0000008e3f300000)]
  0x00000258d1e3a000 JavaThread "Unconstrained build operations Thread 25" [_thread_blocked, id=17620, stack(0x0000008e3f300000,0x0000008e3f400000)]
  0x00000258d1e3e000 JavaThread "Unconstrained build operations Thread 26" [_thread_blocked, id=21904, stack(0x0000008e3f400000,0x0000008e3f500000)]
  0x00000258d1e40800 JavaThread "Unconstrained build operations Thread 27" [_thread_in_Java, id=21612, stack(0x0000008e3f500000,0x0000008e3f600000)]
  0x00000258d1e3f000 JavaThread "Unconstrained build operations Thread 28" [_thread_blocked, id=5492, stack(0x0000008e3f600000,0x0000008e3f700000)]
  0x00000258d1e41800 JavaThread "Unconstrained build operations Thread 29" [_thread_blocked, id=7680, stack(0x0000008e3f700000,0x0000008e3f800000)]
  0x00000258d481d800 JavaThread "Unconstrained build operations Thread 30" [_thread_blocked, id=20772, stack(0x0000008e3f800000,0x0000008e3f900000)]
  0x00000258d481c800 JavaThread "Unconstrained build operations Thread 31" [_thread_blocked, id=11636, stack(0x0000008e3f900000,0x0000008e3fa00000)]
  0x00000258d481e800 JavaThread "Unconstrained build operations Thread 32" [_thread_blocked, id=9612, stack(0x0000008e3fa00000,0x0000008e3fb00000)]
  0x00000258d4821000 JavaThread "Unconstrained build operations Thread 33" [_thread_blocked, id=19788, stack(0x0000008e3fb00000,0x0000008e3fc00000)]
  0x00000258d481f000 JavaThread "Unconstrained build operations Thread 34" [_thread_blocked, id=20732, stack(0x0000008e3fc00000,0x0000008e3fd00000)]
  0x00000258d481b000 JavaThread "Unconstrained build operations Thread 35" [_thread_blocked, id=6452, stack(0x0000008e3fd00000,0x0000008e3fe00000)]
  0x00000258d481c000 JavaThread "Unconstrained build operations Thread 36" [_thread_blocked, id=6956, stack(0x0000008e3fe00000,0x0000008e3ff00000)]
  0x00000258d4820000 JavaThread "Unconstrained build operations Thread 37" [_thread_blocked, id=5248, stack(0x0000008e3ff00000,0x0000008e40000000)]
  0x00000258d4821800 JavaThread "Unconstrained build operations Thread 38" [_thread_blocked, id=21292, stack(0x0000008e40000000,0x0000008e40100000)]
  0x00000258d4e08000 JavaThread "Unconstrained build operations Thread 39" [_thread_blocked, id=10320, stack(0x0000008e40100000,0x0000008e40200000)]
  0x00000258d4e0b800 JavaThread "Unconstrained build operations Thread 40" [_thread_blocked, id=22328, stack(0x0000008e40200000,0x0000008e40300000)]
  0x00000258d4e0c000 JavaThread "Unconstrained build operations Thread 41" [_thread_in_vm, id=7244, stack(0x0000008e40300000,0x0000008e40400000)]
  0x00000258d4e07800 JavaThread "Unconstrained build operations Thread 42" [_thread_blocked, id=5832, stack(0x0000008e40400000,0x0000008e40500000)]
  0x00000258d4e0d000 JavaThread "Unconstrained build operations Thread 43" [_thread_blocked, id=2532, stack(0x0000008e40500000,0x0000008e40600000)]
  0x00000258d4e09000 JavaThread "Unconstrained build operations Thread 44" [_thread_blocked, id=21976, stack(0x0000008e40600000,0x0000008e40700000)]
  0x00000258d4e0e000 JavaThread "Unconstrained build operations Thread 45" [_thread_blocked, id=20024, stack(0x0000008e40700000,0x0000008e40800000)]
  0x00000258d4e0e800 JavaThread "Unconstrained build operations Thread 46" [_thread_blocked, id=320, stack(0x0000008e40800000,0x0000008e40900000)]
  0x00000258d4e0a000 JavaThread "Unconstrained build operations Thread 47" [_thread_blocked, id=19800, stack(0x0000008e40900000,0x0000008e40a00000)]
  0x00000258d4e10800 JavaThread "Unconstrained build operations Thread 48" [_thread_blocked, id=6772, stack(0x0000008e40a00000,0x0000008e40b00000)]
  0x00000258d4e0f800 JavaThread "Unconstrained build operations Thread 49" [_thread_blocked, id=4056, stack(0x0000008e40b00000,0x0000008e40c00000)]
  0x00000258d4e0a800 JavaThread "Unconstrained build operations Thread 50" [_thread_blocked, id=18980, stack(0x0000008e40c00000,0x0000008e40d00000)]
  0x00000258d4e11000 JavaThread "Unconstrained build operations Thread 51" [_thread_blocked, id=10980, stack(0x0000008e40d00000,0x0000008e40e00000)]
  0x00000258d4e14800 JavaThread "Unconstrained build operations Thread 52" [_thread_blocked, id=18672, stack(0x0000008e40e00000,0x0000008e40f00000)]
  0x00000258d4e12000 JavaThread "Unconstrained build operations Thread 53" [_thread_blocked, id=22120, stack(0x0000008e40f00000,0x0000008e41000000)]
  0x00000258d4e15000 JavaThread "Unconstrained build operations Thread 54" [_thread_blocked, id=17328, stack(0x0000008e41000000,0x0000008e41100000)]
  0x00000258d4e16000 JavaThread "Unconstrained build operations Thread 55" [_thread_blocked, id=21500, stack(0x0000008e41100000,0x0000008e41200000)]
  0x00000258d4e12800 JavaThread "Unconstrained build operations Thread 56" [_thread_in_Java, id=4752, stack(0x0000008e41200000,0x0000008e41300000)]
  0x00000258d4e13800 JavaThread "Unconstrained build operations Thread 57" [_thread_blocked, id=6068, stack(0x0000008e41300000,0x0000008e41400000)]
  0x00000258d1c98800 JavaThread "Unconstrained build operations Thread 58" [_thread_blocked, id=18200, stack(0x0000008e41400000,0x0000008e41500000)]
  0x00000258d1c9f000 JavaThread "Unconstrained build operations Thread 59" [_thread_blocked, id=20136, stack(0x0000008e41500000,0x0000008e41600000)]
  0x00000258d1c99000 JavaThread "Unconstrained build operations Thread 60" [_thread_blocked, id=13560, stack(0x0000008e41600000,0x0000008e41700000)]
  0x00000258d1c9b000 JavaThread "Unconstrained build operations Thread 61" [_thread_blocked, id=3156, stack(0x0000008e41700000,0x0000008e41800000)]
  0x00000258d1c9e000 JavaThread "Unconstrained build operations Thread 62" [_thread_blocked, id=9100, stack(0x0000008e41800000,0x0000008e41900000)]
  0x00000258d1c9f800 JavaThread "Unconstrained build operations Thread 63" [_thread_blocked, id=21248, stack(0x0000008e41900000,0x0000008e41a00000)]
  0x00000258d1c9a000 JavaThread "Unconstrained build operations Thread 64" [_thread_blocked, id=22468, stack(0x0000008e41a00000,0x0000008e41b00000)]
  0x00000258d1ca0800 JavaThread "Unconstrained build operations Thread 65" [_thread_blocked, id=10728, stack(0x0000008e41b00000,0x0000008e41c00000)]
  0x00000258d1ca1800 JavaThread "Unconstrained build operations Thread 66" [_thread_blocked, id=16156, stack(0x0000008e41c00000,0x0000008e41d00000)]
  0x00000258d1c9b800 JavaThread "Unconstrained build operations Thread 67" [_thread_blocked, id=9960, stack(0x0000008e41d00000,0x0000008e41e00000)]
  0x00000258d1ca2000 JavaThread "Unconstrained build operations Thread 68" [_thread_blocked, id=15252, stack(0x0000008e41e00000,0x0000008e41f00000)]
  0x00000258d1c9c800 JavaThread "Unconstrained build operations Thread 69" [_thread_blocked, id=21860, stack(0x0000008e41f00000,0x0000008e42000000)]
  0x00000258d1ca3000 JavaThread "Unconstrained build operations Thread 70" [_thread_blocked, id=8972, stack(0x0000008e42000000,0x0000008e42100000)]
  0x00000258d1c9d000 JavaThread "Unconstrained build operations Thread 71" [_thread_blocked, id=18124, stack(0x0000008e42100000,0x0000008e42200000)]
  0x00000258d1ca4800 JavaThread "Unconstrained build operations Thread 72" [_thread_blocked, id=16480, stack(0x0000008e42200000,0x0000008e42300000)]
  0x00000258d1ca5800 JavaThread "Unconstrained build operations Thread 73" [_thread_blocked, id=21924, stack(0x0000008e42300000,0x0000008e42400000)]
  0x00000258d1ca3800 JavaThread "Unconstrained build operations Thread 74" [_thread_blocked, id=14580, stack(0x0000008e42400000,0x0000008e42500000)]
  0x00000258d1ca7000 JavaThread "Unconstrained build operations Thread 75" [_thread_blocked, id=15528, stack(0x0000008e42500000,0x0000008e42600000)]
  0x00000258d1ca6000 JavaThread "Unconstrained build operations Thread 76" [_thread_blocked, id=15148, stack(0x0000008e42600000,0x0000008e42700000)]
  0x00000258d4e84000 JavaThread "Unconstrained build operations Thread 77" [_thread_blocked, id=22364, stack(0x0000008e42700000,0x0000008e42800000)]
  0x00000258d4e7e000 JavaThread "Unconstrained build operations Thread 78" [_thread_blocked, id=13172, stack(0x0000008e42800000,0x0000008e42900000)]
  0x00000258d4e84800 JavaThread "Unconstrained build operations Thread 79" [_thread_blocked, id=9372, stack(0x0000008e42900000,0x0000008e42a00000)]
  0x00000258d4e83000 JavaThread "Unconstrained build operations Thread 80" [_thread_blocked, id=18528, stack(0x0000008e42a00000,0x0000008e42b00000)]
  0x00000258d4e80800 JavaThread "jar transforms Thread 6" [_thread_blocked, id=20800, stack(0x0000008e42c00000,0x0000008e42d00000)]
  0x00000258d4e81800 JavaThread "jar transforms Thread 7" [_thread_blocked, id=18332, stack(0x0000008e42d00000,0x0000008e42e00000)]
  0x00000258d4e7f000 JavaThread "jar transforms Thread 8" [_thread_blocked, id=6116, stack(0x0000008e42e00000,0x0000008e42f00000)]
=>0x00000258d213f000 JavaThread "C2 CompilerThread1" daemon [_thread_in_native, id=2312, stack(0x0000008e3d400000,0x0000008e3d500000)]
  0x00000258d05db800 JavaThread "C2 CompilerThread2" daemon [_thread_in_native, id=19320, stack(0x0000008e42b00000,0x0000008e42c00000)]
  0x00000258d4e82000 JavaThread "Memory manager" [_thread_blocked, id=21140, stack(0x0000008e42f00000,0x0000008e43000000)]
  0x00000258d4e80000 JavaThread "build event listener" [_thread_blocked, id=20584, stack(0x0000008e43000000,0x0000008e43100000)]
  0x00000258d4e8b000 JavaThread "build event listener" [_thread_blocked, id=17564, stack(0x0000008e43100000,0x0000008e43200000)]
  0x00000258d4e89800 JavaThread "pool-3-thread-1" [_thread_blocked, id=15140, stack(0x0000008e43200000,0x0000008e43300000)]
  0x00000258d4e8a800 JavaThread "build event listener" [_thread_blocked, id=11872, stack(0x0000008e43300000,0x0000008e43400000)]
  0x00000258d4e87000 JavaThread "included builds" [_thread_blocked, id=20156, stack(0x0000008e43400000,0x0000008e43500000)]
  0x00000258d4e8c000 JavaThread "Execution worker" [_thread_blocked, id=18652, stack(0x0000008e43500000,0x0000008e43600000)]
  0x00000258d4e86800 JavaThread "Execution worker Thread 2" [_thread_blocked, id=17472, stack(0x0000008e43600000,0x0000008e43700000)]
  0x00000258d4e88000 JavaThread "Execution worker Thread 3" [_thread_in_Java, id=19324, stack(0x0000008e43700000,0x0000008e43800000)]
  0x00000258d4e8d000 JavaThread "Execution worker Thread 4" [_thread_blocked, id=22496, stack(0x0000008e43800000,0x0000008e43900000)]
  0x00000258d4e89000 JavaThread "Execution worker Thread 5" [_thread_blocked, id=12236, stack(0x0000008e43900000,0x0000008e43a00000)]
  0x00000258d84da800 JavaThread "Execution worker Thread 6" [_thread_blocked, id=21296, stack(0x0000008e43a00000,0x0000008e43b00000)]
  0x00000258d84d9800 JavaThread "Execution worker Thread 7" [_thread_blocked, id=19656, stack(0x0000008e43b00000,0x0000008e43c00000)]
  0x00000258d84d5800 JavaThread "Cache worker for execution history cache (C:\Users\x42v9\OneDrive\Desktop\Android Projects\android\.gradle\7.6\executionHistory)" [_thread_blocked, id=8728, stack(0x0000008e43c00000,0x0000008e43d00000)]
  0x00000258d84d4800 JavaThread "WorkerExecutor Queue" [_thread_blocked, id=19508, stack(0x0000008e43d00000,0x0000008e43e00000)]
  0x00000258d84db000 JavaThread "WorkerExecutor Queue Thread 2" [_thread_blocked, id=9016, stack(0x0000008e43e00000,0x0000008e43f00000)]
  0x00000258d84d6000 JavaThread "pool-4-thread-1" [_thread_blocked, id=7312, stack(0x0000008e43f00000,0x0000008e44000000)]
  0x00000258d84d7000 JavaThread "stderr" [_thread_in_native, id=20764, stack(0x0000008e44000000,0x0000008e44100000)]
  0x00000258d84dc000 JavaThread "stdout" [_thread_in_native, id=21944, stack(0x0000008e44100000,0x0000008e44200000)]

Other Threads:
  0x00000258ce57f000 VMThread "VM Thread" [stack: 0x0000008e3ab00000,0x0000008e3ac00000] [id=18656]
  0x00000258cf095800 WatcherThread [stack: 0x0000008e3b500000,0x0000008e3b600000] [id=22288]
  0x00000258b541c800 GCTaskThread "GC Thread#0" [stack: 0x0000008e3a600000,0x0000008e3a700000] [id=21964]
  0x00000258cf0f4000 GCTaskThread "GC Thread#1" [stack: 0x0000008e3b700000,0x0000008e3b800000] [id=21632]
  0x00000258cf0fa000 GCTaskThread "GC Thread#2" [stack: 0x0000008e3b800000,0x0000008e3b900000] [id=18768]
  0x00000258cf0f5800 GCTaskThread "GC Thread#3" [stack: 0x0000008e3c200000,0x0000008e3c300000] [id=20592]
  0x00000258cf0f7000 GCTaskThread "GC Thread#4" [stack: 0x0000008e3c300000,0x0000008e3c400000] [id=8680]
  0x00000258cf0f3800 GCTaskThread "GC Thread#5" [stack: 0x0000008e3c400000,0x0000008e3c500000] [id=3556]
  0x00000258cf0f9000 GCTaskThread "GC Thread#6" [stack: 0x0000008e3c500000,0x0000008e3c600000] [id=16184]
  0x00000258cf0f8800 GCTaskThread "GC Thread#7" [stack: 0x0000008e3c600000,0x0000008e3c700000] [id=16788]
  0x00000258b5443800 ConcurrentGCThread "G1 Main Marker" [stack: 0x0000008e3a700000,0x0000008e3a800000] [id=20400]
  0x00000258b5445800 ConcurrentGCThread "G1 Conc#0" [stack: 0x0000008e3a800000,0x0000008e3a900000] [id=22240]
  0x00000258cf0fa800 ConcurrentGCThread "G1 Conc#1" [stack: 0x0000008e3c900000,0x0000008e3ca00000] [id=5200]
  0x00000258ce3f0800 ConcurrentGCThread "G1 Refine#0" [stack: 0x0000008e3a900000,0x0000008e3aa00000] [id=21960]
  0x00000258b54ca000 ConcurrentGCThread "G1 Young RemSet Sampling" [stack: 0x0000008e3aa00000,0x0000008e3ab00000] [id=4132]

Threads with active compile tasks:
C2 CompilerThread0    27507 15514       4       com.android.tools.r8.internal.Cr1::a (8 bytes)
C1 CompilerThread0    27507 15557 %     3       com.android.tools.r8.internal.CL0::a @ 437 (1406 bytes)
C2 CompilerThread1    27507 15032       4       com.android.tools.r8.internal.TR0::a (1133 bytes)
C2 CompilerThread2    27507 14807       4       com.android.tools.r8.internal.qe1::a (455 bytes)

VM state:not at safepoint (normal execution)

VM Mutex/Monitor currently owned by a thread: None

Heap address: 0x00000000a0000000, size: 1536 MB, Compressed Oops mode: 32-bit
Narrow klass base: 0x0000000000000000, Narrow klass shift: 3
Compressed class space size: 1073741824 Address: 0x0000000100000000

Heap:
 garbage-first heap   total 270336K, used 154880K [0x00000000a0000000, 0x0000000100000000)
  region size 1024K, 34 young (34816K), 9 survivors (9216K)
 Metaspace       used 118079K, capacity 122114K, committed 122416K, reserved 1155072K
  class space    used 15534K, capacity 17187K, committed 17280K, reserved 1048576K
Heap Regions: E=young(eden), S=young(survivor), O=old, HS=humongous(starts), HC=humongous(continues), CS=collection set, F=free, A=archive, TAMS=top-at-mark-start (previous, next)
|   0|0x00000000a0000000, 0x00000000a0100000, 0x00000000a0100000|100%|HS|  |TAMS 0x00000000a0100000, 0x00000000a0000000| Complete 
|   1|0x00000000a0100000, 0x00000000a0200000, 0x00000000a0200000|100%|HC|  |TAMS 0x00000000a0200000, 0x00000000a0100000| Complete 
|   2|0x00000000a0200000, 0x00000000a0300000, 0x00000000a0300000|100%|HC|  |TAMS 0x00000000a0300000, 0x00000000a0200000| Complete 
|   3|0x00000000a0300000, 0x00000000a0400000, 0x00000000a0400000|100%| O|  |TAMS 0x00000000a0400000, 0x00000000a0300000| Untracked 
|   4|0x00000000a0400000, 0x00000000a0500000, 0x00000000a0500000|100%| O|  |TAMS 0x00000000a0500000, 0x00000000a0400000| Untracked 
|   5|0x00000000a0500000, 0x00000000a0600000, 0x00000000a0600000|100%| O|  |TAMS 0x00000000a0600000, 0x00000000a0500000| Untracked 
|   6|0x00000000a0600000, 0x00000000a0700000, 0x00000000a0700000|100%| O|  |TAMS 0x00000000a0700000, 0x00000000a0600000| Untracked 
|   7|0x00000000a0700000, 0x00000000a0800000, 0x00000000a0800000|100%| O|  |TAMS 0x00000000a0800000, 0x00000000a0700000| Untracked 
|   8|0x00000000a0800000, 0x00000000a0900000, 0x00000000a0900000|100%| O|  |TAMS 0x00000000a0900000, 0x00000000a0800000| Untracked 
|   9|0x00000000a0900000, 0x00000000a0a00000, 0x00000000a0a00000|100%| O|  |TAMS 0x00000000a0a00000, 0x00000000a0900000| Untracked 
|  10|0x00000000a0a00000, 0x00000000a0b00000, 0x00000000a0b00000|100%| O|  |TAMS 0x00000000a0b00000, 0x00000000a0a00000| Untracked 
|  11|0x00000000a0b00000, 0x00000000a0c00000, 0x00000000a0c00000|100%| O|  |TAMS 0x00000000a0c00000, 0x00000000a0b00000| Untracked 
|  12|0x00000000a0c00000, 0x00000000a0d00000, 0x00000000a0d00000|100%| O|  |TAMS 0x00000000a0d00000, 0x00000000a0c00000| Untracked 
|  13|0x00000000a0d00000, 0x00000000a0e00000, 0x00000000a0e00000|100%| O|  |TAMS 0x00000000a0e00000, 0x00000000a0d00000| Untracked 
|  14|0x00000000a0e00000, 0x00000000a0f00000, 0x00000000a0f00000|100%| O|  |TAMS 0x00000000a0f00000, 0x00000000a0e00000| Untracked 
|  15|0x00000000a0f00000, 0x00000000a1000000, 0x00000000a1000000|100%| O|  |TAMS 0x00000000a1000000, 0x00000000a0f00000| Untracked 
|  16|0x00000000a1000000, 0x00000000a1100000, 0x00000000a1100000|100%| O|  |TAMS 0x00000000a1100000, 0x00000000a1000000| Untracked 
|  17|0x00000000a1100000, 0x00000000a1200000, 0x00000000a1200000|100%|HS|  |TAMS 0x00000000a1200000, 0x00000000a1100000| Complete 
|  18|0x00000000a1200000, 0x00000000a1300000, 0x00000000a1300000|100%| O|  |TAMS 0x00000000a1300000, 0x00000000a1200000| Untracked 
|  19|0x00000000a1300000, 0x00000000a1400000, 0x00000000a1400000|100%| O|  |TAMS 0x00000000a1400000, 0x00000000a1300000| Untracked 
|  20|0x00000000a1400000, 0x00000000a1500000, 0x00000000a1500000|100%| O|  |TAMS 0x00000000a1500000, 0x00000000a1400000| Untracked 
|  21|0x00000000a1500000, 0x00000000a1600000, 0x00000000a1600000|100%| O|  |TAMS 0x00000000a1600000, 0x00000000a1500000| Untracked 
|  22|0x00000000a1600000, 0x00000000a1700000, 0x00000000a1700000|100%| O|  |TAMS 0x00000000a1700000, 0x00000000a1600000| Untracked 
|  23|0x00000000a1700000, 0x00000000a1800000, 0x00000000a1800000|100%| O|  |TAMS 0x00000000a1800000, 0x00000000a1700000| Untracked 
|  24|0x00000000a1800000, 0x00000000a1900000, 0x00000000a1900000|100%| O|  |TAMS 0x00000000a1900000, 0x00000000a1800000| Untracked 
|  25|0x00000000a1900000, 0x00000000a1a00000, 0x00000000a1a00000|100%| O|  |TAMS 0x00000000a1a00000, 0x00000000a1900000| Untracked 
|  26|0x00000000a1a00000, 0x00000000a1b00000, 0x00000000a1b00000|100%| O|  |TAMS 0x00000000a1b00000, 0x00000000a1a00000| Untracked 
|  27|0x00000000a1b00000, 0x00000000a1c00000, 0x00000000a1c00000|100%| O|  |TAMS 0x00000000a1c00000, 0x00000000a1b00000| Untracked 
|  28|0x00000000a1c00000, 0x00000000a1d00000, 0x00000000a1d00000|100%|HS|  |TAMS 0x00000000a1d00000, 0x00000000a1c00000| Complete 
|  29|0x00000000a1d00000, 0x00000000a1e00000, 0x00000000a1e00000|100%|HS|  |TAMS 0x00000000a1e00000, 0x00000000a1d00000| Complete 
|  30|0x00000000a1e00000, 0x00000000a1f00000, 0x00000000a1f00000|100%|HS|  |TAMS 0x00000000a1f00000, 0x00000000a1e00000| Complete 
|  31|0x00000000a1f00000, 0x00000000a2000000, 0x00000000a2000000|100%|HS|  |TAMS 0x00000000a2000000, 0x00000000a1f00000| Complete 
|  32|0x00000000a2000000, 0x00000000a2100000, 0x00000000a2100000|100%|HC|  |TAMS 0x00000000a2100000, 0x00000000a2000000| Complete 
|  33|0x00000000a2100000, 0x00000000a2200000, 0x00000000a2200000|100%|HC|  |TAMS 0x00000000a2200000, 0x00000000a2100000| Complete 
|  34|0x00000000a2200000, 0x00000000a2300000, 0x00000000a2300000|100%|HS|  |TAMS 0x00000000a2300000, 0x00000000a2200000| Complete 
|  35|0x00000000a2300000, 0x00000000a2400000, 0x00000000a2400000|100%|HC|  |TAMS 0x00000000a2400000, 0x00000000a2300000| Complete 
|  36|0x00000000a2400000, 0x00000000a2500000, 0x00000000a2500000|100%| O|  |TAMS 0x00000000a2500000, 0x00000000a2400000| Untracked 
|  37|0x00000000a2500000, 0x00000000a2600000, 0x00000000a2600000|100%| O|  |TAMS 0x00000000a2600000, 0x00000000a2500000| Untracked 
|  38|0x00000000a2600000, 0x00000000a2700000, 0x00000000a2700000|100%| O|  |TAMS 0x00000000a2700000, 0x00000000a2600000| Untracked 
|  39|0x00000000a2700000, 0x00000000a2800000, 0x00000000a2800000|100%| O|  |TAMS 0x00000000a2800000, 0x00000000a2700000| Untracked 
|  40|0x00000000a2800000, 0x00000000a2900000, 0x00000000a2900000|100%| O|  |TAMS 0x00000000a2900000, 0x00000000a2800000| Untracked 
|  41|0x00000000a2900000, 0x00000000a2a00000, 0x00000000a2a00000|100%| O|  |TAMS 0x00000000a2a00000, 0x00000000a2900000| Untracked 
|  42|0x00000000a2a00000, 0x00000000a2b00000, 0x00000000a2b00000|100%| O|  |TAMS 0x00000000a2b00000, 0x00000000a2a00000| Untracked 
|  43|0x00000000a2b00000, 0x00000000a2c00000, 0x00000000a2c00000|100%| O|  |TAMS 0x00000000a2c00000, 0x00000000a2b00000| Untracked 
|  44|0x00000000a2c00000, 0x00000000a2d00000, 0x00000000a2d00000|100%| O|  |TAMS 0x00000000a2d00000, 0x00000000a2c00000| Untracked 
|  45|0x00000000a2d00000, 0x00000000a2e00000, 0x00000000a2e00000|100%| O|  |TAMS 0x00000000a2e00000, 0x00000000a2d00000| Untracked 
|  46|0x00000000a2e00000, 0x00000000a2f00000, 0x00000000a2f00000|100%| O|  |TAMS 0x00000000a2f00000, 0x00000000a2e00000| Untracked 
|  47|0x00000000a2f00000, 0x00000000a3000000, 0x00000000a3000000|100%| O|  |TAMS 0x00000000a3000000, 0x00000000a2f00000| Untracked 
|  48|0x00000000a3000000, 0x00000000a3100000, 0x00000000a3100000|100%| O|  |TAMS 0x00000000a3100000, 0x00000000a3000000| Untracked 
|  49|0x00000000a3100000, 0x00000000a3200000, 0x00000000a3200000|100%| O|  |TAMS 0x00000000a3200000, 0x00000000a3100000| Untracked 
|  50|0x00000000a3200000, 0x00000000a3300000, 0x00000000a3300000|100%| O|  |TAMS 0x00000000a3300000, 0x00000000a3200000| Untracked 
|  51|0x00000000a3300000, 0x00000000a3400000, 0x00000000a3400000|100%| O|  |TAMS 0x00000000a3400000, 0x00000000a3300000| Untracked 
|  52|0x00000000a3400000, 0x00000000a3500000, 0x00000000a3500000|100%| O|  |TAMS 0x00000000a3500000, 0x00000000a3400000| Untracked 
|  53|0x00000000a3500000, 0x00000000a3600000, 0x00000000a3600000|100%| O|  |TAMS 0x00000000a3600000, 0x00000000a3500000| Untracked 
|  54|0x00000000a3600000, 0x00000000a3700000, 0x00000000a3700000|100%| O|  |TAMS 0x00000000a3700000, 0x00000000a3600000| Untracked 
|  55|0x00000000a3700000, 0x00000000a3800000, 0x00000000a3800000|100%| O|  |TAMS 0x00000000a3800000, 0x00000000a3700000| Untracked 
|  56|0x00000000a3800000, 0x00000000a3900000, 0x00000000a3900000|100%| O|  |TAMS 0x00000000a3900000, 0x00000000a3800000| Untracked 
|  57|0x00000000a3900000, 0x00000000a3a00000, 0x00000000a3a00000|100%| O|  |TAMS 0x00000000a3a00000, 0x00000000a3900000| Untracked 
|  58|0x00000000a3a00000, 0x00000000a3b00000, 0x00000000a3b00000|100%| O|  |TAMS 0x00000000a3b00000, 0x00000000a3a00000| Untracked 
|  59|0x00000000a3b00000, 0x00000000a3c00000, 0x00000000a3c00000|100%| O|  |TAMS 0x00000000a3c00000, 0x00000000a3b00000| Untracked 
|  60|0x00000000a3c00000, 0x00000000a3d00000, 0x00000000a3d00000|100%| O|  |TAMS 0x00000000a3d00000, 0x00000000a3c00000| Untracked 
|  61|0x00000000a3d00000, 0x00000000a3e00000, 0x00000000a3e00000|100%| O|  |TAMS 0x00000000a3e00000, 0x00000000a3d00000| Untracked 
|  62|0x00000000a3e00000, 0x00000000a3f00000, 0x00000000a3f00000|100%| O|  |TAMS 0x00000000a3f00000, 0x00000000a3e00000| Untracked 
|  63|0x00000000a3f00000, 0x00000000a4000000, 0x00000000a4000000|100%| O|  |TAMS 0x00000000a4000000, 0x00000000a3f00000| Untracked 
|  64|0x00000000a4000000, 0x00000000a4100000, 0x00000000a4100000|100%| O|  |TAMS 0x00000000a4100000, 0x00000000a4000000| Untracked 
|  65|0x00000000a4100000, 0x00000000a4200000, 0x00000000a4200000|100%| O|  |TAMS 0x00000000a4200000, 0x00000000a4100000| Untracked 
|  66|0x00000000a4200000, 0x00000000a4300000, 0x00000000a4300000|100%| O|  |TAMS 0x00000000a4300000, 0x00000000a4200000| Untracked 
|  67|0x00000000a4300000, 0x00000000a4400000, 0x00000000a4400000|100%| O|  |TAMS 0x00000000a4400000, 0x00000000a4300000| Untracked 
|  68|0x00000000a4400000, 0x00000000a4500000, 0x00000000a4500000|100%| O|  |TAMS 0x00000000a4500000, 0x00000000a4400000| Untracked 
|  69|0x00000000a4500000, 0x00000000a4600000, 0x00000000a4600000|100%| O|  |TAMS 0x00000000a4600000, 0x00000000a4500000| Untracked 
|  70|0x00000000a4600000, 0x00000000a4700000, 0x00000000a4700000|100%| O|  |TAMS 0x00000000a4700000, 0x00000000a4600000| Untracked 
|  71|0x00000000a4700000, 0x00000000a4800000, 0x00000000a4800000|100%| O|  |TAMS 0x00000000a4800000, 0x00000000a4700000| Untracked 
|  72|0x00000000a4800000, 0x00000000a4900000, 0x00000000a4900000|100%| O|  |TAMS 0x00000000a4900000, 0x00000000a4800000| Untracked 
|  73|0x00000000a4900000, 0x00000000a4a00000, 0x00000000a4a00000|100%| O|  |TAMS 0x00000000a4a00000, 0x00000000a4900000| Untracked 
|  74|0x00000000a4a00000, 0x00000000a4b00000, 0x00000000a4b00000|100%| O|  |TAMS 0x00000000a4b00000, 0x00000000a4a00000| Untracked 
|  75|0x00000000a4b00000, 0x00000000a4c00000, 0x00000000a4c00000|100%| O|  |TAMS 0x00000000a4c00000, 0x00000000a4b00000| Untracked 
|  76|0x00000000a4c00000, 0x00000000a4d00000, 0x00000000a4d00000|100%| O|  |TAMS 0x00000000a4d00000, 0x00000000a4c00000| Untracked 
|  77|0x00000000a4d00000, 0x00000000a4e00000, 0x00000000a4e00000|100%| O|  |TAMS 0x00000000a4e00000, 0x00000000a4d00000| Untracked 
|  78|0x00000000a4e00000, 0x00000000a4f00000, 0x00000000a4f00000|100%| O|  |TAMS 0x00000000a4f00000, 0x00000000a4e00000| Untracked 
|  79|0x00000000a4f00000, 0x00000000a5000000, 0x00000000a5000000|100%| O|  |TAMS 0x00000000a5000000, 0x00000000a4f00000| Untracked 
|  80|0x00000000a5000000, 0x00000000a5100000, 0x00000000a5100000|100%| O|  |TAMS 0x00000000a5100000, 0x00000000a5000000| Untracked 
|  81|0x00000000a5100000, 0x00000000a5200000, 0x00000000a5200000|100%| O|  |TAMS 0x00000000a5200000, 0x00000000a5100000| Untracked 
|  82|0x00000000a5200000, 0x00000000a5300000, 0x00000000a5300000|100%| O|  |TAMS 0x00000000a5300000, 0x00000000a5200000| Untracked 
|  83|0x00000000a5300000, 0x00000000a5400000, 0x00000000a5400000|100%| O|  |TAMS 0x00000000a5400000, 0x00000000a5300000| Untracked 
|  84|0x00000000a5400000, 0x00000000a5500000, 0x00000000a5500000|100%| O|  |TAMS 0x00000000a5500000, 0x00000000a5400000| Untracked 
|  85|0x00000000a5500000, 0x00000000a5600000, 0x00000000a5600000|100%| O|  |TAMS 0x00000000a5600000, 0x00000000a5500000| Untracked 
|  86|0x00000000a5600000, 0x00000000a5700000, 0x00000000a5700000|100%| O|  |TAMS 0x00000000a5700000, 0x00000000a5600000| Untracked 
|  87|0x00000000a5700000, 0x00000000a5800000, 0x00000000a5800000|100%| O|  |TAMS 0x00000000a5800000, 0x00000000a5700000| Untracked 
|  88|0x00000000a5800000, 0x00000000a5900000, 0x00000000a5900000|100%| O|  |TAMS 0x00000000a5900000, 0x00000000a5800000| Untracked 
|  89|0x00000000a5900000, 0x00000000a5a00000, 0x00000000a5a00000|100%| O|  |TAMS 0x00000000a5a00000, 0x00000000a5900000| Untracked 
|  90|0x00000000a5a00000, 0x00000000a5b00000, 0x00000000a5b00000|100%| O|  |TAMS 0x00000000a5b00000, 0x00000000a5a00000| Untracked 
|  91|0x00000000a5b00000, 0x00000000a5c00000, 0x00000000a5c00000|100%| O|  |TAMS 0x00000000a5c00000, 0x00000000a5b00000| Untracked 
|  92|0x00000000a5c00000, 0x00000000a5d00000, 0x00000000a5d00000|100%| O|  |TAMS 0x00000000a5d00000, 0x00000000a5c00000| Untracked 
|  93|0x00000000a5d00000, 0x00000000a5e00000, 0x00000000a5e00000|100%| O|  |TAMS 0x00000000a5e00000, 0x00000000a5d00000| Untracked 
|  94|0x00000000a5e00000, 0x00000000a5e00000, 0x00000000a5f00000|  0%| F|  |TAMS 0x00000000a5e00000, 0x00000000a5e00000| Untracked 
|  95|0x00000000a5f00000, 0x00000000a6000000, 0x00000000a6000000|100%| O|  |TAMS 0x00000000a6000000, 0x00000000a5f00000| Untracked 
|  96|0x00000000a6000000, 0x00000000a6100000, 0x00000000a6100000|100%| O|  |TAMS 0x00000000a6100000, 0x00000000a6000000| Untracked 
|  97|0x00000000a6100000, 0x00000000a6200000, 0x00000000a6200000|100%| O|  |TAMS 0x00000000a6200000, 0x00000000a6100000| Untracked 
|  98|0x00000000a6200000, 0x00000000a6300000, 0x00000000a6300000|100%| O|  |TAMS 0x00000000a6300000, 0x00000000a6200000| Untracked 
|  99|0x00000000a6300000, 0x00000000a6400000, 0x00000000a6400000|100%| O|  |TAMS 0x00000000a6300000, 0x00000000a6300000| Untracked 
| 100|0x00000000a6400000, 0x00000000a6500000, 0x00000000a6500000|100%| O|  |TAMS 0x00000000a6500000, 0x00000000a6400000| Untracked 
| 101|0x00000000a6500000, 0x00000000a6600000, 0x00000000a6600000|100%| O|  |TAMS 0x00000000a6600000, 0x00000000a6500000| Untracked 
| 102|0x00000000a6600000, 0x00000000a6700000, 0x00000000a6700000|100%| O|  |TAMS 0x00000000a6700000, 0x00000000a6600000| Untracked 
| 103|0x00000000a6700000, 0x00000000a6800000, 0x00000000a6800000|100%| O|  |TAMS 0x00000000a6800000, 0x00000000a6700000| Untracked 
| 104|0x00000000a6800000, 0x00000000a6900000, 0x00000000a6900000|100%| O|  |TAMS 0x00000000a683bc00, 0x00000000a6800000| Untracked 
| 105|0x00000000a6900000, 0x00000000a6a00000, 0x00000000a6a00000|100%| O|  |TAMS 0x00000000a6900000, 0x00000000a6900000| Untracked 
| 106|0x00000000a6a00000, 0x00000000a6b00000, 0x00000000a6b00000|100%| O|  |TAMS 0x00000000a6a00000, 0x00000000a6a00000| Untracked 
| 107|0x00000000a6b00000, 0x00000000a6b00000, 0x00000000a6c00000|  0%| F|  |TAMS 0x00000000a6b00000, 0x00000000a6b00000| Untracked 
| 108|0x00000000a6c00000, 0x00000000a6d00000, 0x00000000a6d00000|100%| O|  |TAMS 0x00000000a6c00000, 0x00000000a6c00000| Untracked 
| 109|0x00000000a6d00000, 0x00000000a6e00000, 0x00000000a6e00000|100%| O|  |TAMS 0x00000000a6d00000, 0x00000000a6d00000| Untracked 
| 110|0x00000000a6e00000, 0x00000000a6f00000, 0x00000000a6f00000|100%| O|  |TAMS 0x00000000a6f00000, 0x00000000a6e00000| Untracked 
| 111|0x00000000a6f00000, 0x00000000a7000000, 0x00000000a7000000|100%| O|  |TAMS 0x00000000a7000000, 0x00000000a6f00000| Untracked 
| 112|0x00000000a7000000, 0x00000000a7100000, 0x00000000a7100000|100%| O|  |TAMS 0x00000000a7100000, 0x00000000a7000000| Untracked 
| 113|0x00000000a7100000, 0x00000000a7200000, 0x00000000a7200000|100%| O|  |TAMS 0x00000000a7200000, 0x00000000a7100000| Untracked 
| 114|0x00000000a7200000, 0x00000000a7300000, 0x00000000a7300000|100%| O|  |TAMS 0x00000000a7300000, 0x00000000a7200000| Untracked 
| 115|0x00000000a7300000, 0x00000000a7400000, 0x00000000a7400000|100%| O|  |TAMS 0x00000000a7400000, 0x00000000a7300000| Untracked 
| 116|0x00000000a7400000, 0x00000000a7500000, 0x00000000a7500000|100%| O|  |TAMS 0x00000000a7500000, 0x00000000a7400000| Untracked 
| 117|0x00000000a7500000, 0x00000000a7600000, 0x00000000a7600000|100%| O|  |TAMS 0x00000000a7500000, 0x00000000a7500000| Untracked 
| 118|0x00000000a7600000, 0x00000000a7700000, 0x00000000a7700000|100%| O|  |TAMS 0x00000000a7600000, 0x00000000a7600000| Untracked 
| 119|0x00000000a7700000, 0x00000000a7800000, 0x00000000a7800000|100%| O|  |TAMS 0x00000000a7700000, 0x00000000a7700000| Untracked 
| 120|0x00000000a7800000, 0x00000000a78bd200, 0x00000000a7900000| 73%| O|  |TAMS 0x00000000a7800000, 0x00000000a7800000| Untracked 
| 121|0x00000000a7900000, 0x00000000a7900000, 0x00000000a7a00000|  0%| F|  |TAMS 0x00000000a7900000, 0x00000000a7900000| Untracked 
| 122|0x00000000a7a00000, 0x00000000a7a00000, 0x00000000a7b00000|  0%| F|  |TAMS 0x00000000a7a00000, 0x00000000a7a00000| Untracked 
| 123|0x00000000a7b00000, 0x00000000a7b00000, 0x00000000a7c00000|  0%| F|  |TAMS 0x00000000a7b00000, 0x00000000a7b00000| Untracked 
| 124|0x00000000a7c00000, 0x00000000a7c00000, 0x00000000a7d00000|  0%| F|  |TAMS 0x00000000a7c00000, 0x00000000a7c00000| Untracked 
| 125|0x00000000a7d00000, 0x00000000a7d00000, 0x00000000a7e00000|  0%| F|  |TAMS 0x00000000a7d00000, 0x00000000a7d00000| Untracked 
| 126|0x00000000a7e00000, 0x00000000a7e00000, 0x00000000a7f00000|  0%| F|  |TAMS 0x00000000a7e00000, 0x00000000a7e00000| Untracked 
| 127|0x00000000a7f00000, 0x00000000a7f00000, 0x00000000a8000000|  0%| F|  |TAMS 0x00000000a7f00000, 0x00000000a7f00000| Untracked 
| 128|0x00000000a8000000, 0x00000000a8000000, 0x00000000a8100000|  0%| F|  |TAMS 0x00000000a8000000, 0x00000000a8000000| Untracked 
| 129|0x00000000a8100000, 0x00000000a8100000, 0x00000000a8200000|  0%| F|  |TAMS 0x00000000a8100000, 0x00000000a8100000| Untracked 
| 130|0x00000000a8200000, 0x00000000a8200000, 0x00000000a8300000|  0%| F|  |TAMS 0x00000000a8200000, 0x00000000a8200000| Untracked 
| 131|0x00000000a8300000, 0x00000000a8300000, 0x00000000a8400000|  0%| F|  |TAMS 0x00000000a8300000, 0x00000000a8300000| Untracked 
| 132|0x00000000a8400000, 0x00000000a8400000, 0x00000000a8500000|  0%| F|  |TAMS 0x00000000a8400000, 0x00000000a8400000| Untracked 
| 133|0x00000000a8500000, 0x00000000a8500000, 0x00000000a8600000|  0%| F|  |TAMS 0x00000000a8500000, 0x00000000a8500000| Untracked 
| 134|0x00000000a8600000, 0x00000000a8600000, 0x00000000a8700000|  0%| F|  |TAMS 0x00000000a8600000, 0x00000000a8600000| Untracked 
| 135|0x00000000a8700000, 0x00000000a8700000, 0x00000000a8800000|  0%| F|  |TAMS 0x00000000a8700000, 0x00000000a8700000| Untracked 
| 136|0x00000000a8800000, 0x00000000a8800000, 0x00000000a8900000|  0%| F|  |TAMS 0x00000000a8800000, 0x00000000a8800000| Untracked 
| 137|0x00000000a8900000, 0x00000000a8900000, 0x00000000a8a00000|  0%| F|  |TAMS 0x00000000a8900000, 0x00000000a8900000| Untracked 
| 138|0x00000000a8a00000, 0x00000000a8a00000, 0x00000000a8b00000|  0%| F|  |TAMS 0x00000000a8a00000, 0x00000000a8a00000| Untracked 
| 139|0x00000000a8b00000, 0x00000000a8b00000, 0x00000000a8c00000|  0%| F|  |TAMS 0x00000000a8b00000, 0x00000000a8b00000| Untracked 
| 140|0x00000000a8c00000, 0x00000000a8c00000, 0x00000000a8d00000|  0%| F|  |TAMS 0x00000000a8c00000, 0x00000000a8c00000| Untracked 
| 141|0x00000000a8d00000, 0x00000000a8d00000, 0x00000000a8e00000|  0%| F|  |TAMS 0x00000000a8d00000, 0x00000000a8d00000| Untracked 
| 142|0x00000000a8e00000, 0x00000000a8e00000, 0x00000000a8f00000|  0%| F|  |TAMS 0x00000000a8e00000, 0x00000000a8e00000| Untracked 
| 143|0x00000000a8f00000, 0x00000000a8f00000, 0x00000000a9000000|  0%| F|  |TAMS 0x00000000a8f00000, 0x00000000a8f00000| Untracked 
| 144|0x00000000a9000000, 0x00000000a9000000, 0x00000000a9100000|  0%| F|  |TAMS 0x00000000a9000000, 0x00000000a9000000| Untracked 
| 145|0x00000000a9100000, 0x00000000a9100000, 0x00000000a9200000|  0%| F|  |TAMS 0x00000000a9100000, 0x00000000a9100000| Untracked 
| 146|0x00000000a9200000, 0x00000000a9200000, 0x00000000a9300000|  0%| F|  |TAMS 0x00000000a9200000, 0x00000000a9200000| Untracked 
| 147|0x00000000a9300000, 0x00000000a9300000, 0x00000000a9400000|  0%| F|  |TAMS 0x00000000a9300000, 0x00000000a9300000| Untracked 
| 148|0x00000000a9400000, 0x00000000a9400000, 0x00000000a9500000|  0%| F|  |TAMS 0x00000000a9400000, 0x00000000a9400000| Untracked 
| 149|0x00000000a9500000, 0x00000000a9500000, 0x00000000a9600000|  0%| F|  |TAMS 0x00000000a9500000, 0x00000000a9500000| Untracked 
| 150|0x00000000a9600000, 0x00000000a9600000, 0x00000000a9700000|  0%| F|  |TAMS 0x00000000a9600000, 0x00000000a9600000| Untracked 
| 151|0x00000000a9700000, 0x00000000a9700000, 0x00000000a9800000|  0%| F|  |TAMS 0x00000000a9700000, 0x00000000a9700000| Untracked 
| 152|0x00000000a9800000, 0x00000000a9800000, 0x00000000a9900000|  0%| F|  |TAMS 0x00000000a9800000, 0x00000000a9800000| Untracked 
| 153|0x00000000a9900000, 0x00000000a9900000, 0x00000000a9a00000|  0%| F|  |TAMS 0x00000000a9900000, 0x00000000a9900000| Untracked 
| 154|0x00000000a9a00000, 0x00000000a9a00000, 0x00000000a9b00000|  0%| F|  |TAMS 0x00000000a9a00000, 0x00000000a9a00000| Untracked 
| 155|0x00000000a9b00000, 0x00000000a9b00000, 0x00000000a9c00000|  0%| F|  |TAMS 0x00000000a9b00000, 0x00000000a9b00000| Untracked 
| 156|0x00000000a9c00000, 0x00000000a9c00000, 0x00000000a9d00000|  0%| F|  |TAMS 0x00000000a9c00000, 0x00000000a9c00000| Untracked 
| 157|0x00000000a9d00000, 0x00000000a9d00000, 0x00000000a9e00000|  0%| F|  |TAMS 0x00000000a9d00000, 0x00000000a9d00000| Untracked 
| 158|0x00000000a9e00000, 0x00000000a9e00000, 0x00000000a9f00000|  0%| F|  |TAMS 0x00000000a9e00000, 0x00000000a9e00000| Untracked 
| 159|0x00000000a9f00000, 0x00000000a9f00000, 0x00000000aa000000|  0%| F|  |TAMS 0x00000000a9f00000, 0x00000000a9f00000| Untracked 
| 160|0x00000000aa000000, 0x00000000aa000000, 0x00000000aa100000|  0%| F|  |TAMS 0x00000000aa000000, 0x00000000aa000000| Untracked 
| 161|0x00000000aa100000, 0x00000000aa100000, 0x00000000aa200000|  0%| F|  |TAMS 0x00000000aa100000, 0x00000000aa100000| Untracked 
| 162|0x00000000aa200000, 0x00000000aa200000, 0x00000000aa300000|  0%| F|  |TAMS 0x00000000aa200000, 0x00000000aa200000| Untracked 
| 163|0x00000000aa300000, 0x00000000aa300000, 0x00000000aa400000|  0%| F|  |TAMS 0x00000000aa300000, 0x00000000aa300000| Untracked 
| 164|0x00000000aa400000, 0x00000000aa400000, 0x00000000aa500000|  0%| F|  |TAMS 0x00000000aa400000, 0x00000000aa400000| Untracked 
| 165|0x00000000aa500000, 0x00000000aa500000, 0x00000000aa600000|  0%| F|  |TAMS 0x00000000aa500000, 0x00000000aa500000| Untracked 
| 166|0x00000000aa600000, 0x00000000aa600000, 0x00000000aa700000|  0%| F|  |TAMS 0x00000000aa600000, 0x00000000aa600000| Untracked 
| 167|0x00000000aa700000, 0x00000000aa700000, 0x00000000aa800000|  0%| F|  |TAMS 0x00000000aa700000, 0x00000000aa700000| Untracked 
| 168|0x00000000aa800000, 0x00000000aa800000, 0x00000000aa900000|  0%| F|  |TAMS 0x00000000aa800000, 0x00000000aa800000| Untracked 
| 169|0x00000000aa900000, 0x00000000aa900000, 0x00000000aaa00000|  0%| F|  |TAMS 0x00000000aa900000, 0x00000000aa900000| Untracked 
| 170|0x00000000aaa00000, 0x00000000aaa00000, 0x00000000aab00000|  0%| F|  |TAMS 0x00000000aaa00000, 0x00000000aaa00000| Untracked 
| 171|0x00000000aab00000, 0x00000000aab00000, 0x00000000aac00000|  0%| F|  |TAMS 0x00000000aab00000, 0x00000000aab00000| Untracked 
| 172|0x00000000aac00000, 0x00000000aac00000, 0x00000000aad00000|  0%| F|  |TAMS 0x00000000aac00000, 0x00000000aac00000| Untracked 
| 173|0x00000000aad00000, 0x00000000aad00000, 0x00000000aae00000|  0%| F|  |TAMS 0x00000000aad00000, 0x00000000aad00000| Untracked 
| 174|0x00000000aae00000, 0x00000000aae00000, 0x00000000aaf00000|  0%| F|  |TAMS 0x00000000aae00000, 0x00000000aae00000| Untracked 
| 175|0x00000000aaf00000, 0x00000000aaf00000, 0x00000000ab000000|  0%| F|  |TAMS 0x00000000aaf00000, 0x00000000aaf00000| Untracked 
| 176|0x00000000ab000000, 0x00000000ab000000, 0x00000000ab100000|  0%| F|  |TAMS 0x00000000ab000000, 0x00000000ab000000| Untracked 
| 177|0x00000000ab100000, 0x00000000ab100000, 0x00000000ab200000|  0%| F|  |TAMS 0x00000000ab100000, 0x00000000ab100000| Untracked 
| 178|0x00000000ab200000, 0x00000000ab282e60, 0x00000000ab300000| 51%| S|CS|TAMS 0x00000000ab200000, 0x00000000ab200000| Complete 
| 179|0x00000000ab300000, 0x00000000ab400000, 0x00000000ab400000|100%| S|CS|TAMS 0x00000000ab300000, 0x00000000ab300000| Complete 
| 180|0x00000000ab400000, 0x00000000ab500000, 0x00000000ab500000|100%| S|CS|TAMS 0x00000000ab400000, 0x00000000ab400000| Complete 
| 181|0x00000000ab500000, 0x00000000ab600000, 0x00000000ab600000|100%| S|CS|TAMS 0x00000000ab500000, 0x00000000ab500000| Complete 
| 182|0x00000000ab600000, 0x00000000ab700000, 0x00000000ab700000|100%| S|CS|TAMS 0x00000000ab600000, 0x00000000ab600000| Complete 
| 183|0x00000000ab700000, 0x00000000ab800000, 0x00000000ab800000|100%| S|CS|TAMS 0x00000000ab700000, 0x00000000ab700000| Complete 
| 184|0x00000000ab800000, 0x00000000ab900000, 0x00000000ab900000|100%| S|CS|TAMS 0x00000000ab800000, 0x00000000ab800000| Complete 
| 185|0x00000000ab900000, 0x00000000aba00000, 0x00000000aba00000|100%| S|CS|TAMS 0x00000000ab900000, 0x00000000ab900000| Complete 
| 186|0x00000000aba00000, 0x00000000abb00000, 0x00000000abb00000|100%| S|CS|TAMS 0x00000000aba00000, 0x00000000aba00000| Complete 
| 187|0x00000000abb00000, 0x00000000abb00000, 0x00000000abc00000|  0%| F|  |TAMS 0x00000000abb00000, 0x00000000abb00000| Untracked 
| 188|0x00000000abc00000, 0x00000000abc00000, 0x00000000abd00000|  0%| F|  |TAMS 0x00000000abc00000, 0x00000000abc00000| Untracked 
| 189|0x00000000abd00000, 0x00000000abd00000, 0x00000000abe00000|  0%| F|  |TAMS 0x00000000abd00000, 0x00000000abd00000| Untracked 
| 190|0x00000000abe00000, 0x00000000abe00000, 0x00000000abf00000|  0%| F|  |TAMS 0x00000000abe00000, 0x00000000abe00000| Untracked 
| 191|0x00000000abf00000, 0x00000000abf00000, 0x00000000ac000000|  0%| F|  |TAMS 0x00000000abf00000, 0x00000000abf00000| Untracked 
| 192|0x00000000ac000000, 0x00000000ac000000, 0x00000000ac100000|  0%| F|  |TAMS 0x00000000ac000000, 0x00000000ac000000| Untracked 
| 193|0x00000000ac100000, 0x00000000ac100000, 0x00000000ac200000|  0%| F|  |TAMS 0x00000000ac100000, 0x00000000ac100000| Untracked 
| 194|0x00000000ac200000, 0x00000000ac200000, 0x00000000ac300000|  0%| F|  |TAMS 0x00000000ac200000, 0x00000000ac200000| Untracked 
| 195|0x00000000ac300000, 0x00000000ac300000, 0x00000000ac400000|  0%| F|  |TAMS 0x00000000ac300000, 0x00000000ac300000| Untracked 
| 196|0x00000000ac400000, 0x00000000ac400000, 0x00000000ac500000|  0%| F|  |TAMS 0x00000000ac400000, 0x00000000ac400000| Untracked 
| 197|0x00000000ac500000, 0x00000000ac500000, 0x00000000ac600000|  0%| F|  |TAMS 0x00000000ac500000, 0x00000000ac500000| Untracked 
| 198|0x00000000ac600000, 0x00000000ac600000, 0x00000000ac700000|  0%| F|  |TAMS 0x00000000ac600000, 0x00000000ac600000| Untracked 
| 199|0x00000000ac700000, 0x00000000ac700000, 0x00000000ac800000|  0%| F|  |TAMS 0x00000000ac700000, 0x00000000ac700000| Untracked 
| 200|0x00000000ac800000, 0x00000000ac800000, 0x00000000ac900000|  0%| F|  |TAMS 0x00000000ac800000, 0x00000000ac800000| Untracked 
| 201|0x00000000ac900000, 0x00000000ac900000, 0x00000000aca00000|  0%| F|  |TAMS 0x00000000ac900000, 0x00000000ac900000| Untracked 
| 202|0x00000000aca00000, 0x00000000aca00000, 0x00000000acb00000|  0%| F|  |TAMS 0x00000000aca00000, 0x00000000aca00000| Untracked 
| 203|0x00000000acb00000, 0x00000000acb00000, 0x00000000acc00000|  0%| F|  |TAMS 0x00000000acb00000, 0x00000000acb00000| Untracked 
| 204|0x00000000acc00000, 0x00000000acc00000, 0x00000000acd00000|  0%| F|  |TAMS 0x00000000acc00000, 0x00000000acc00000| Untracked 
| 205|0x00000000acd00000, 0x00000000acd00000, 0x00000000ace00000|  0%| F|  |TAMS 0x00000000acd00000, 0x00000000acd00000| Untracked 
| 206|0x00000000ace00000, 0x00000000ace00000, 0x00000000acf00000|  0%| F|  |TAMS 0x00000000ace00000, 0x00000000ace00000| Untracked 
| 207|0x00000000acf00000, 0x00000000acf00000, 0x00000000ad000000|  0%| F|  |TAMS 0x00000000acf00000, 0x00000000acf00000| Untracked 
| 208|0x00000000ad000000, 0x00000000ad000000, 0x00000000ad100000|  0%| F|  |TAMS 0x00000000ad000000, 0x00000000ad000000| Untracked 
| 209|0x00000000ad100000, 0x00000000ad100000, 0x00000000ad200000|  0%| F|  |TAMS 0x00000000ad100000, 0x00000000ad100000| Untracked 
| 210|0x00000000ad200000, 0x00000000ad200000, 0x00000000ad300000|  0%| F|  |TAMS 0x00000000ad200000, 0x00000000ad200000| Untracked 
| 211|0x00000000ad300000, 0x00000000ad300000, 0x00000000ad400000|  0%| F|  |TAMS 0x00000000ad300000, 0x00000000ad300000| Untracked 
| 212|0x00000000ad400000, 0x00000000ad400000, 0x00000000ad500000|  0%| F|  |TAMS 0x00000000ad400000, 0x00000000ad400000| Untracked 
| 213|0x00000000ad500000, 0x00000000ad500000, 0x00000000ad600000|  0%| F|  |TAMS 0x00000000ad500000, 0x00000000ad500000| Untracked 
| 214|0x00000000ad600000, 0x00000000ad600000, 0x00000000ad700000|  0%| F|  |TAMS 0x00000000ad600000, 0x00000000ad600000| Untracked 
| 215|0x00000000ad700000, 0x00000000ad700000, 0x00000000ad800000|  0%| F|  |TAMS 0x00000000ad700000, 0x00000000ad700000| Untracked 
| 216|0x00000000ad800000, 0x00000000ad800000, 0x00000000ad900000|  0%| F|  |TAMS 0x00000000ad800000, 0x00000000ad800000| Untracked 
| 217|0x00000000ad900000, 0x00000000ad900000, 0x00000000ada00000|  0%| F|  |TAMS 0x00000000ad900000, 0x00000000ad900000| Untracked 
| 218|0x00000000ada00000, 0x00000000ada00000, 0x00000000adb00000|  0%| F|  |TAMS 0x00000000ada00000, 0x00000000ada00000| Untracked 
| 219|0x00000000adb00000, 0x00000000adb00000, 0x00000000adc00000|  0%| F|  |TAMS 0x00000000adb00000, 0x00000000adb00000| Untracked 
| 220|0x00000000adc00000, 0x00000000adc00000, 0x00000000add00000|  0%| F|  |TAMS 0x00000000adc00000, 0x00000000adc00000| Untracked 
| 221|0x00000000add00000, 0x00000000add00000, 0x00000000ade00000|  0%| F|  |TAMS 0x00000000add00000, 0x00000000add00000| Untracked 
| 222|0x00000000ade00000, 0x00000000ade00000, 0x00000000adf00000|  0%| F|  |TAMS 0x00000000ade00000, 0x00000000ade00000| Untracked 
| 223|0x00000000adf00000, 0x00000000adf00000, 0x00000000ae000000|  0%| F|  |TAMS 0x00000000adf00000, 0x00000000adf00000| Untracked 
| 224|0x00000000ae000000, 0x00000000ae000000, 0x00000000ae100000|  0%| F|  |TAMS 0x00000000ae000000, 0x00000000ae000000| Untracked 
| 225|0x00000000ae100000, 0x00000000ae100000, 0x00000000ae200000|  0%| F|  |TAMS 0x00000000ae100000, 0x00000000ae100000| Untracked 
| 226|0x00000000ae200000, 0x00000000ae200000, 0x00000000ae300000|  0%| F|  |TAMS 0x00000000ae200000, 0x00000000ae200000| Untracked 
| 227|0x00000000ae300000, 0x00000000ae300000, 0x00000000ae400000|  0%| F|  |TAMS 0x00000000ae300000, 0x00000000ae300000| Untracked 
| 228|0x00000000ae400000, 0x00000000ae400000, 0x00000000ae500000|  0%| F|  |TAMS 0x00000000ae400000, 0x00000000ae400000| Untracked 
| 229|0x00000000ae500000, 0x00000000ae500000, 0x00000000ae600000|  0%| F|  |TAMS 0x00000000ae500000, 0x00000000ae500000| Untracked 
| 230|0x00000000ae600000, 0x00000000ae600000, 0x00000000ae700000|  0%| F|  |TAMS 0x00000000ae600000, 0x00000000ae600000| Untracked 
| 231|0x00000000ae700000, 0x00000000ae700000, 0x00000000ae800000|  0%| F|  |TAMS 0x00000000ae700000, 0x00000000ae700000| Untracked 
| 232|0x00000000ae800000, 0x00000000ae800000, 0x00000000ae900000|  0%| F|  |TAMS 0x00000000ae800000, 0x00000000ae800000| Untracked 
| 233|0x00000000ae900000, 0x00000000ae900000, 0x00000000aea00000|  0%| F|  |TAMS 0x00000000ae900000, 0x00000000ae900000| Untracked 
| 234|0x00000000aea00000, 0x00000000aea00000, 0x00000000aeb00000|  0%| F|  |TAMS 0x00000000aea00000, 0x00000000aea00000| Untracked 
| 235|0x00000000aeb00000, 0x00000000aeb00000, 0x00000000aec00000|  0%| F|  |TAMS 0x00000000aeb00000, 0x00000000aeb00000| Untracked 
| 236|0x00000000aec00000, 0x00000000aec00000, 0x00000000aed00000|  0%| F|  |TAMS 0x00000000aec00000, 0x00000000aec00000| Untracked 
| 237|0x00000000aed00000, 0x00000000aed33b48, 0x00000000aee00000| 20%| E|  |TAMS 0x00000000aed00000, 0x00000000aed00000| Complete 
| 238|0x00000000aee00000, 0x00000000aef00000, 0x00000000aef00000|100%| E|CS|TAMS 0x00000000aee00000, 0x00000000aee00000| Complete 
| 239|0x00000000aef00000, 0x00000000af000000, 0x00000000af000000|100%| E|CS|TAMS 0x00000000aef00000, 0x00000000aef00000| Complete 
| 240|0x00000000af000000, 0x00000000af100000, 0x00000000af100000|100%| E|CS|TAMS 0x00000000af000000, 0x00000000af000000| Complete 
| 241|0x00000000af100000, 0x00000000af200000, 0x00000000af200000|100%| E|CS|TAMS 0x00000000af100000, 0x00000000af100000| Complete 
| 242|0x00000000af200000, 0x00000000af300000, 0x00000000af300000|100%| E|CS|TAMS 0x00000000af200000, 0x00000000af200000| Complete 
| 243|0x00000000af300000, 0x00000000af400000, 0x00000000af400000|100%| E|CS|TAMS 0x00000000af300000, 0x00000000af300000| Complete 
| 244|0x00000000af400000, 0x00000000af500000, 0x00000000af500000|100%| E|CS|TAMS 0x00000000af400000, 0x00000000af400000| Complete 
| 245|0x00000000af500000, 0x00000000af600000, 0x00000000af600000|100%| E|CS|TAMS 0x00000000af500000, 0x00000000af500000| Complete 
| 246|0x00000000af600000, 0x00000000af700000, 0x00000000af700000|100%| E|CS|TAMS 0x00000000af600000, 0x00000000af600000| Complete 
| 247|0x00000000af700000, 0x00000000af800000, 0x00000000af800000|100%| E|CS|TAMS 0x00000000af700000, 0x00000000af700000| Complete 
| 248|0x00000000af800000, 0x00000000af900000, 0x00000000af900000|100%| E|CS|TAMS 0x00000000af800000, 0x00000000af800000| Complete 
| 249|0x00000000af900000, 0x00000000afa00000, 0x00000000afa00000|100%| E|CS|TAMS 0x00000000af900000, 0x00000000af900000| Complete 
| 250|0x00000000afa00000, 0x00000000afb00000, 0x00000000afb00000|100%| E|CS|TAMS 0x00000000afa00000, 0x00000000afa00000| Complete 
| 251|0x00000000afb00000, 0x00000000afc00000, 0x00000000afc00000|100%| E|CS|TAMS 0x00000000afb00000, 0x00000000afb00000| Complete 
| 252|0x00000000afc00000, 0x00000000afd00000, 0x00000000afd00000|100%| E|CS|TAMS 0x00000000afc00000, 0x00000000afc00000| Complete 
| 253|0x00000000afd00000, 0x00000000afe00000, 0x00000000afe00000|100%| E|CS|TAMS 0x00000000afd00000, 0x00000000afd00000| Complete 
| 254|0x00000000afe00000, 0x00000000aff00000, 0x00000000aff00000|100%| E|CS|TAMS 0x00000000afe00000, 0x00000000afe00000| Complete 
| 255|0x00000000aff00000, 0x00000000b0000000, 0x00000000b0000000|100%| E|CS|TAMS 0x00000000aff00000, 0x00000000aff00000| Complete 
| 256|0x00000000b0000000, 0x00000000b0100000, 0x00000000b0100000|100%| E|CS|TAMS 0x00000000b0000000, 0x00000000b0000000| Complete 
| 257|0x00000000b0100000, 0x00000000b0200000, 0x00000000b0200000|100%| E|CS|TAMS 0x00000000b0100000, 0x00000000b0100000| Complete 
| 258|0x00000000b0200000, 0x00000000b0300000, 0x00000000b0300000|100%| E|CS|TAMS 0x00000000b0200000, 0x00000000b0200000| Complete 
| 259|0x00000000b0300000, 0x00000000b0400000, 0x00000000b0400000|100%| E|CS|TAMS 0x00000000b0300000, 0x00000000b0300000| Complete 
| 260|0x00000000b0400000, 0x00000000b0500000, 0x00000000b0500000|100%| E|CS|TAMS 0x00000000b0400000, 0x00000000b0400000| Complete 
| 261|0x00000000b0500000, 0x00000000b0600000, 0x00000000b0600000|100%| E|CS|TAMS 0x00000000b0500000, 0x00000000b0500000| Complete 
| 262|0x00000000b0600000, 0x00000000b0700000, 0x00000000b0700000|100%| E|CS|TAMS 0x00000000b0600000, 0x00000000b0600000| Complete 
| 263|0x00000000b0700000, 0x00000000b0800000, 0x00000000b0800000|100%| E|CS|TAMS 0x00000000b0700000, 0x00000000b0700000| Complete 

Card table byte_map: [0x00000258c8550000,0x00000258c8850000] _byte_map_base: 0x00000258c8050000

Marking Bits (Prev, Next): (CMBitMap*) 0x00000258b543ca20, (CMBitMap*) 0x00000258b543c9e8
 Prev Bits: [0x00000258ca350000, 0x00000258cbb50000)
 Next Bits: [0x00000258c8b50000, 0x00000258ca350000)

Polling page: 0x00000258b4bd0000

Metaspace:

Usage:
  Non-class:    102.51 MB capacity,   100.18 MB ( 98%) used,     1.87 MB (  2%) free+waste,   472.62 KB ( <1%) overhead. 
      Class:     16.81 MB capacity,    15.19 MB ( 90%) used,     1.39 MB (  8%) free+waste,   234.75 KB (  1%) overhead. 
       Both:    119.32 MB capacity,   115.37 MB ( 97%) used,     3.26 MB (  3%) free+waste,   707.38 KB ( <1%) overhead. 

Virtual space:
  Non-class space:      104.00 MB reserved,     102.67 MB ( 99%) committed 
      Class space:        1.00 GB reserved,      16.88 MB (  2%) committed 
             Both:        1.10 GB reserved,     119.55 MB ( 11%) committed 

Chunk freelists:
   Non-Class:  0 bytes
       Class:  0 bytes
        Both:  0 bytes

MaxMetaspaceSize: 17179869184.00 GB
CompressedClassSpaceSize: 1.00 GB
Initial GC threshold: 20.80 MB
Current GC threshold: 174.25 MB
CDS: off

CodeHeap 'non-profiled nmethods': size=120000Kb used=9874Kb max_used=9874Kb free=110125Kb
 bounds [0x00000258c09f0000, 0x00000258c13a0000, 0x00000258c7f20000]
CodeHeap 'profiled nmethods': size=120000Kb used=32828Kb max_used=32828Kb free=87171Kb
 bounds [0x00000258b94c0000, 0x00000258bb4d0000, 0x00000258c09f0000]
CodeHeap 'non-nmethods': size=5760Kb used=2429Kb max_used=2476Kb free=3330Kb
 bounds [0x00000258b8f20000, 0x00000258b9190000, 0x00000258b94c0000]
 total_blobs=16245 nmethods=15284 adapters=872
 compilation: enabled
              stopped_count=0, restarted_count=0
 full_count=0

Compilation events (20 events):
Event: 27.421 Thread 0x00000258cef1b800 nmethod 15496 0x00000258bb499a10 code [0x00000258bb499be0, 0x00000258bb499e88]
Event: 27.421 Thread 0x00000258cef1b800 15476       2       com.android.tools.r8.internal.bm1::a (20 bytes)
Event: 27.421 Thread 0x00000258cef1b800 nmethod 15476 0x00000258bb499f90 code [0x00000258bb49a160, 0x00000258bb49a388]
Event: 27.421 Thread 0x00000258cef1b800 15506       2       com.android.tools.r8.internal.eB0::a (63 bytes)
Event: 27.422 Thread 0x00000258cef1b800 nmethod 15506 0x00000258bb49a510 code [0x00000258bb49a6e0, 0x00000258bb49a918]
Event: 27.422 Thread 0x00000258cef1b800 15477       2       com.android.tools.r8.internal.v::containsKey (20 bytes)
Event: 27.422 Thread 0x00000258cef1b800 nmethod 15477 0x00000258bb49aa90 code [0x00000258bb49ac40, 0x00000258bb49adc8]
Event: 27.422 Thread 0x00000258cef1b800 15474       2       com.android.tools.r8.internal.ZD0::a (107 bytes)
Event: 27.423 Thread 0x00000258cef1b800 nmethod 15474 0x00000258bb49ae90 code [0x00000258bb49b0c0, 0x00000258bb49b6b8]
Event: 27.423 Thread 0x00000258cef1b800 15509       2       com.android.tools.r8.internal.Ns1::a (82 bytes)
Event: 27.424 Thread 0x00000258cef1b800 nmethod 15509 0x00000258bb49bc10 code [0x00000258bb49be60, 0x00000258bb49c458]
Event: 27.424 Thread 0x00000258cef1b800 15486       2       com.android.tools.r8.internal.BU0::a (155 bytes)
Event: 27.425 Thread 0x00000258cef1b800 nmethod 15486 0x00000258bb49c710 code [0x00000258bb49c8e0, 0x00000258bb49ca98]
Event: 27.425 Thread 0x00000258cef1b800 15488       2       com.android.tools.r8.internal.RR0::hashCode (10 bytes)
Event: 27.425 Thread 0x00000258cef1b800 nmethod 15488 0x00000258bb49cc10 code [0x00000258bb49cdc0, 0x00000258bb49cee8]
Event: 27.425 Thread 0x00000258cef1b800 15497       2       com.android.tools.r8.internal.AV0::j (45 bytes)
Event: 27.425 Thread 0x00000258cef1b800 nmethod 15497 0x00000258bb49cf90 code [0x00000258bb49d160, 0x00000258bb49d448]
Event: 27.425 Thread 0x00000258cef1b800 15498       2       com.android.tools.r8.internal.z::entrySet (7 bytes)
Event: 27.425 Thread 0x00000258cef1b800 nmethod 15498 0x00000258bb49d590 code [0x00000258bb49d740, 0x00000258bb49d868]
Event: 27.425 Thread 0x00000258cef1b800 15512 %     3       com.android.tools.r8.ir.regalloc.b::c @ 177 (3939 bytes)

GC Heap History (20 events):
Event: 23.362 GC heap before
{Heap before GC invocations=50 (full 0):
 garbage-first heap   total 187392K, used 124704K [0x00000000a0000000, 0x0000000100000000)
  region size 1024K, 9 young (9216K), 4 survivors (4096K)
 Metaspace       used 98938K, capacity 101488K, committed 101808K, reserved 1138688K
  class space    used 12565K, capacity 13463K, committed 13568K, reserved 1048576K
}
Event: 23.369 GC heap after
{Heap after GC invocations=51 (full 0):
 garbage-first heap   total 187392K, used 114113K [0x00000000a0000000, 0x0000000100000000)
  region size 1024K, 1 young (1024K), 1 survivors (1024K)
 Metaspace       used 98938K, capacity 101488K, committed 101808K, reserved 1138688K
  class space    used 12565K, capacity 13463K, committed 13568K, reserved 1048576K
}
Event: 23.568 GC heap before
{Heap before GC invocations=51 (full 0):
 garbage-first heap   total 187392K, used 141761K [0x00000000a0000000, 0x0000000100000000)
  region size 1024K, 29 young (29696K), 1 survivors (1024K)
 Metaspace       used 99067K, capacity 101611K, committed 101808K, reserved 1138688K
  class space    used 12575K, capacity 13501K, committed 13568K, reserved 1048576K
}
Event: 23.575 GC heap after
{Heap after GC invocations=52 (full 0):
 garbage-first heap   total 225280K, used 116781K [0x00000000a0000000, 0x0000000100000000)
  region size 1024K, 4 young (4096K), 4 survivors (4096K)
 Metaspace       used 99067K, capacity 101611K, committed 101808K, reserved 1138688K
  class space    used 12575K, capacity 13501K, committed 13568K, reserved 1048576K
}
Event: 24.001 GC heap before
{Heap before GC invocations=53 (full 0):
 garbage-first heap   total 225280K, used 159789K [0x00000000a0000000, 0x0000000100000000)
  region size 1024K, 48 young (49152K), 4 survivors (4096K)
 Metaspace       used 100180K, capacity 102755K, committed 102960K, reserved 1138688K
  class space    used 12717K, capacity 13613K, committed 13696K, reserved 1048576K
}
Event: 24.007 GC heap after
{Heap after GC invocations=54 (full 0):
 garbage-first heap   total 225280K, used 118072K [0x00000000a0000000, 0x0000000100000000)
  region size 1024K, 4 young (4096K), 4 survivors (4096K)
 Metaspace       used 100180K, capacity 102755K, committed 102960K, reserved 1138688K
  class space    used 12717K, capacity 13613K, committed 13696K, reserved 1048576K
}
Event: 24.045 GC heap before
{Heap before GC invocations=54 (full 0):
 garbage-first heap   total 225280K, used 124216K [0x00000000a0000000, 0x0000000100000000)
  region size 1024K, 11 young (11264K), 4 survivors (4096K)
 Metaspace       used 100306K, capacity 102915K, committed 103216K, reserved 1138688K
  class space    used 12734K, capacity 13645K, committed 13696K, reserved 1048576K
}
Event: 24.050 GC heap after
{Heap after GC invocations=55 (full 0):
 garbage-first heap   total 225280K, used 114927K [0x00000000a0000000, 0x0000000100000000)
  region size 1024K, 1 young (1024K), 1 survivors (1024K)
 Metaspace       used 100306K, capacity 102915K, committed 103216K, reserved 1138688K
  class space    used 12734K, capacity 13645K, committed 13696K, reserved 1048576K
}
Event: 24.549 GC heap before
{Heap before GC invocations=55 (full 0):
 garbage-first heap   total 225280K, used 163055K [0x00000000a0000000, 0x0000000100000000)
  region size 1024K, 49 young (50176K), 1 survivors (1024K)
 Metaspace       used 102978K, capacity 105668K, committed 105904K, reserved 1140736K
  class space    used 13076K, capacity 14048K, committed 14080K, reserved 1048576K
}
Event: 24.560 GC heap after
{Heap after GC invocations=56 (full 0):
 garbage-first heap   total 225280K, used 118791K [0x00000000a0000000, 0x0000000100000000)
  region size 1024K, 5 young (5120K), 5 survivors (5120K)
 Metaspace       used 102978K, capacity 105668K, committed 105904K, reserved 1140736K
  class space    used 13076K, capacity 14048K, committed 14080K, reserved 1048576K
}
Event: 25.276 GC heap before
{Heap before GC invocations=57 (full 0):
 garbage-first heap   total 225280K, used 168967K [0x00000000a0000000, 0x0000000100000000)
  region size 1024K, 54 young (55296K), 5 survivors (5120K)
 Metaspace       used 108610K, capacity 111614K, committed 111792K, reserved 1146880K
  class space    used 13910K, capacity 14983K, committed 15104K, reserved 1048576K
}
Event: 25.289 GC heap after
{Heap after GC invocations=58 (full 0):
 garbage-first heap   total 225280K, used 123191K [0x00000000a0000000, 0x0000000100000000)
  region size 1024K, 5 young (5120K), 5 survivors (5120K)
 Metaspace       used 108610K, capacity 111614K, committed 111792K, reserved 1146880K
  class space    used 13910K, capacity 14983K, committed 15104K, reserved 1048576K
}
Event: 25.405 GC heap before
{Heap before GC invocations=58 (full 0):
 garbage-first heap   total 225280K, used 128311K [0x00000000a0000000, 0x0000000100000000)
  region size 1024K, 11 young (11264K), 5 survivors (5120K)
 Metaspace       used 109267K, capacity 112293K, committed 112560K, reserved 1146880K
  class space    used 13985K, capacity 15081K, committed 15104K, reserved 1048576K
}
Event: 25.418 GC heap after
{Heap after GC invocations=59 (full 0):
 garbage-first heap   total 225280K, used 122946K [0x00000000a0000000, 0x0000000100000000)
  region size 1024K, 2 young (2048K), 2 survivors (2048K)
 Metaspace       used 109267K, capacity 112293K, committed 112560K, reserved 1146880K
  class space    used 13985K, capacity 15081K, committed 15104K, reserved 1048576K
}
Event: 26.359 GC heap before
{Heap before GC invocations=59 (full 0):
 garbage-first heap   total 225280K, used 172098K [0x00000000a0000000, 0x0000000100000000)
  region size 1024K, 51 young (52224K), 2 survivors (2048K)
 Metaspace       used 114805K, capacity 118656K, committed 118832K, reserved 1150976K
  class space    used 15149K, capacity 16705K, committed 16768K, reserved 1048576K
}
Event: 26.367 GC heap after
{Heap after GC invocations=60 (full 0):
 garbage-first heap   total 270336K, used 125684K [0x00000000a0000000, 0x0000000100000000)
  region size 1024K, 4 young (4096K), 4 survivors (4096K)
 Metaspace       used 114805K, capacity 118656K, committed 118832K, reserved 1150976K
  class space    used 15149K, capacity 16705K, committed 16768K, reserved 1048576K
}
Event: 26.916 GC heap before
{Heap before GC invocations=60 (full 0):
 garbage-first heap   total 270336K, used 195316K [0x00000000a0000000, 0x0000000100000000)
  region size 1024K, 72 young (73728K), 4 survivors (4096K)
 Metaspace       used 116818K, capacity 120720K, committed 120880K, reserved 1153024K
  class space    used 15363K, capacity 16936K, committed 17024K, reserved 1048576K
}
Event: 26.923 GC heap after
{Heap after GC invocations=61 (full 0):
 garbage-first heap   total 270336K, used 126193K [0x00000000a0000000, 0x0000000100000000)
  region size 1024K, 5 young (5120K), 5 survivors (5120K)
 Metaspace       used 116818K, capacity 120720K, committed 120880K, reserved 1153024K
  class space    used 15363K, capacity 16936K, committed 17024K, reserved 1048576K
}
Event: 27.384 GC heap before
{Heap before GC invocations=61 (full 0):
 garbage-first heap   total 270336K, used 198897K [0x00000000a0000000, 0x0000000100000000)
  region size 1024K, 77 young (78848K), 5 survivors (5120K)
 Metaspace       used 117972K, capacity 122005K, committed 122032K, reserved 1155072K
  class space    used 15512K, capacity 17150K, committed 17152K, reserved 1048576K
}
Event: 27.392 GC heap after
{Heap after GC invocations=62 (full 0):
 garbage-first heap   total 270336K, used 130304K [0x00000000a0000000, 0x0000000100000000)
  region size 1024K, 9 young (9216K), 9 survivors (9216K)
 Metaspace       used 117972K, capacity 122005K, committed 122032K, reserved 1155072K
  class space    used 15512K, capacity 17150K, committed 17152K, reserved 1048576K
}

Deoptimization events (20 events):
Event: 27.417 Thread 0x00000258d1e39000 DEOPT PACKING pc=0x00000258c1341d70 sp=0x0000008e3ecf9790
Event: 27.417 Thread 0x00000258d1e39000 DEOPT UNPACKING pc=0x00000258b8f6a1af sp=0x0000008e3ecf96c8 mode 2
Event: 27.417 Thread 0x00000258d1e39000 Uncommon trap: trap_request=0xffffffde fr.pc=0x00000258c1341d70 relative=0x00000000000000b0
Event: 27.417 Thread 0x00000258d1e39000 Uncommon trap: reason=class_check action=maybe_recompile pc=0x00000258c1341d70 method=com.android.tools.r8.internal.Ns1.a(Lcom/android/tools/r8/internal/Cr1;)Lcom/android/tools/r8/internal/Ns1; @ 34 c2
Event: 27.417 Thread 0x00000258d1e39000 DEOPT PACKING pc=0x00000258c1341d70 sp=0x0000008e3ecf94c0
Event: 27.417 Thread 0x00000258d1e39000 DEOPT UNPACKING pc=0x00000258b8f6a1af sp=0x0000008e3ecf93f8 mode 2
Event: 27.417 Thread 0x00000258d1e39000 Uncommon trap: trap_request=0xffffffde fr.pc=0x00000258c13419cc relative=0x000000000000008c
Event: 27.417 Thread 0x00000258d1e39000 Uncommon trap: reason=class_check action=maybe_recompile pc=0x00000258c13419cc method=com.android.tools.r8.internal.Ns1.a(Lcom/android/tools/r8/internal/Cr1;)Lcom/android/tools/r8/internal/Ns1; @ 34 c2
Event: 27.417 Thread 0x00000258d1e39000 DEOPT PACKING pc=0x00000258c13419cc sp=0x0000008e3ecf9720
Event: 27.417 Thread 0x00000258d1e39000 DEOPT UNPACKING pc=0x00000258b8f6a1af sp=0x0000008e3ecf96c0 mode 2
Event: 27.420 Thread 0x00000258d4e07800 DEOPT PACKING pc=0x00000258baf11a24 sp=0x0000008e404fc9f0
Event: 27.420 Thread 0x00000258d4e07800 DEOPT UNPACKING pc=0x00000258b8f6a95e sp=0x0000008e404fbe68 mode 0
Event: 27.420 Thread 0x00000258d4e07800 DEOPT PACKING pc=0x00000258babfd594 sp=0x0000008e404fcee0
Event: 27.420 Thread 0x00000258d4e07800 DEOPT UNPACKING pc=0x00000258b8f6a95e sp=0x0000008e404fc4c0 mode 0
Event: 27.436 Thread 0x00000258d4e88000 Uncommon trap: trap_request=0xffffffde fr.pc=0x00000258c13490b0 relative=0x0000000000000490
Event: 27.436 Thread 0x00000258d4e88000 Uncommon trap: reason=class_check action=maybe_recompile pc=0x00000258c13490b0 method=com.android.tools.r8.internal.Lk1.a(Ljava/lang/Object;[Lcom/android/tools/r8/internal/SS0;I)Ljava/lang/Object; @ 13 c2
Event: 27.436 Thread 0x00000258d4e88000 DEOPT PACKING pc=0x00000258c13490b0 sp=0x0000008e437f6db0
Event: 27.436 Thread 0x00000258d4e88000 DEOPT UNPACKING pc=0x00000258b8f6a1af sp=0x0000008e437f6cf8 mode 2
Event: 27.446 Thread 0x00000258d4e88000 DEOPT PACKING pc=0x00000258bb156dc0 sp=0x0000008e437f6cc0
Event: 27.446 Thread 0x00000258d4e88000 DEOPT UNPACKING pc=0x00000258b8f6a95e sp=0x0000008e437f61c8 mode 0

Classes redefined (0 events):
No events

Internal exceptions (20 events):
Event: 26.157 Thread 0x00000258d4e07800 Exception <a 'java/lang/NoSuchMethodError'{0x00000000ab99d678}: 'int java.lang.invoke.DirectMethodHandle$Holder.invokeSpecial(java.lang.Object, java.lang.Object, java.lang.Object, int, java.lang.Object)'> (0x00000000ab99d678) thrown at [src/hotspot/share/interpreter/linkResolver.cpp, line 773]
Event: 26.158 Thread 0x00000258d1c9c800 Exception <a 'java/lang/NoSuchMethodError'{0x00000000ab9b9230}: 'int java.lang.invoke.DirectMethodHandle$Holder.invokeSpecial(java.lang.Object, java.lang.Object, java.lang.Object, int, java.lang.Object)'> (0x00000000ab9b9230) thrown at [src/hotspot/share/interpreter/linkResolver.cpp, line 773]
Event: 26.176 Thread 0x00000258d1e40800 Exception <a 'java/lang/NoSuchMethodError'{0x00000000ab870420}: 'java.lang.Object java.lang.invoke.DirectMethodHandle$Holder.newInvokeSpecial(java.lang.Object, int)'> (0x00000000ab870420) thrown at [src/hotspot/share/interpreter/linkResolver.cpp, line 773]
Event: 26.176 Thread 0x00000258d4e12800 Exception <a 'java/lang/NoSuchMethodError'{0x00000000ab993278}: 'java.lang.Object java.lang.invoke.DirectMethodHandle$Holder.newInvokeSpecial(java.lang.Object, int)'> (0x00000000ab993278) thrown at [src/hotspot/share/interpreter/linkResolver.cpp, line 773]
Event: 26.176 Thread 0x00000258d1c9c800 Exception <a 'java/lang/NoSuchMethodError'{0x00000000ab9bf158}: 'java.lang.Object java.lang.invoke.DirectMethodHandle$Holder.newInvokeSpecial(java.lang.Object, int)'> (0x00000000ab9bf158) thrown at [src/hotspot/share/interpreter/linkResolver.cpp, line 773]
Event: 26.176 Thread 0x00000258d1e39000 Exception <a 'java/lang/NoSuchMethodError'{0x00000000ab938688}: 'java.lang.Object java.lang.invoke.DirectMethodHandle$Holder.newInvokeSpecial(java.lang.Object, int)'> (0x00000000ab938688) thrown at [src/hotspot/share/interpreter/linkResolver.cpp, line 773]
Event: 26.224 Thread 0x00000258d4e0c000 Exception <a 'java/lang/NoSuchMethodError'{0x00000000ab573278}: 'java.lang.Object java.lang.invoke.DirectMethodHandle$Holder.invokeInterface(java.lang.Object, java.lang.Object, int)'> (0x00000000ab573278) thrown at [src/hotspot/share/interpreter/linkResolver.cpp, line 773]
Event: 26.789 Thread 0x00000258d4e88000 Exception <a 'java/lang/NoSuchMethodError'{0x00000000ad9b9b58}: 'java.lang.Object java.lang.invoke.Invokers$Holder.linkToTargetMethod(java.lang.Object, int, java.lang.Object, java.lang.Object, java.lang.Object, java.lang.Object)'> (0x00000000ad9b9b58) thrown at [src/hotspot/share/interpreter/linkResolver.cpp, line 773]
Event: 26.800 Thread 0x00000258d4e88000 Exception <a 'java/lang/NoSuchMethodError'{0x00000000ad9c6f48}: 'java.lang.Object java.lang.invoke.DirectMethodHandle$Holder.invokeStatic(java.lang.Object, java.lang.Object, java.lang.Object, java.lang.Object, int, java.lang.Object, java.lang.Object)'> (0x00000000ad9c6f48) thrown at [src/hotspot/share/interpreter/linkResolver.cpp, line 773]
Event: 26.801 Thread 0x00000258d4e88000 Exception <a 'java/lang/NoSuchMethodError'{0x00000000ad9cf238}: 'java.lang.Object java.lang.invoke.Invokers$Holder.linkToTargetMethod(java.lang.Object, java.lang.Object, java.lang.Object, int, java.lang.Object, java.lang.Object, java.lang.Object)'> (0x00000000ad9cf238) thrown at [src/hotspot/share/interpreter/linkResolver.cpp, line 773]
Event: 26.811 Thread 0x00000258d4e88000 Exception <a 'java/lang/NoSuchMethodError'{0x00000000ad3df5b8}: 'void java.lang.invoke.DirectMethodHandle$Holder.invokeStatic(java.lang.Object, java.lang.Object, java.lang.Object, java.lang.Object, java.lang.Object, java.lang.Object, java.lang.Object, java.lang.Object)'> (0x00000000ad3df5b8) thrown at [src/hotspot/share/interpreter/linkResolver.cpp, line 773]
Event: 26.988 Thread 0x00000258d4e88000 Exception <a 'java/lang/IncompatibleClassChangeError'{0x00000000afd46ca0}: Found class java.lang.Object, but interface was expected> (0x00000000afd46ca0) thrown at [src/hotspot/share/interpreter/linkResolver.cpp, line 839]
Event: 27.112 Thread 0x00000258d4e88000 Exception <a 'java/lang/NoSuchMethodError'{0x00000000aec564b0}: 'void java.lang.invoke.DirectMethodHandle$Holder.invokeVirtual(java.lang.Object, java.lang.Object, int)'> (0x00000000aec564b0) thrown at [src/hotspot/share/interpreter/linkResolver.cpp, line 773]
Event: 27.173 Thread 0x00000258d1c9c800 Exception <a 'sun/nio/fs/WindowsException'{0x00000000ae592dc0}> (0x00000000ae592dc0) thrown at [src/hotspot/share/prims/jni.cpp, line 617]
Event: 27.173 Thread 0x00000258d4e88000 Exception <a 'sun/nio/fs/WindowsException'{0x00000000ae50df48}> (0x00000000ae50df48) thrown at [src/hotspot/share/prims/jni.cpp, line 617]
Event: 27.242 Thread 0x00000258d4e0c000 Exception <a 'java/lang/NoSuchMethodError'{0x00000000adb78e60}: 'java.lang.Object java.lang.invoke.DirectMethodHandle$Holder.invokeSpecial(java.lang.Object, java.lang.Object, java.lang.Object, java.lang.Object, java.lang.Object, java.lang.Object, java.lang.Object, java.lang.Object, java.lang.Object, java.lang.Object, java.lang.Object)'> (0x00000000adb78e60) thrown at [src/hotspot/share/interpreter/linkResolver.cpp, line 773]
Event: 27.243 Thread 0x00000258d4e0c000 Exception <a 'java/lang/NoSuchMethodError'{0x00000000adbb5988}: 'java.lang.Object java.lang.invoke.Invokers$Holder.linkToTargetMethod(java.lang.Object, java.lang.Object, java.lang.Object, java.lang.Object, java.lang.Object, java.lang.Object, java.lang.Object, java.lang.Object, java.lang.Object, java.lang.Object)'> (0x00000000adbb5988) thrown at [src/hotspot/share/interpreter/linkResolver.cpp, line 773]
Event: 27.268 Thread 0x00000258d4e0c000 Exception <a 'java/lang/IncompatibleClassChangeError'{0x00000000adab7948}: Found class java.lang.Object, but interface was expected> (0x00000000adab7948) thrown at [src/hotspot/share/interpreter/linkResolver.cpp, line 839]
Event: 27.354 Thread 0x00000258d4e07800 Exception <a 'sun/nio/fs/WindowsException'{0x00000000ac841400}> (0x00000000ac841400) thrown at [src/hotspot/share/prims/jni.cpp, line 617]
Event: 27.436 Thread 0x00000258d4e88000 Exception <a 'sun/nio/fs/WindowsException'{0x00000000afd58dc8}> (0x00000000afd58dc8) thrown at [src/hotspot/share/prims/jni.cpp, line 617]

Events (20 events):
Event: 27.274 loading class com/android/tools/r8/internal/f41
Event: 27.274 loading class com/android/tools/r8/internal/f41 done
Event: 27.276 loading class com/android/tools/r8/graph/S0
Event: 27.276 loading class com/android/tools/r8/graph/S0 done
Event: 27.276 loading class com/android/tools/r8/graph/S0
Event: 27.276 loading class com/android/tools/r8/graph/S0 done
Event: 27.276 loading class com/android/tools/r8/graph/S0$a
Event: 27.276 loading class com/android/tools/r8/graph/S0$a done
Event: 27.278 loading class com/android/tools/r8/internal/ZP0
Event: 27.278 loading class com/android/tools/r8/internal/ZP0 done
Event: 27.278 loading class com/android/tools/r8/graph/X0
Event: 27.278 loading class com/android/tools/r8/graph/X0 done
Event: 27.278 loading class com/android/tools/r8/internal/ZP0
Event: 27.278 loading class com/android/tools/r8/internal/ZP0 done
Event: 27.287 Executing VM operation: ICBufferFull
Event: 27.287 Executing VM operation: ICBufferFull done
Event: 27.337 loading class com/android/tools/r8/graph/g0
Event: 27.337 loading class com/android/tools/r8/graph/g0 done
Event: 27.382 Executing VM operation: G1CollectForAllocation
Event: 27.392 Executing VM operation: G1CollectForAllocation done


Dynamic libraries:
0x00007ff799500000 - 0x00007ff79950a000 	C:\Program Files\Android\Android Studio\jbr\bin\java.exe
0x00007ff8bdcf0000 - 0x00007ff8bdf04000 	C:\WINDOWS\SYSTEM32\ntdll.dll
0x00007ff8bbf50000 - 0x00007ff8bc013000 	C:\WINDOWS\System32\KERNEL32.DLL
0x00007ff8bb2a0000 - 0x00007ff8bb63c000 	C:\WINDOWS\System32\KERNELBASE.dll
0x00007ff8bb940000 - 0x00007ff8bba51000 	C:\WINDOWS\System32\ucrtbase.dll
0x00007ff8a62d0000 - 0x00007ff8a62e7000 	C:\Program Files\Android\Android Studio\jbr\bin\jli.dll
0x00007ff87edc0000 - 0x00007ff87eddb000 	C:\Program Files\Android\Android Studio\jbr\bin\VCRUNTIME140.dll
0x00007ff8bd2c0000 - 0x00007ff8bd46d000 	C:\WINDOWS\System32\USER32.dll
0x00007ff8a04b0000 - 0x00007ff8a073e000 	C:\WINDOWS\WinSxS\amd64_microsoft.windows.common-controls_6595b64144ccf1df_6.0.22621.608_none_a9444ca7c10bb01d\COMCTL32.dll
0x00007ff8bb6b0000 - 0x00007ff8bb6d6000 	C:\WINDOWS\System32\win32u.dll
0x00007ff8bcd90000 - 0x00007ff8bce37000 	C:\WINDOWS\System32\msvcrt.dll
0x00007ff8bdc70000 - 0x00007ff8bdc99000 	C:\WINDOWS\System32\GDI32.dll
0x00007ff8bb820000 - 0x00007ff8bb932000 	C:\WINDOWS\System32\gdi32full.dll
0x00007ff8bba60000 - 0x00007ff8bbafa000 	C:\WINDOWS\System32\msvcp_win.dll
0x00007ff8bce40000 - 0x00007ff8bce72000 	C:\WINDOWS\System32\IMM32.DLL
0x00007ff86e4e0000 - 0x00007ff86e56d000 	C:\Program Files\Android\Android Studio\jbr\bin\msvcp140.dll
0x00007ff8a1610000 - 0x00007ff8a161c000 	C:\WINDOWS\SYSTEM32\VCRUNTIME140_1.dll
0x00007ff844240000 - 0x00007ff844dfc000 	C:\Program Files\Android\Android Studio\jbr\bin\server\jvm.dll
0x00007ff8bd640000 - 0x00007ff8bd6ee000 	C:\WINDOWS\System32\ADVAPI32.dll
0x00007ff8bbb00000 - 0x00007ff8bbba4000 	C:\WINDOWS\System32\sechost.dll
0x00007ff8bd520000 - 0x00007ff8bd635000 	C:\WINDOWS\System32\RPCRT4.dll
0x00007ff8bbbb0000 - 0x00007ff8bbbb8000 	C:\WINDOWS\System32\PSAPI.DLL
0x00007ff89f9f0000 - 0x00007ff89f9f9000 	C:\WINDOWS\SYSTEM32\WSOCK32.dll
0x00007ff8afd00000 - 0x00007ff8afd34000 	C:\WINDOWS\SYSTEM32\WINMM.dll
0x00007ff8ae5b0000 - 0x00007ff8ae5ba000 	C:\WINDOWS\SYSTEM32\VERSION.dll
0x00007ff8bce90000 - 0x00007ff8bcf01000 	C:\WINDOWS\System32\WS2_32.dll
0x00007ff8ba140000 - 0x00007ff8ba158000 	C:\WINDOWS\SYSTEM32\kernel.appcore.dll
0x00007ff8ad160000 - 0x00007ff8ad170000 	C:\Program Files\Android\Android Studio\jbr\bin\verify.dll
0x00007ff8b5a30000 - 0x00007ff8b5c5e000 	C:\WINDOWS\SYSTEM32\DBGHELP.DLL
0x00007ff8bc980000 - 0x00007ff8bcd0a000 	C:\WINDOWS\System32\combase.dll
0x00007ff8bbcc0000 - 0x00007ff8bbd97000 	C:\WINDOWS\System32\OLEAUT32.dll
0x00007ff8a1c10000 - 0x00007ff8a1c42000 	C:\WINDOWS\SYSTEM32\dbgcore.DLL
0x00007ff8bb6e0000 - 0x00007ff8bb75b000 	C:\WINDOWS\System32\bcryptPrimitives.dll
0x00007ff89f8f0000 - 0x00007ff89f918000 	C:\Program Files\Android\Android Studio\jbr\bin\java.dll
0x00007ff8a6380000 - 0x00007ff8a638a000 	C:\Program Files\Android\Android Studio\jbr\bin\jimage.dll
0x00007ff8a29e0000 - 0x00007ff8a29f8000 	C:\Program Files\Android\Android Studio\jbr\bin\zip.dll
0x00007ff8bc070000 - 0x00007ff8bc85f000 	C:\WINDOWS\System32\SHELL32.dll
0x00007ff8b90d0000 - 0x00007ff8b9998000 	C:\WINDOWS\SYSTEM32\windows.storage.dll
0x00007ff8b8f90000 - 0x00007ff8b90ce000 	C:\WINDOWS\SYSTEM32\wintypes.dll
0x00007ff8bd1c0000 - 0x00007ff8bd2b1000 	C:\WINDOWS\System32\SHCORE.dll
0x00007ff8bcf10000 - 0x00007ff8bcf6e000 	C:\WINDOWS\System32\shlwapi.dll
0x00007ff8bb060000 - 0x00007ff8bb081000 	C:\WINDOWS\SYSTEM32\profapi.dll
0x00007ff89f950000 - 0x00007ff89f969000 	C:\Program Files\Android\Android Studio\jbr\bin\net.dll
0x00007ff8b20c0000 - 0x00007ff8b21ef000 	C:\WINDOWS\SYSTEM32\WINHTTP.dll
0x00007ff8ba5a0000 - 0x00007ff8ba609000 	C:\WINDOWS\system32\mswsock.dll
0x00007ff89dac0000 - 0x00007ff89dad3000 	C:\Program Files\Android\Android Studio\jbr\bin\nio.dll
0x00007ff8ad1b0000 - 0x00007ff8ad1d7000 	C:\Gradle\native\68d5fa5c4cc2d200863cafc0d521ce42e7d3e7ee720ec0a83991735586a16f82\windows-amd64\native-platform.dll
0x00007ff861d40000 - 0x00007ff861e84000 	C:\Gradle\native\e376f236ea51e6404a007f0833ffe2c6e607c4080706a723a18a27aeea778392\windows-amd64\native-platform-file-events.dll
0x00007ff8a6370000 - 0x00007ff8a637a000 	C:\Program Files\Android\Android Studio\jbr\bin\management.dll
0x00007ff8a16f0000 - 0x00007ff8a16fb000 	C:\Program Files\Android\Android Studio\jbr\bin\management_ext.dll
0x00007ff8ba8c0000 - 0x00007ff8ba8db000 	C:\WINDOWS\SYSTEM32\CRYPTSP.dll
0x00007ff8ba0b0000 - 0x00007ff8ba0e5000 	C:\WINDOWS\system32\rsaenh.dll
0x00007ff8ba640000 - 0x00007ff8ba668000 	C:\WINDOWS\SYSTEM32\USERENV.dll
0x00007ff8baa50000 - 0x00007ff8baa78000 	C:\WINDOWS\SYSTEM32\bcrypt.dll
0x00007ff8ba8a0000 - 0x00007ff8ba8ac000 	C:\WINDOWS\SYSTEM32\CRYPTBASE.dll
0x00007ff8b9be0000 - 0x00007ff8b9c0d000 	C:\WINDOWS\SYSTEM32\IPHLPAPI.DLL
0x00007ff8bce80000 - 0x00007ff8bce89000 	C:\WINDOWS\System32\NSI.dll
0x00007ff8b09f0000 - 0x00007ff8b0a09000 	C:\WINDOWS\SYSTEM32\dhcpcsvc6.DLL
0x00007ff8affb0000 - 0x00007ff8affcf000 	C:\WINDOWS\SYSTEM32\dhcpcsvc.DLL
0x00007ff8b9c10000 - 0x00007ff8b9d03000 	C:\WINDOWS\SYSTEM32\DNSAPI.dll

dbghelp: loaded successfully - version: 4.0.5 - missing functions: none
symbol engine: initialized successfully - sym options: 0x614 - pdb path: .;C:\Program Files\Android\Android Studio\jbr\bin;C:\WINDOWS\SYSTEM32;C:\WINDOWS\WinSxS\amd64_microsoft.windows.common-controls_6595b64144ccf1df_6.0.22621.608_none_a9444ca7c10bb01d;C:\Program Files\Android\Android Studio\jbr\bin\server;C:\Gradle\native\68d5fa5c4cc2d200863cafc0d521ce42e7d3e7ee720ec0a83991735586a16f82\windows-amd64;C:\Gradle\native\e376f236ea51e6404a007f0833ffe2c6e607c4080706a723a18a27aeea778392\windows-amd64

VM Arguments:
jvm_args: --add-opens=java.base/java.util=ALL-UNNAMED --add-opens=java.base/java.lang=ALL-UNNAMED --add-opens=java.base/java.lang.invoke=ALL-UNNAMED --add-opens=java.prefs/java.util.prefs=ALL-UNNAMED --add-opens=java.base/java.nio.charset=ALL-UNNAMED --add-opens=java.base/java.net=ALL-UNNAMED --add-opens=java.base/java.util.concurrent.atomic=ALL-UNNAMED -Xmx1536m -Dfile.encoding=windows-1252 -Duser.country=US -Duser.language=en -Duser.variant 
java_command: org.gradle.launcher.daemon.bootstrap.GradleDaemon 7.6
java_class_path (initial): C:\Gradle\wrapper\dists\gradle-7.6-bin\9l9tetv7ltxvx3i8an4pb86ye\gradle-7.6\lib\gradle-launcher-7.6.jar
Launcher Type: SUN_STANDARD

[Global flags]
     intx CICompilerCount                          = 4                                         {product} {ergonomic}
     uint ConcGCThreads                            = 2                                         {product} {ergonomic}
     uint G1ConcRefinementThreads                  = 8                                         {product} {ergonomic}
   size_t G1HeapRegionSize                         = 1048576                                   {product} {ergonomic}
    uintx GCDrainStackTargetSize                   = 64                                        {product} {ergonomic}
   size_t InitialHeapSize                          = 132120576                                 {product} {ergonomic}
   size_t MarkStackSize                            = 4194304                                   {product} {ergonomic}
   size_t MaxHeapSize                              = 1610612736                                {product} {command line}
   size_t MaxNewSize                               = 965738496                                 {product} {ergonomic}
   size_t MinHeapDeltaBytes                        = 1048576                                   {product} {ergonomic}
    uintx NonNMethodCodeHeapSize                   = 5836300                                {pd product} {ergonomic}
    uintx NonProfiledCodeHeapSize                  = 122910970                              {pd product} {ergonomic}
    uintx ProfiledCodeHeapSize                     = 122910970                              {pd product} {ergonomic}
    uintx ReservedCodeCacheSize                    = 251658240                              {pd product} {ergonomic}
     bool SegmentedCodeCache                       = true                                      {product} {ergonomic}
     bool UseCompressedClassPointers               = true                                 {lp64_product} {ergonomic}
     bool UseCompressedOops                        = true                                 {lp64_product} {ergonomic}
     bool UseG1GC                                  = true                                      {product} {ergonomic}
     bool UseLargePagesIndividualAllocation        = false                                  {pd product} {ergonomic}

Logging:
Log output configuration:
 #0: stdout all=warning uptime,level,tags
 #1: stderr all=off uptime,level,tags

Environment Variables:
JAVA_HOME=C:\Program Files\Java\jdk-11.0.17
PATH=C:\Program Files\Microsoft\jdk-17.0.6.10-hotspot\bin;C:\Users\x42v9\OracleDB19c\bin;C:\Users\x42v9\OracleDB_19c\bin;C:\Users\x42v9\OneDrive\Desktop\OracleDB_19c\bin;C:\Users\x42v9\OneDrive\Desktop\WINDOWS.X64_193000_db_home\bin;C:\Program Files\Microsoft MPI\Bin\;C:\Program Files\Common Files\Oracle\Java\javapath;C:\Program Files (x86)\Common Files\Oracle\Java\javapath;C:\WINDOWS\system32;C:\WINDOWS;C:\WINDOWS\System32\Wbem;C:\WINDOWS\System32\WindowsPowerShell\v1.0\;C:\WINDOWS\System32\OpenSSH\;C:\ProgramData\chocolatey\bin;C:\Program Files\Microsoft SQL Server\150\Tools\Binn\;C:\Program Files\Microsoft SQL Server\Client SDK\ODBC\170\Tools\Binn\;C:\Go\bin;C:\Program Files\dotnet\;c:\Program Files (x86)\Microsoft SQL Server\100\Tools\Binn\;c:\Program Files (x86)\Microsoft SQL Server\100\DTS\Binn\;c:\Program Files (x86)\Microsoft SQL Server\100\Tools\Binn\VSShell\Common7\IDE\;C:\Program Files (x86)\Microsoft SQL Server\150\Tools\Binn\;C:\Program Files\Microsoft SQL Server\150\DTS\Binn\;C:\Program Files\nodejs\;C:\WINDOWS\system32;C:\WINDOWS;C:\WINDOWS\System32\Wbem;C:\WINDOWS\System32\WindowsPowerShell\v1.0\;C:\WINDOWS\System32\OpenSSH\;C:\Program Files\Git\cmd;C:\Gradle\gradle-7.6\bin;C:\Users\x42v9\.android\avd;C:\android-sdk\platform-tools;C:\Program Files\emacs-28.2\bin;C:\Program Files\MySQL\MySQL Server 8.0\bin;C:\tools\neovim\nvim-win64\bin;C:\Users\x42v9\SQLite\bin;C:\Program Files\Cloudflare\Cloudflare WARP\;C:\Users\x42v9\AppData\Local\Programs\Python\Python310;C:\Users\x42v9\AppData\Local\Programs\Python\Python310\Scripts;C:\Program Files\pdfjam\bin\pdflatex.exe;C:\Program Files\Azure Data Studio\bin;C:\Program Files\Docker\Docker\resources\bin;C:\android-sdk\cmdline-tools\latest\bin;C:\android-sdk\emulator\bin64;C:\android-sdk\tools\bin;C:\Program Files\Java\jdk-11.0.17\bin;C:\Program Files\MySQL\MySQL Shell 8.0\bin\;C:\Users\x42v9\.cargo\bin;C:\Users\x42v9\AppData\Local\Programs\Python\Python310\Scripts\;C:\Users\x42v9\AppData\Local\Programs\Python\Pyt
USERNAME=x42v9
OS=Windows_NT
PROCESSOR_IDENTIFIER=Intel64 Family 6 Model 142 Stepping 12, GenuineIntel



---------------  S Y S T E M  ---------------

OS: Windows 11 , 64 bit Build 22621 (10.0.22621.1194)
OS uptime: 0 days 4:14 hours
Hyper-V role detected

CPU:total 8 (initial active 8) (4 cores per cpu, 2 threads per core) family 6 model 142 stepping 12 microcode 0xde, cmov, cx8, fxsr, mmx, sse, sse2, sse3, ssse3, sse4.1, sse4.2, popcnt, avx, avx2, aes, clmul, erms, 3dnowpref, lzcnt, ht, tsc, tscinvbit, bmi1, bmi2, adx, fma

Memory: 4k page, system-wide physical 7990M (440M free)
TotalPageFile size 18511M (AvailPageFile size 4M)
current process WorkingSet (physical memory assigned to process): 564M, peak: 564M
current process commit charge ("private bytes"): 665M, peak: 667M

vm_info: OpenJDK 64-Bit Server VM (11.0.15+0-b2043.56-8887301) for windows-amd64 JRE (11.0.15+0-b2043.56-8887301), built on Jul 29 2022 23:19:47 by "builduser" with unknown MS VC++:1929

END.
